2022-12-06 13:03:40,902 INFO impl.MetricsConfig: Loaded properties from hadoop-metrics2.properties
2022-12-06 13:03:40,965 INFO impl.MetricsSystemImpl: Scheduled Metric snapshot period at 10 second(s).
2022-12-06 13:03:40,965 INFO impl.MetricsSystemImpl: JobTracker metrics system started
2022-12-06 13:03:41,018 WARN mapreduce.JobResourceUploader: Hadoop command-line option parsing not performed. Implement the Tool interface and execute your application with ToolRunner to remedy this.
2022-12-06 13:03:41,102 INFO input.FileInputFormat: Total input files to process : 1
2022-12-06 13:03:41,126 INFO input.FileInputFormat: Total input files to process : 1
2022-12-06 13:03:41,127 INFO input.FileInputFormat: Total input files to process : 1
2022-12-06 13:03:41,135 INFO mapreduce.JobSubmitter: number of splits:3
2022-12-06 13:03:41,263 INFO mapreduce.JobSubmitter: Submitting tokens for job: job_local66611368_0001
2022-12-06 13:03:41,263 INFO mapreduce.JobSubmitter: Executing with tokens: []
2022-12-06 13:03:41,355 INFO mapreduce.Job: The url to track the job: http://localhost:8080/
2022-12-06 13:03:41,356 INFO mapreduce.Job: Running job: job_local66611368_0001
2022-12-06 13:03:41,364 INFO mapred.LocalJobRunner: OutputCommitter set in config null
2022-12-06 13:03:41,372 INFO output.FileOutputCommitter: File Output Committer Algorithm version is 2
2022-12-06 13:03:41,372 INFO output.FileOutputCommitter: FileOutputCommitter skip cleanup _temporary folders under output directory:false, ignore cleanup failures: false
2022-12-06 13:03:41,373 INFO mapred.LocalJobRunner: OutputCommitter is org.apache.hadoop.mapreduce.lib.output.FileOutputCommitter
2022-12-06 13:03:41,432 INFO mapred.LocalJobRunner: Waiting for map tasks
2022-12-06 13:03:41,433 INFO mapred.LocalJobRunner: Starting task: attempt_local66611368_0001_m_000000_0
2022-12-06 13:03:41,449 INFO output.FileOutputCommitter: File Output Committer Algorithm version is 2
2022-12-06 13:03:41,449 INFO output.FileOutputCommitter: FileOutputCommitter skip cleanup _temporary folders under output directory:false, ignore cleanup failures: false
2022-12-06 13:03:41,480 INFO mapred.Task:  Using ResourceCalculatorProcessTree : [ ]
2022-12-06 13:03:41,483 INFO mapred.MapTask: Processing split: file:/home/apingili/DB2/Project3/one/title.basics.tsv:0+778970108
2022-12-06 13:03:41,501 INFO mapred.MapTask: (EQUATOR) 0 kvi 26214396(104857584)
2022-12-06 13:03:41,501 INFO mapred.MapTask: mapreduce.task.io.sort.mb: 100
2022-12-06 13:03:41,501 INFO mapred.MapTask: soft limit at 83886080
2022-12-06 13:03:41,501 INFO mapred.MapTask: bufstart = 0; bufvoid = 104857600
2022-12-06 13:03:41,501 INFO mapred.MapTask: kvstart = 26214396; length = 6553600
2022-12-06 13:03:41,504 INFO mapred.MapTask: Map output collector class = org.apache.hadoop.mapred.MapTask$MapOutputBuffer
2022-12-06 13:03:42,369 INFO mapreduce.Job: Job job_local66611368_0001 running in uber mode : false
2022-12-06 13:03:42,370 INFO mapreduce.Job:  map 0% reduce 0%
2022-12-06 13:03:47,013 INFO mapred.MapTask: Spilling map output
2022-12-06 13:03:47,013 INFO mapred.MapTask: bufstart = 0; bufend = 68683106; bufvoid = 104857600
2022-12-06 13:03:47,013 INFO mapred.MapTask: kvstart = 26214396(104857584); kvend = 22413640(89654560); length = 3800757/6553600
2022-12-06 13:03:47,013 INFO mapred.MapTask: (EQUATOR) 72496082 kvi 18124016(72496064)
2022-12-06 13:03:47,736 INFO mapred.MapTask: Finished spill 0
2022-12-06 13:03:47,737 INFO mapred.MapTask: (RESET) equator 72496082 kv 18124016(72496064) kvi 17710896(70843584)
2022-12-06 13:03:52,039 INFO mapred.MapTask: Spilling map output
2022-12-06 13:03:52,039 INFO mapred.MapTask: bufstart = 72496082; bufend = 36731251; bufvoid = 104857600
2022-12-06 13:03:52,039 INFO mapred.MapTask: kvstart = 18124016(72496064); kvend = 14425684(57702736); length = 3698333/6553600
2022-12-06 13:03:52,039 INFO mapred.MapTask: (EQUATOR) 40501395 kvi 10125344(40501376)
2022-12-06 13:03:52,709 INFO mapred.MapTask: Finished spill 1
2022-12-06 13:03:52,709 INFO mapred.MapTask: (RESET) equator 40501395 kv 10125344(40501376) kvi 9733564(38934256)
2022-12-06 13:03:53,462 INFO mapred.LocalJobRunner: map > map
2022-12-06 13:03:54,377 INFO mapreduce.Job:  map 5% reduce 0%
2022-12-06 13:03:57,048 INFO mapred.MapTask: Spilling map output
2022-12-06 13:03:57,048 INFO mapred.MapTask: bufstart = 40501395; bufend = 4814979; bufvoid = 104857600
2022-12-06 13:03:57,048 INFO mapred.MapTask: kvstart = 10125344(40501376); kvend = 6446600(25786400); length = 3678745/6553600
2022-12-06 13:03:57,048 INFO mapred.MapTask: (EQUATOR) 8543219 kvi 2135800(8543200)
2022-12-06 13:03:57,683 INFO mapred.MapTask: Finished spill 2
2022-12-06 13:03:57,683 INFO mapred.MapTask: (RESET) equator 8543219 kv 2135800(8543200) kvi 1759120(7036480)
2022-12-06 13:03:59,462 INFO mapred.LocalJobRunner: map > map
2022-12-06 13:04:00,380 INFO mapreduce.Job:  map 8% reduce 0%
2022-12-06 13:04:02,024 INFO mapred.MapTask: Spilling map output
2022-12-06 13:04:02,024 INFO mapred.MapTask: bufstart = 8543219; bufend = 77741836; bufvoid = 104857600
2022-12-06 13:04:02,024 INFO mapred.MapTask: kvstart = 2135800(8543200); kvend = 24678328(98713312); length = 3671873/6553600
2022-12-06 13:04:02,024 INFO mapred.MapTask: (EQUATOR) 81470092 kvi 20367516(81470064)
2022-12-06 13:04:02,659 INFO mapred.MapTask: Finished spill 3
2022-12-06 13:04:02,659 INFO mapred.MapTask: (RESET) equator 81470092 kv 20367516(81470064) kvi 19977200(79908800)
2022-12-06 13:04:05,463 INFO mapred.LocalJobRunner: map > map
2022-12-06 13:04:06,382 INFO mapreduce.Job:  map 11% reduce 0%
2022-12-06 13:04:06,921 INFO mapred.MapTask: Spilling map output
2022-12-06 13:04:06,921 INFO mapred.MapTask: bufstart = 81470092; bufend = 45763720; bufvoid = 104857600
2022-12-06 13:04:06,921 INFO mapred.MapTask: kvstart = 20367516(81470064); kvend = 16683800(66735200); length = 3683717/6553600
2022-12-06 13:04:06,921 INFO mapred.MapTask: (EQUATOR) 49491976 kvi 12372988(49491952)
2022-12-06 13:04:07,553 INFO mapred.MapTask: Finished spill 4
2022-12-06 13:04:07,553 INFO mapred.MapTask: (RESET) equator 49491976 kv 12372988(49491952) kvi 11988820(47955280)
2022-12-06 13:04:11,465 INFO mapred.LocalJobRunner: map > map
2022-12-06 13:04:11,823 INFO mapred.MapTask: Spilling map output
2022-12-06 13:04:11,823 INFO mapred.MapTask: bufstart = 49491976; bufend = 13915504; bufvoid = 104857600
2022-12-06 13:04:11,823 INFO mapred.MapTask: kvstart = 12372988(49491952); kvend = 8721748(34886992); length = 3651241/6553600
2022-12-06 13:04:11,823 INFO mapred.MapTask: (EQUATOR) 17643760 kvi 4410936(17643744)
2022-12-06 13:04:12,384 INFO mapreduce.Job:  map 13% reduce 0%
2022-12-06 13:04:12,436 INFO mapred.MapTask: Finished spill 5
2022-12-06 13:04:12,436 INFO mapred.MapTask: (RESET) equator 17643760 kv 4410936(17643744) kvi 4035672(16142688)
2022-12-06 13:04:16,778 INFO mapred.MapTask: Spilling map output
2022-12-06 13:04:16,779 INFO mapred.MapTask: bufstart = 17643760; bufend = 86698919; bufvoid = 104857600
2022-12-06 13:04:16,779 INFO mapred.MapTask: kvstart = 4410936(17643744); kvend = 703188(2812752); length = 3707749/6553600
2022-12-06 13:04:16,779 INFO mapred.MapTask: (EQUATOR) 90427159 kvi 22606784(90427136)
2022-12-06 13:04:17,365 INFO mapred.MapTask: Finished spill 6
2022-12-06 13:04:17,365 INFO mapred.MapTask: (RESET) equator 90427159 kv 22606784(90427136) kvi 22243704(88974816)
2022-12-06 13:04:17,465 INFO mapred.LocalJobRunner: map > map
2022-12-06 13:04:18,386 INFO mapreduce.Job:  map 16% reduce 0%
2022-12-06 13:04:21,731 INFO mapred.MapTask: Spilling map output
2022-12-06 13:04:21,731 INFO mapred.MapTask: bufstart = 90427159; bufend = 54600045; bufvoid = 104857600
2022-12-06 13:04:21,731 INFO mapred.MapTask: kvstart = 22606784(90427136); kvend = 18892880(75571520); length = 3713905/6553600
2022-12-06 13:04:21,731 INFO mapred.MapTask: (EQUATOR) 58328301 kvi 14582068(58328272)
2022-12-06 13:04:22,311 INFO mapred.MapTask: Finished spill 7
2022-12-06 13:04:22,311 INFO mapred.MapTask: (RESET) equator 58328301 kv 14582068(58328272) kvi 14223724(56894896)
2022-12-06 13:04:23,466 INFO mapred.LocalJobRunner: map > map
2022-12-06 13:04:24,388 INFO mapreduce.Job:  map 19% reduce 0%
2022-12-06 13:04:26,670 INFO mapred.MapTask: Spilling map output
2022-12-06 13:04:26,670 INFO mapred.MapTask: bufstart = 58328301; bufend = 22507405; bufvoid = 104857600
2022-12-06 13:04:26,670 INFO mapred.MapTask: kvstart = 14582068(58328272); kvend = 10869732(43478928); length = 3712337/6553600
2022-12-06 13:04:26,670 INFO mapred.MapTask: (EQUATOR) 26235661 kvi 6558908(26235632)
2022-12-06 13:04:27,255 INFO mapred.MapTask: Finished spill 8
2022-12-06 13:04:27,255 INFO mapred.MapTask: (RESET) equator 26235661 kv 6558908(26235632) kvi 6191200(24764800)
2022-12-06 13:04:29,466 INFO mapred.LocalJobRunner: map > map
2022-12-06 13:04:30,389 INFO mapreduce.Job:  map 22% reduce 0%
2022-12-06 13:04:30,750 INFO mapred.LocalJobRunner: map > map
2022-12-06 13:04:30,750 INFO mapred.MapTask: Starting flush of map output
2022-12-06 13:04:30,750 INFO mapred.MapTask: Spilling map output
2022-12-06 13:04:30,750 INFO mapred.MapTask: bufstart = 26235661; bufend = 82894230; bufvoid = 104857600
2022-12-06 13:04:30,750 INFO mapred.MapTask: kvstart = 6558908(26235632); kvend = 3480060(13920240); length = 3078849/6553600
2022-12-06 13:04:31,154 INFO mapred.MapTask: Finished spill 9
2022-12-06 13:04:31,162 INFO mapred.Merger: Merging 10 sorted segments
2022-12-06 13:04:31,167 INFO mapred.Merger: Down to the last merge-pass, with 10 segments left of total size: 696600904 bytes
2022-12-06 13:04:35,468 INFO mapred.LocalJobRunner: map > sort > 
2022-12-06 13:04:36,264 INFO mapred.Task: Task:attempt_local66611368_0001_m_000000_0 is done. And is in the process of committing
2022-12-06 13:04:36,266 INFO mapred.LocalJobRunner: map > sort
2022-12-06 13:04:36,266 INFO mapred.Task: Task 'attempt_local66611368_0001_m_000000_0' done.
2022-12-06 13:04:36,273 INFO mapred.Task: Final Counters for attempt_local66611368_0001_m_000000_0: Counters: 17
	File System Counters
		FILE: Number of bytes read=1475581838
		FILE: Number of bytes written=1393754521
		FILE: Number of read operations=0
		FILE: Number of large read operations=0
		FILE: Number of write operations=0
	Map-Reduce Framework
		Map input records=9099385
		Map output records=9099384
		Map output bytes=678358950
		Map output materialized bytes=696600970
		Input split bytes=246
		Combine input records=0
		Spilled Records=18198768
		Failed Shuffles=0
		Merged Map outputs=0
		GC time elapsed (ms)=242
		Total committed heap usage (bytes)=3762290688
	File Input Format Counters 
		Bytes Read=0
2022-12-06 13:04:36,273 INFO mapred.LocalJobRunner: Finishing task: attempt_local66611368_0001_m_000000_0
2022-12-06 13:04:36,274 INFO mapred.LocalJobRunner: Starting task: attempt_local66611368_0001_m_000001_0
2022-12-06 13:04:36,275 INFO output.FileOutputCommitter: File Output Committer Algorithm version is 2
2022-12-06 13:04:36,275 INFO output.FileOutputCommitter: FileOutputCommitter skip cleanup _temporary folders under output directory:false, ignore cleanup failures: false
2022-12-06 13:04:36,276 INFO mapred.Task:  Using ResourceCalculatorProcessTree : [ ]
2022-12-06 13:04:36,277 INFO mapred.MapTask: Processing split: file:/home/apingili/DB2/Project3/one/imdb00-title-actors.csv:0+699254716
2022-12-06 13:04:36,288 INFO mapred.MapTask: (EQUATOR) 0 kvi 26214396(104857584)
2022-12-06 13:04:36,289 INFO mapred.MapTask: mapreduce.task.io.sort.mb: 100
2022-12-06 13:04:36,289 INFO mapred.MapTask: soft limit at 83886080
2022-12-06 13:04:36,289 INFO mapred.MapTask: bufstart = 0; bufvoid = 104857600
2022-12-06 13:04:36,289 INFO mapred.MapTask: kvstart = 26214396; length = 6553600
2022-12-06 13:04:36,289 INFO mapred.MapTask: Map output collector class = org.apache.hadoop.mapred.MapTask$MapOutputBuffer
2022-12-06 13:04:36,392 INFO mapreduce.Job:  map 100% reduce 0%
2022-12-06 13:04:40,246 INFO mapred.MapTask: Spilling map output
2022-12-06 13:04:40,247 INFO mapred.MapTask: bufstart = 0; bufend = 64050651; bufvoid = 104857600
2022-12-06 13:04:40,247 INFO mapred.MapTask: kvstart = 26214396(104857584); kvend = 21255532(85022128); length = 4958865/6553600
2022-12-06 13:04:40,247 INFO mapred.MapTask: (EQUATOR) 69058747 kvi 17264680(69058720)
2022-12-06 13:04:41,537 INFO mapred.MapTask: Finished spill 0
2022-12-06 13:04:41,538 INFO mapred.MapTask: (RESET) equator 69058747 kv 17264680(69058720) kvi 16099092(64396368)
2022-12-06 13:04:44,375 INFO mapred.MapTask: Spilling map output
2022-12-06 13:04:44,376 INFO mapred.MapTask: bufstart = 69058747; bufend = 28314604; bufvoid = 104857600
2022-12-06 13:04:44,376 INFO mapred.MapTask: kvstart = 17264680(69058720); kvend = 12321524(49286096); length = 4943157/6553600
2022-12-06 13:04:44,376 INFO mapred.MapTask: (EQUATOR) 33322716 kvi 8330672(33322688)
2022-12-06 13:04:45,834 INFO mapred.MapTask: Finished spill 1
2022-12-06 13:04:45,834 INFO mapred.MapTask: (RESET) equator 33322716 kv 8330672(33322688) kvi 7192896(28771584)
2022-12-06 13:04:48,278 INFO mapred.LocalJobRunner: map > map
2022-12-06 13:04:48,396 INFO mapreduce.Job:  map 37% reduce 0%
2022-12-06 13:04:48,759 INFO mapred.MapTask: Spilling map output
2022-12-06 13:04:48,759 INFO mapred.MapTask: bufstart = 33322716; bufend = 97463388; bufvoid = 104857600
2022-12-06 13:04:48,759 INFO mapred.MapTask: kvstart = 8330672(33322688); kvend = 3394324(13577296); length = 4936349/6553600
2022-12-06 13:04:48,760 INFO mapred.MapTask: (EQUATOR) 102471500 kvi 25617868(102471472)
2022-12-06 13:04:50,059 INFO mapred.MapTask: Finished spill 2
2022-12-06 13:04:50,060 INFO mapred.MapTask: (RESET) equator 102471500 kv 25617868(102471472) kvi 24529724(98118896)
2022-12-06 13:04:53,357 INFO mapred.MapTask: Spilling map output
2022-12-06 13:04:53,358 INFO mapred.MapTask: bufstart = 102471500; bufend = 61658595; bufvoid = 104857600
2022-12-06 13:04:53,358 INFO mapred.MapTask: kvstart = 25617868(102471472); kvend = 20657532(82630128); length = 4960337/6553600
2022-12-06 13:04:53,358 INFO mapred.MapTask: (EQUATOR) 66666707 kvi 16666672(66666688)
2022-12-06 13:04:54,279 INFO mapred.LocalJobRunner: map > map
2022-12-06 13:04:54,398 INFO mapreduce.Job:  map 39% reduce 0%
2022-12-06 13:04:54,710 INFO mapred.MapTask: Finished spill 3
2022-12-06 13:04:54,710 INFO mapred.MapTask: (RESET) equator 66666707 kv 16666672(66666688) kvi 15527676(62110704)
2022-12-06 13:04:58,062 INFO mapred.MapTask: Spilling map output
2022-12-06 13:04:58,062 INFO mapred.MapTask: bufstart = 66666707; bufend = 25865101; bufvoid = 104857600
2022-12-06 13:04:58,062 INFO mapred.MapTask: kvstart = 16666672(66666688); kvend = 11709144(46836576); length = 4957529/6553600
2022-12-06 13:04:58,062 INFO mapred.MapTask: (EQUATOR) 30873197 kvi 7718292(30873168)
2022-12-06 13:04:59,429 INFO mapred.MapTask: Finished spill 4
2022-12-06 13:04:59,430 INFO mapred.MapTask: (RESET) equator 30873197 kv 7718292(30873168) kvi 6530236(26120944)
2022-12-06 13:05:00,281 INFO mapred.LocalJobRunner: map > map
2022-12-06 13:05:00,400 INFO mapreduce.Job:  map 41% reduce 0%
2022-12-06 13:05:02,384 INFO mapred.MapTask: Spilling map output
2022-12-06 13:05:02,384 INFO mapred.MapTask: bufstart = 30873197; bufend = 94923864; bufvoid = 104857600
2022-12-06 13:05:02,384 INFO mapred.MapTask: kvstart = 7718292(30873168); kvend = 2759440(11037760); length = 4958853/6553600
2022-12-06 13:05:02,384 INFO mapred.MapTask: (EQUATOR) 99931976 kvi 24982988(99931952)
2022-12-06 13:05:03,737 INFO mapred.MapTask: Finished spill 5
2022-12-06 13:05:03,737 INFO mapred.MapTask: (RESET) equator 99931976 kv 24982988(99931952) kvi 23783700(95134800)
2022-12-06 13:05:06,282 INFO mapred.LocalJobRunner: map > map
2022-12-06 13:05:06,402 INFO mapreduce.Job:  map 43% reduce 0%
2022-12-06 13:05:06,653 INFO mapred.MapTask: Spilling map output
2022-12-06 13:05:06,653 INFO mapred.MapTask: bufstart = 99931976; bufend = 59297207; bufvoid = 104857600
2022-12-06 13:05:06,653 INFO mapred.MapTask: kvstart = 24982988(99931952); kvend = 20067180(80268720); length = 4915809/6553600
2022-12-06 13:05:06,653 INFO mapred.MapTask: (EQUATOR) 64305319 kvi 16076324(64305296)
2022-12-06 13:05:07,996 INFO mapred.MapTask: Finished spill 6
2022-12-06 13:05:07,996 INFO mapred.MapTask: (RESET) equator 64305319 kv 16076324(64305296) kvi 14894740(59578960)
2022-12-06 13:05:10,885 INFO mapred.MapTask: Spilling map output
2022-12-06 13:05:10,885 INFO mapred.MapTask: bufstart = 64305319; bufend = 23941067; bufvoid = 104857600
2022-12-06 13:05:10,885 INFO mapred.MapTask: kvstart = 16076324(64305296); kvend = 11228136(44912544); length = 4848189/6553600
2022-12-06 13:05:10,885 INFO mapred.MapTask: (EQUATOR) 28949163 kvi 7237284(28949136)
2022-12-06 13:05:12,216 INFO mapred.MapTask: Finished spill 7
2022-12-06 13:05:12,216 INFO mapred.MapTask: (RESET) equator 28949163 kv 7237284(28949136) kvi 6061332(24245328)
2022-12-06 13:05:12,282 INFO mapred.LocalJobRunner: map > map
2022-12-06 13:05:12,403 INFO mapreduce.Job:  map 45% reduce 0%
2022-12-06 13:05:15,129 INFO mapred.MapTask: Spilling map output
2022-12-06 13:05:15,129 INFO mapred.MapTask: bufstart = 28949163; bufend = 93426151; bufvoid = 104857600
2022-12-06 13:05:15,129 INFO mapred.MapTask: kvstart = 7237284(28949136); kvend = 2385020(9540080); length = 4852265/6553600
2022-12-06 13:05:15,129 INFO mapred.MapTask: (EQUATOR) 98360615 kvi 24590148(98360592)
2022-12-06 13:05:16,480 INFO mapred.MapTask: Finished spill 8
2022-12-06 13:05:16,481 INFO mapred.MapTask: (RESET) equator 98360615 kv 24590148(98360592) kvi 23407628(93630512)
2022-12-06 13:05:18,283 INFO mapred.LocalJobRunner: map > map
2022-12-06 13:05:18,404 INFO mapreduce.Job:  map 47% reduce 0%
2022-12-06 13:05:19,409 INFO mapred.MapTask: Spilling map output
2022-12-06 13:05:19,409 INFO mapred.MapTask: bufstart = 98360615; bufend = 57703358; bufvoid = 104857600
2022-12-06 13:05:19,409 INFO mapred.MapTask: kvstart = 24590148(98360592); kvend = 19668720(78674880); length = 4921429/6553600
2022-12-06 13:05:19,409 INFO mapred.MapTask: (EQUATOR) 62637822 kvi 15659448(62637792)
2022-12-06 13:05:20,763 INFO mapred.MapTask: Finished spill 9
2022-12-06 13:05:20,763 INFO mapred.MapTask: (RESET) equator 62637822 kv 15659448(62637792) kvi 14460400(57841600)
2022-12-06 13:05:23,721 INFO mapred.MapTask: Spilling map output
2022-12-06 13:05:23,721 INFO mapred.MapTask: bufstart = 62637822; bufend = 21881986; bufvoid = 104857592
2022-12-06 13:05:23,721 INFO mapred.MapTask: kvstart = 15659448(62637792); kvend = 10713376(42853504); length = 4946073/6553600
2022-12-06 13:05:23,721 INFO mapred.MapTask: (EQUATOR) 26816450 kvi 6704108(26816432)
2022-12-06 13:05:24,284 INFO mapred.LocalJobRunner: map > map
2022-12-06 13:05:24,406 INFO mapreduce.Job:  map 48% reduce 0%
2022-12-06 13:05:25,140 INFO mapred.MapTask: Finished spill 10
2022-12-06 13:05:25,140 INFO mapred.MapTask: (RESET) equator 26816450 kv 6704108(26816432) kvi 5545164(22180656)
2022-12-06 13:05:28,246 INFO mapred.MapTask: Spilling map output
2022-12-06 13:05:28,246 INFO mapred.MapTask: bufstart = 26816450; bufend = 90893399; bufvoid = 104857600
2022-12-06 13:05:28,246 INFO mapred.MapTask: kvstart = 6704108(26816432); kvend = 1751824(7007296); length = 4952285/6553600
2022-12-06 13:05:28,246 INFO mapred.MapTask: (EQUATOR) 95827863 kvi 23956960(95827840)
2022-12-06 13:05:29,706 INFO mapred.MapTask: Finished spill 11
2022-12-06 13:05:29,706 INFO mapred.MapTask: (RESET) equator 95827863 kv 23956960(95827840) kvi 22911500(91646000)
2022-12-06 13:05:30,285 INFO mapred.LocalJobRunner: map > map
2022-12-06 13:05:30,409 INFO mapreduce.Job:  map 50% reduce 0%
2022-12-06 13:05:32,794 INFO mapred.MapTask: Spilling map output
2022-12-06 13:05:32,794 INFO mapred.MapTask: bufstart = 95827863; bufend = 55125876; bufvoid = 104857600
2022-12-06 13:05:32,794 INFO mapred.MapTask: kvstart = 23956960(95827840); kvend = 19024348(76097392); length = 4932613/6553600
2022-12-06 13:05:32,794 INFO mapred.MapTask: (EQUATOR) 60060340 kvi 15015080(60060320)
2022-12-06 13:05:34,241 INFO mapred.MapTask: Finished spill 12
2022-12-06 13:05:34,242 INFO mapred.MapTask: (RESET) equator 60060340 kv 15015080(60060320) kvi 13961988(55847952)
2022-12-06 13:05:36,286 INFO mapred.LocalJobRunner: map > map
2022-12-06 13:05:36,410 INFO mapreduce.Job:  map 52% reduce 0%
2022-12-06 13:05:37,337 INFO mapred.MapTask: Spilling map output
2022-12-06 13:05:37,337 INFO mapred.MapTask: bufstart = 60060340; bufend = 19392615; bufvoid = 104857600
2022-12-06 13:05:37,337 INFO mapred.MapTask: kvstart = 15015080(60060320); kvend = 10091024(40364096); length = 4924057/6553600
2022-12-06 13:05:37,337 INFO mapred.MapTask: (EQUATOR) 24327063 kvi 6081760(24327040)
2022-12-06 13:05:38,759 INFO mapred.MapTask: Finished spill 13
2022-12-06 13:05:38,759 INFO mapred.MapTask: (RESET) equator 24327063 kv 6081760(24327040) kvi 5079296(20317184)
2022-12-06 13:05:41,870 INFO mapred.MapTask: Spilling map output
2022-12-06 13:05:41,870 INFO mapred.MapTask: bufstart = 24327063; bufend = 88478565; bufvoid = 104857600
2022-12-06 13:05:41,870 INFO mapred.MapTask: kvstart = 6081760(24327040); kvend = 1148116(4592464); length = 4933645/6553600
2022-12-06 13:05:41,870 INFO mapred.MapTask: (EQUATOR) 93413029 kvi 23353252(93413008)
2022-12-06 13:05:42,286 INFO mapred.LocalJobRunner: map > map
2022-12-06 13:05:42,412 INFO mapreduce.Job:  map 54% reduce 0%
2022-12-06 13:05:43,301 INFO mapred.MapTask: Finished spill 14
2022-12-06 13:05:43,301 INFO mapred.MapTask: (RESET) equator 93413029 kv 23353252(93413008) kvi 22328756(89315024)
2022-12-06 13:05:46,409 INFO mapred.MapTask: Spilling map output
2022-12-06 13:05:46,409 INFO mapred.MapTask: bufstart = 93413029; bufend = 52761994; bufvoid = 104857599
2022-12-06 13:05:46,409 INFO mapred.MapTask: kvstart = 23353252(93413008); kvend = 18433376(73733504); length = 4919877/6553600
2022-12-06 13:05:46,409 INFO mapred.MapTask: (EQUATOR) 57696458 kvi 14424108(57696432)
2022-12-06 13:05:47,951 INFO mapred.MapTask: Finished spill 15
2022-12-06 13:05:47,951 INFO mapred.MapTask: (RESET) equator 57696458 kv 14424108(57696432) kvi 13287996(53151984)
2022-12-06 13:05:48,286 INFO mapred.LocalJobRunner: map > map
2022-12-06 13:05:48,311 INFO mapred.LocalJobRunner: map > map
2022-12-06 13:05:48,312 INFO mapred.MapTask: Starting flush of map output
2022-12-06 13:05:48,312 INFO mapred.MapTask: Spilling map output
2022-12-06 13:05:48,312 INFO mapred.MapTask: bufstart = 57696458; bufend = 78512986; bufvoid = 104857600
2022-12-06 13:05:48,312 INFO mapred.MapTask: kvstart = 14424108(57696432); kvend = 12827580(51310320); length = 1596529/6553600
2022-12-06 13:05:48,413 INFO mapreduce.Job:  map 56% reduce 0%
2022-12-06 13:05:48,620 INFO mapred.MapTask: Finished spill 16
2022-12-06 13:05:48,624 INFO mapred.Merger: Merging 17 sorted segments
2022-12-06 13:05:48,626 INFO mapred.Merger: Merging 8 intermediate segments out of a total of 17
2022-12-06 13:05:53,553 INFO mapred.Merger: Down to the last merge-pass, with 10 segments left of total size: 1087777393 bytes
2022-12-06 13:05:54,288 INFO mapred.LocalJobRunner: map > sort > 
2022-12-06 13:05:54,414 INFO mapreduce.Job:  map 60% reduce 0%
2022-12-06 13:06:00,289 INFO mapred.LocalJobRunner: map > sort > 
2022-12-06 13:06:00,415 INFO mapreduce.Job:  map 64% reduce 0%
2022-12-06 13:06:04,863 INFO mapred.Task: Task:attempt_local66611368_0001_m_000001_0 is done. And is in the process of committing
2022-12-06 13:06:04,866 INFO mapred.LocalJobRunner: map > sort
2022-12-06 13:06:04,866 INFO mapred.Task: Task 'attempt_local66611368_0001_m_000001_0' done.
2022-12-06 13:06:04,867 INFO mapred.Task: Final Counters for attempt_local66611368_0001_m_000001_0: Counters: 17
	File System Counters
		FILE: Number of bytes read=3750062343
		FILE: Number of bytes written=4056756968
		FILE: Number of read operations=0
		FILE: Number of large read operations=0
		FILE: Number of write operations=0
	Map-Reduce Framework
		Map input records=20114478
		Map output records=20114478
		Map output bytes=1047548433
		Map output materialized bytes=1087777395
		Input split bytes=253
		Combine input records=0
		Spilled Records=49297369
		Failed Shuffles=0
		Merged Map outputs=0
		GC time elapsed (ms)=374
		Total committed heap usage (bytes)=3762290688
	File Input Format Counters 
		Bytes Read=0
2022-12-06 13:06:04,867 INFO mapred.LocalJobRunner: Finishing task: attempt_local66611368_0001_m_000001_0
2022-12-06 13:06:04,867 INFO mapred.LocalJobRunner: Starting task: attempt_local66611368_0001_m_000002_0
2022-12-06 13:06:04,869 INFO output.FileOutputCommitter: File Output Committer Algorithm version is 2
2022-12-06 13:06:04,869 INFO output.FileOutputCommitter: FileOutputCommitter skip cleanup _temporary folders under output directory:false, ignore cleanup failures: false
2022-12-06 13:06:04,869 INFO mapred.Task:  Using ResourceCalculatorProcessTree : [ ]
2022-12-06 13:06:04,870 INFO mapred.MapTask: Processing split: file:/home/apingili/DB2/Project3/one/title.crew.tsv:0+297342049
2022-12-06 13:06:04,882 INFO mapred.MapTask: (EQUATOR) 0 kvi 26214396(104857584)
2022-12-06 13:06:04,882 INFO mapred.MapTask: mapreduce.task.io.sort.mb: 100
2022-12-06 13:06:04,882 INFO mapred.MapTask: soft limit at 83886080
2022-12-06 13:06:04,882 INFO mapred.MapTask: bufstart = 0; bufvoid = 104857600
2022-12-06 13:06:04,882 INFO mapred.MapTask: kvstart = 26214396; length = 6553600
2022-12-06 13:06:04,882 INFO mapred.MapTask: Map output collector class = org.apache.hadoop.mapred.MapTask$MapOutputBuffer
2022-12-06 13:06:05,416 INFO mapreduce.Job:  map 100% reduce 0%
2022-12-06 13:06:09,290 INFO mapred.MapTask: Spilling map output
2022-12-06 13:06:09,292 INFO mapred.MapTask: bufstart = 0; bufend = 57587750; bufvoid = 104857600
2022-12-06 13:06:09,292 INFO mapred.MapTask: kvstart = 26214396(104857584); kvend = 19639816(78559264); length = 6574581/6553600
2022-12-06 13:06:09,292 INFO mapred.MapTask: (EQUATOR) 64167030 kvi 16041752(64167008)
2022-12-06 13:06:10,564 INFO mapred.MapTask: Finished spill 0
2022-12-06 13:06:10,564 INFO mapred.MapTask: (RESET) equator 64167030 kv 16041752(64167008) kvi 14864040(59456160)
2022-12-06 13:06:14,202 INFO mapred.MapTask: Spilling map output
2022-12-06 13:06:14,203 INFO mapred.MapTask: bufstart = 64167030; bufend = 16990389; bufvoid = 104857600
2022-12-06 13:06:14,203 INFO mapred.MapTask: kvstart = 16041752(64167008); kvend = 9490476(37961904); length = 6551277/6553600
2022-12-06 13:06:14,203 INFO mapred.MapTask: (EQUATOR) 23569669 kvi 5892412(23569648)
2022-12-06 13:06:15,541 INFO mapred.MapTask: Finished spill 1
2022-12-06 13:06:15,541 INFO mapred.MapTask: (RESET) equator 23569669 kv 5892412(23569648) kvi 4426400(17705600)
2022-12-06 13:06:16,872 INFO mapred.LocalJobRunner: map > map
2022-12-06 13:06:17,418 INFO mapreduce.Job:  map 76% reduce 0%
2022-12-06 13:06:19,101 INFO mapred.MapTask: Spilling map output
2022-12-06 13:06:19,101 INFO mapred.MapTask: bufstart = 23569669; bufend = 80968517; bufvoid = 104857600
2022-12-06 13:06:19,101 INFO mapred.MapTask: kvstart = 5892412(23569648); kvend = 25485000(101940000); length = 6621813/6553600
2022-12-06 13:06:19,101 INFO mapred.MapTask: (EQUATOR) 87679381 kvi 21919840(87679360)
2022-12-06 13:06:20,450 INFO mapred.MapTask: Finished spill 2
2022-12-06 13:06:20,450 INFO mapred.MapTask: (RESET) equator 87679381 kv 21919840(87679360) kvi 20708908(82835632)
2022-12-06 13:06:22,872 INFO mapred.LocalJobRunner: map > map
2022-12-06 13:06:23,419 INFO mapreduce.Job:  map 80% reduce 0%
2022-12-06 13:06:24,207 INFO mapred.MapTask: Spilling map output
2022-12-06 13:06:24,208 INFO mapred.MapTask: bufstart = 87679381; bufend = 39921939; bufvoid = 104857600
2022-12-06 13:06:24,208 INFO mapred.MapTask: kvstart = 21919840(87679360); kvend = 15223360(60893440); length = 6696481/6553600
2022-12-06 13:06:24,208 INFO mapred.MapTask: (EQUATOR) 46632803 kvi 11658196(46632784)
2022-12-06 13:06:25,517 INFO mapred.MapTask: Finished spill 3
2022-12-06 13:06:25,517 INFO mapred.MapTask: (RESET) equator 46632803 kv 11658196(46632784) kvi 10481536(41926144)
2022-12-06 13:06:28,873 INFO mapred.LocalJobRunner: map > map
2022-12-06 13:06:29,334 INFO mapred.MapTask: Spilling map output
2022-12-06 13:06:29,334 INFO mapred.MapTask: bufstart = 46632803; bufend = 103165162; bufvoid = 104857600
2022-12-06 13:06:29,334 INFO mapred.MapTask: kvstart = 11658196(46632784); kvend = 4819772(19279088); length = 6838425/6553600
2022-12-06 13:06:29,334 INFO mapred.MapTask: (EQUATOR) 5018442 kvi 1254604(5018416)
2022-12-06 13:06:29,420 INFO mapreduce.Job:  map 84% reduce 0%
2022-12-06 13:06:30,422 INFO mapred.MapTask: Finished spill 4
2022-12-06 13:06:30,422 INFO mapred.MapTask: (RESET) equator 5018442 kv 1254604(5018416) kvi 234676(938704)
2022-12-06 13:06:33,993 INFO mapred.MapTask: Spilling map output
2022-12-06 13:06:33,994 INFO mapred.MapTask: bufstart = 5018442; bufend = 61859911; bufvoid = 104857600
2022-12-06 13:06:33,994 INFO mapred.MapTask: kvstart = 1254604(5018416); kvend = 20707856(82831424); length = 6761149/6553600
2022-12-06 13:06:33,994 INFO mapred.MapTask: (EQUATOR) 68570775 kvi 17142688(68570752)
2022-12-06 13:06:34,875 INFO mapred.LocalJobRunner: map > map
2022-12-06 13:06:35,086 INFO mapred.MapTask: Finished spill 5
2022-12-06 13:06:35,086 INFO mapred.MapTask: (RESET) equator 68570775 kv 17142688(68570752) kvi 16073208(64292832)
2022-12-06 13:06:35,422 INFO mapreduce.Job:  map 88% reduce 0%
2022-12-06 13:06:36,232 INFO mapred.LocalJobRunner: map > map
2022-12-06 13:06:36,232 INFO mapred.MapTask: Starting flush of map output
2022-12-06 13:06:36,232 INFO mapred.MapTask: Spilling map output
2022-12-06 13:06:36,232 INFO mapred.MapTask: bufstart = 68570775; bufend = 93508072; bufvoid = 104857600
2022-12-06 13:06:36,232 INFO mapred.MapTask: kvstart = 17142688(68570752); kvend = 14217956(56871824); length = 2924733/6553600
2022-12-06 13:06:36,593 INFO mapred.MapTask: Finished spill 6
2022-12-06 13:06:36,595 INFO mapred.Merger: Merging 7 sorted segments
2022-12-06 13:06:36,596 INFO mapred.Merger: Down to the last merge-pass, with 7 segments left of total size: 389563038 bytes
2022-12-06 13:06:40,876 INFO mapred.LocalJobRunner: map > sort > 
2022-12-06 13:06:41,333 INFO mapred.Task: Task:attempt_local66611368_0001_m_000002_0 is done. And is in the process of committing
2022-12-06 13:06:41,334 INFO mapred.LocalJobRunner: map > sort
2022-12-06 13:06:41,334 INFO mapred.Task: Task 'attempt_local66611368_0001_m_000002_0' done.
2022-12-06 13:06:41,335 INFO mapred.Task: Final Counters for attempt_local66611368_0001_m_000002_0: Counters: 17
	File System Counters
		FILE: Number of bytes read=4436968283
		FILE: Number of bytes written=4835883208
		FILE: Number of read operations=0
		FILE: Number of large read operations=0
		FILE: Number of write operations=0
	Map-Reduce Framework
		Map input records=9101808
		Map output records=10742120
		Map output bytes=368078840
		Map output materialized bytes=389563086
		Input split bytes=247
		Combine input records=0
		Spilled Records=21484240
		Failed Shuffles=0
		Merged Map outputs=0
		GC time elapsed (ms)=142
		Total committed heap usage (bytes)=3762290688
	File Input Format Counters 
		Bytes Read=0
2022-12-06 13:06:41,335 INFO mapred.LocalJobRunner: Finishing task: attempt_local66611368_0001_m_000002_0
2022-12-06 13:06:41,335 INFO mapred.LocalJobRunner: map task executor complete.
2022-12-06 13:06:41,340 INFO mapred.LocalJobRunner: Waiting for reduce tasks
2022-12-06 13:06:41,341 INFO mapred.LocalJobRunner: Starting task: attempt_local66611368_0001_r_000000_0
2022-12-06 13:06:41,348 INFO output.FileOutputCommitter: File Output Committer Algorithm version is 2
2022-12-06 13:06:41,348 INFO output.FileOutputCommitter: FileOutputCommitter skip cleanup _temporary folders under output directory:false, ignore cleanup failures: false
2022-12-06 13:06:41,349 INFO mapred.Task:  Using ResourceCalculatorProcessTree : [ ]
2022-12-06 13:06:41,350 INFO mapred.ReduceTask: Using ShuffleConsumerPlugin: org.apache.hadoop.mapreduce.task.reduce.Shuffle@3e970f36
2022-12-06 13:06:41,351 WARN impl.MetricsSystemImpl: JobTracker metrics system already initialized!
2022-12-06 13:06:41,365 INFO reduce.MergeManagerImpl: The max number of bytes for a single in-memory shuffle cannot be larger than Integer.MAX_VALUE. Setting it to Integer.MAX_VALUE
2022-12-06 13:06:41,366 INFO reduce.MergeManagerImpl: MergerManager: memoryLimit=22525089792, maxSingleShuffleLimit=2147483647, mergeThreshold=14866560000, ioSortFactor=10, memToMemMergeOutputsThreshold=10
2022-12-06 13:06:41,367 INFO reduce.EventFetcher: attempt_local66611368_0001_r_000000_0 Thread started: EventFetcher for fetching Map Completion Events
2022-12-06 13:06:41,423 INFO mapreduce.Job:  map 100% reduce 0%
2022-12-06 13:06:41,427 INFO reduce.LocalFetcher: localfetcher#1 about to shuffle output of map attempt_local66611368_0001_m_000002_0 decomp: 389563082 len: 389563086 to MEMORY
2022-12-06 13:06:41,567 INFO reduce.InMemoryMapOutput: Read 389563082 bytes from map-output for attempt_local66611368_0001_m_000002_0
2022-12-06 13:06:41,569 INFO reduce.MergeManagerImpl: closeInMemoryFile -> map-output of size: 389563082, inMemoryMapOutputs.size() -> 1, commitMemory -> 0, usedMemory ->389563082
2022-12-06 13:06:41,641 INFO reduce.LocalFetcher: localfetcher#1 about to shuffle output of map attempt_local66611368_0001_m_000000_0 decomp: 696600966 len: 696600970 to MEMORY
2022-12-06 13:06:41,878 INFO reduce.InMemoryMapOutput: Read 696600966 bytes from map-output for attempt_local66611368_0001_m_000000_0
2022-12-06 13:06:41,878 INFO reduce.MergeManagerImpl: closeInMemoryFile -> map-output of size: 696600966, inMemoryMapOutputs.size() -> 2, commitMemory -> 389563082, usedMemory ->1086164048
2022-12-06 13:06:42,008 INFO reduce.LocalFetcher: localfetcher#1 about to shuffle output of map attempt_local66611368_0001_m_000001_0 decomp: 1087777391 len: 1087777395 to MEMORY
2022-12-06 13:06:42,442 INFO reduce.InMemoryMapOutput: Read 1087777391 bytes from map-output for attempt_local66611368_0001_m_000001_0
2022-12-06 13:06:42,442 INFO reduce.MergeManagerImpl: closeInMemoryFile -> map-output of size: 1087777391, inMemoryMapOutputs.size() -> 3, commitMemory -> 1086164048, usedMemory ->2173941439
2022-12-06 13:06:42,442 INFO reduce.EventFetcher: EventFetcher is interrupted.. Returning
2022-12-06 13:06:42,444 INFO mapred.LocalJobRunner: 3 / 3 copied.
2022-12-06 13:06:42,444 INFO reduce.MergeManagerImpl: finalMerge called with 3 in-memory map-outputs and 0 on-disk map-outputs
2022-12-06 13:06:42,445 INFO mapred.Merger: Merging 3 sorted segments
2022-12-06 13:06:42,445 INFO mapred.Merger: Down to the last merge-pass, with 3 segments left of total size: 2173941403 bytes
2022-12-06 13:06:53,353 INFO mapred.LocalJobRunner: reduce > sort
2022-12-06 13:06:53,424 INFO mapreduce.Job:  map 100% reduce 57%
2022-12-06 13:06:58,093 INFO reduce.MergeManagerImpl: Merged 3 segments, 2173941439 bytes to disk to satisfy reduce memory limit
2022-12-06 13:06:58,094 INFO reduce.MergeManagerImpl: Merging 1 files, 2173941439 bytes from disk
2022-12-06 13:06:58,095 INFO reduce.MergeManagerImpl: Merging 0 segments, 0 bytes from memory into reduce
2022-12-06 13:06:58,095 INFO mapred.Merger: Merging 1 sorted segments
2022-12-06 13:06:58,095 INFO mapred.Merger: Down to the last merge-pass, with 1 segments left of total size: 2173941423 bytes
2022-12-06 13:06:58,095 INFO mapred.LocalJobRunner: reduce > sort
2022-12-06 13:06:58,169 INFO Configuration.deprecation: mapred.skip.on is deprecated. Instead, use mapreduce.job.skiprecords
2022-12-06 13:06:59,355 INFO mapred.LocalJobRunner: reduce > reduce
2022-12-06 13:06:59,425 INFO mapreduce.Job:  map 100% reduce 68%
2022-12-06 13:07:05,356 INFO mapred.LocalJobRunner: reduce > reduce
2022-12-06 13:07:05,426 INFO mapreduce.Job:  map 100% reduce 78%
2022-12-06 13:07:11,356 INFO mapred.LocalJobRunner: reduce > reduce
2022-12-06 13:07:11,427 INFO mapreduce.Job:  map 100% reduce 89%
2022-12-06 13:07:17,356 INFO mapred.LocalJobRunner: reduce > reduce
2022-12-06 13:07:17,427 INFO mapreduce.Job:  map 100% reduce 99%
2022-12-06 13:07:18,425 INFO mapred.Task: Task:attempt_local66611368_0001_r_000000_0 is done. And is in the process of committing
2022-12-06 13:07:18,427 INFO mapred.LocalJobRunner: reduce > reduce
2022-12-06 13:07:18,427 INFO mapred.Task: Task attempt_local66611368_0001_r_000000_0 is allowed to commit now
2022-12-06 13:07:18,437 INFO output.FileOutputCommitter: Saved output of task 'attempt_local66611368_0001_r_000000_0' to file:/home/apingili/DB2/Project3/one/output-local
2022-12-06 13:07:18,438 INFO mapred.LocalJobRunner: reduce > reduce
2022-12-06 13:07:18,438 INFO mapred.Task: Task 'attempt_local66611368_0001_r_000000_0' done.
2022-12-06 13:07:18,438 INFO mapred.Task: Final Counters for attempt_local66611368_0001_r_000000_0: Counters: 24
	File System Counters
		FILE: Number of bytes read=8784851269
		FILE: Number of bytes written=7010104413
		FILE: Number of read operations=0
		FILE: Number of large read operations=0
		FILE: Number of write operations=0
	Map-Reduce Framework
		Combine input records=0
		Combine output records=0
		Reduce input groups=9101872
		Reduce shuffle bytes=2173941451
		Reduce input records=39955982
		Reduce output records=5440
		Spilled Records=39955982
		Shuffled Maps =3
		Failed Shuffles=0
		Merged Map outputs=3
		GC time elapsed (ms)=42
		Total committed heap usage (bytes)=3766484992
	Shuffle Errors
		BAD_ID=0
		CONNECTION=0
		IO_ERROR=0
		WRONG_LENGTH=0
		WRONG_MAP=0
		WRONG_REDUCE=0
	File Output Format Counters 
		Bytes Written=279766
2022-12-06 13:07:18,439 INFO mapred.LocalJobRunner: Finishing task: attempt_local66611368_0001_r_000000_0
2022-12-06 13:07:18,439 INFO mapred.LocalJobRunner: reduce task executor complete.
2022-12-06 13:07:19,427 INFO mapreduce.Job:  map 100% reduce 100%
2022-12-06 13:07:19,427 INFO mapreduce.Job: Job job_local66611368_0001 completed successfully
2022-12-06 13:07:19,437 INFO mapreduce.Job: Counters: 30
	File System Counters
		FILE: Number of bytes read=18447463733
		FILE: Number of bytes written=17296499110
		FILE: Number of read operations=0
		FILE: Number of large read operations=0
		FILE: Number of write operations=0
	Map-Reduce Framework
		Map input records=38315671
		Map output records=39955982
		Map output bytes=2093986223
		Map output materialized bytes=2173941451
		Input split bytes=746
		Combine input records=0
		Combine output records=0
		Reduce input groups=9101872
		Reduce shuffle bytes=2173941451
		Reduce input records=39955982
		Reduce output records=5440
		Spilled Records=128936359
		Shuffled Maps =3
		Failed Shuffles=0
		Merged Map outputs=3
		GC time elapsed (ms)=800
		Total committed heap usage (bytes)=15053357056
	Shuffle Errors
		BAD_ID=0
		CONNECTION=0
		IO_ERROR=0
		WRONG_LENGTH=0
		WRONG_MAP=0
		WRONG_REDUCE=0
	File Input Format Counters 
		Bytes Read=0
	File Output Format Counters 
		Bytes Written=279766
