2022-11-15 20:40:49,427 INFO pig.ExecTypeProvider: Trying ExecType : LOCAL
2022-11-15 20:40:49,428 INFO pig.ExecTypeProvider: Picked LOCAL as the ExecType
2022-11-15 20:40:49,481 [main] INFO  org.apache.pig.Main - Apache Pig version 0.17.0 (r1797386) compiled Jun 02 2017, 15:41:58
2022-11-15 20:40:49,481 [main] INFO  org.apache.pig.Main - Logging error messages to: /home/apingili/project6/pig_1668573649479.log
2022-11-15 20:40:49,494 [main] INFO  org.apache.hadoop.conf.Configuration.deprecation - user.name is deprecated. Instead, use mapreduce.job.user.name
2022-11-15 20:40:49,608 [main] INFO  org.apache.pig.impl.util.Utils - Default bootup file /home/apingili/.pigbootup not found
2022-11-15 20:40:49,644 [main] INFO  org.apache.hadoop.conf.Configuration.deprecation - mapred.job.tracker is deprecated. Instead, use mapreduce.jobtracker.address
2022-11-15 20:40:49,645 [main] INFO  org.apache.pig.backend.hadoop.executionengine.HExecutionEngine - Connecting to hadoop file system at: file:///
2022-11-15 20:40:49,659 [main] INFO  org.apache.pig.PigServer - Pig Script ID for the session: PIG-netflix.pig-62da2291-24ab-4c3c-bf56-1662796c4c65
2022-11-15 20:40:49,659 [main] WARN  org.apache.pig.PigServer - ATS is disabled since yarn.timeline-service.enabled set to false
2022-11-15 20:40:49,957 [main] WARN  org.apache.pig.newplan.BaseOperatorPlan - Encountered Warning IMPLICIT_CAST_TO_DOUBLE 2 time(s).
2022-11-15 20:40:49,960 [main] INFO  org.apache.hadoop.conf.Configuration.deprecation - mapred.textoutputformat.separator is deprecated. Instead, use mapreduce.output.textoutputformat.separator
2022-11-15 20:40:49,968 [main] INFO  org.apache.pig.tools.pigstats.ScriptState - Pig features used in the script: GROUP_BY,FILTER
2022-11-15 20:40:49,997 [main] INFO  org.apache.pig.newplan.logical.optimizer.LogicalPlanOptimizer - {RULES_ENABLED=[AddForEach, ColumnMapKeyPrune, ConstantCalculator, GroupByConstParallelSetter, LimitOptimizer, LoadTypeCastInserter, MergeFilter, MergeForEach, NestedLimitOptimizer, PartitionFilterOptimizer, PredicatePushdownOptimizer, PushDownForEachFlatten, PushUpFilter, SplitFilter, StreamTypeCastInserter]}
2022-11-15 20:40:50,030 [main] INFO  org.apache.pig.impl.util.SpillableMemoryManager - Selected heap (G1 Old Gen) of size 1048576000 to monitor. collectionUsageThreshold = 734003200, usageThreshold = 734003200
2022-11-15 20:40:50,057 [main] INFO  org.apache.pig.backend.hadoop.executionengine.mapReduceLayer.MRCompiler - File concatenation threshold: 100 optimistic? false
2022-11-15 20:40:50,082 [main] INFO  org.apache.pig.backend.hadoop.executionengine.util.CombinerOptimizerUtil - Choosing to move algebraic foreach to combiner
2022-11-15 20:40:50,086 [main] INFO  org.apache.pig.backend.hadoop.executionengine.util.CombinerOptimizerUtil - Choosing to move algebraic foreach to combiner
2022-11-15 20:40:50,097 [main] INFO  org.apache.pig.backend.hadoop.executionengine.mapReduceLayer.MultiQueryOptimizer - MR plan size before optimization: 2
2022-11-15 20:40:50,097 [main] INFO  org.apache.pig.backend.hadoop.executionengine.mapReduceLayer.MultiQueryOptimizer - MR plan size after optimization: 2
2022-11-15 20:40:50,172 [main] INFO  org.apache.hadoop.metrics2.impl.MetricsConfig - Loaded properties from hadoop-metrics2.properties
2022-11-15 20:40:50,232 [main] INFO  org.apache.hadoop.metrics2.impl.MetricsSystemImpl - Scheduled Metric snapshot period at 10 second(s).
2022-11-15 20:40:50,232 [main] INFO  org.apache.hadoop.metrics2.impl.MetricsSystemImpl - JobTracker metrics system started
2022-11-15 20:40:50,245 [main] INFO  org.apache.pig.tools.pigstats.mapreduce.MRScriptState - Pig script settings are added to the job
2022-11-15 20:40:50,249 [main] INFO  org.apache.hadoop.conf.Configuration.deprecation - mapred.job.reduce.markreset.buffer.percent is deprecated. Instead, use mapreduce.reduce.markreset.buffer.percent
2022-11-15 20:40:50,249 [main] INFO  org.apache.pig.backend.hadoop.executionengine.mapReduceLayer.JobControlCompiler - mapred.job.reduce.markreset.buffer.percent is not set, set to default 0.3
2022-11-15 20:40:50,250 [main] INFO  org.apache.hadoop.conf.Configuration.deprecation - mapred.output.compress is deprecated. Instead, use mapreduce.output.fileoutputformat.compress
2022-11-15 20:40:50,251 [main] INFO  org.apache.pig.backend.hadoop.executionengine.mapReduceLayer.JobControlCompiler - Reduce phase detected, estimating # of required reducers.
2022-11-15 20:40:50,251 [main] INFO  org.apache.pig.backend.hadoop.executionengine.mapReduceLayer.JobControlCompiler - Using reducer estimator: org.apache.pig.backend.hadoop.executionengine.mapReduceLayer.InputSizeReducerEstimator
2022-11-15 20:40:50,254 [main] INFO  org.apache.pig.backend.hadoop.executionengine.mapReduceLayer.InputSizeReducerEstimator - BytesPerReducer=1000000000 maxReducers=999 totalInputFileSize=252
2022-11-15 20:40:50,254 [main] INFO  org.apache.pig.backend.hadoop.executionengine.mapReduceLayer.JobControlCompiler - Setting Parallelism to 1
2022-11-15 20:40:50,254 [main] INFO  org.apache.hadoop.conf.Configuration.deprecation - mapred.reduce.tasks is deprecated. Instead, use mapreduce.job.reduces
2022-11-15 20:40:50,261 [main] INFO  org.apache.pig.backend.hadoop.executionengine.mapReduceLayer.JobControlCompiler - Setting up single store job
2022-11-15 20:40:50,266 [main] INFO  org.apache.pig.data.SchemaTupleFrontend - Key [pig.schematuple] is false, will not generate code.
2022-11-15 20:40:50,266 [main] INFO  org.apache.pig.data.SchemaTupleFrontend - Starting process to move generated code to distributed cacche
2022-11-15 20:40:50,266 [main] INFO  org.apache.pig.data.SchemaTupleFrontend - Distributed cache not supported or needed in local mode. Setting key [pig.schematuple.local.dir] with code temp directory: /tmp/1668573650266-0
2022-11-15 20:40:50,311 [main] INFO  org.apache.pig.backend.hadoop.executionengine.mapReduceLayer.MapReduceLauncher - 1 map-reduce job(s) waiting for submission.
2022-11-15 20:40:50,319 [JobControl] WARN  org.apache.hadoop.metrics2.impl.MetricsSystemImpl - JobTracker metrics system already initialized!
2022-11-15 20:40:50,329 [JobControl] INFO  org.apache.hadoop.conf.Configuration.deprecation - mapred.task.id is deprecated. Instead, use mapreduce.task.attempt.id
2022-11-15 20:40:50,374 [JobControl] WARN  org.apache.hadoop.mapreduce.JobResourceUploader - No job jar file set.  User classes may not be found. See Job or Job#setJar(String).
2022-11-15 20:40:50,381 [JobControl] INFO  org.apache.pig.builtin.PigStorage - Using PigTextInputFormat
2022-11-15 20:40:50,383 [JobControl] INFO  org.apache.hadoop.mapreduce.lib.input.FileInputFormat - Total input files to process : 1
2022-11-15 20:40:50,383 [JobControl] INFO  org.apache.pig.backend.hadoop.executionengine.util.MapRedUtil - Total input paths to process : 1
2022-11-15 20:40:50,391 [JobControl] INFO  org.apache.pig.backend.hadoop.executionengine.util.MapRedUtil - Total input paths (combined) to process : 1
2022-11-15 20:40:50,401 [JobControl] INFO  org.apache.hadoop.mapreduce.JobSubmitter - number of splits:1
2022-11-15 20:40:50,517 [JobControl] INFO  org.apache.hadoop.mapreduce.JobSubmitter - Submitting tokens for job: job_local713553425_0001
2022-11-15 20:40:50,517 [JobControl] INFO  org.apache.hadoop.mapreduce.JobSubmitter - Executing with tokens: []
2022-11-15 20:40:50,536 [JobControl] WARN  org.apache.hadoop.conf.Configuration - file:/tmp/hadoop/mapred/staging/apingili713553425/.staging/job_local713553425_0001/job.xml:an attempt to override final parameter: yarn.resourcemanager.hostname;  Ignoring.
2022-11-15 20:40:50,598 [JobControl] INFO  org.apache.hadoop.mapreduce.Job - The url to track the job: http://localhost:8080/
2022-11-15 20:40:50,601 [Thread-5] INFO  org.apache.hadoop.mapred.LocalJobRunner - OutputCommitter set in config null
2022-11-15 20:40:50,616 [Thread-5] INFO  org.apache.hadoop.conf.Configuration.deprecation - mapred.reduce.tasks is deprecated. Instead, use mapreduce.job.reduces
2022-11-15 20:40:50,616 [Thread-5] INFO  org.apache.hadoop.conf.Configuration.deprecation - mapred.job.tracker is deprecated. Instead, use mapreduce.jobtracker.address
2022-11-15 20:40:50,616 [Thread-5] INFO  org.apache.hadoop.conf.Configuration.deprecation - mapred.job.reduce.markreset.buffer.percent is deprecated. Instead, use mapreduce.reduce.markreset.buffer.percent
2022-11-15 20:40:50,618 [Thread-5] INFO  org.apache.hadoop.mapreduce.lib.output.FileOutputCommitter - File Output Committer Algorithm version is 2
2022-11-15 20:40:50,618 [Thread-5] INFO  org.apache.hadoop.mapreduce.lib.output.FileOutputCommitter - FileOutputCommitter skip cleanup _temporary folders under output directory:false, ignore cleanup failures: false
2022-11-15 20:40:50,619 [Thread-5] INFO  org.apache.hadoop.mapred.LocalJobRunner - OutputCommitter is org.apache.pig.backend.hadoop.executionengine.mapReduceLayer.PigOutputCommitter
2022-11-15 20:40:50,641 [Thread-5] INFO  org.apache.hadoop.mapred.LocalJobRunner - Waiting for map tasks
2022-11-15 20:40:50,642 [LocalJobRunner Map Task Executor #0] INFO  org.apache.hadoop.mapred.LocalJobRunner - Starting task: attempt_local713553425_0001_m_000000_0
2022-11-15 20:40:50,666 [LocalJobRunner Map Task Executor #0] INFO  org.apache.hadoop.mapreduce.lib.output.FileOutputCommitter - File Output Committer Algorithm version is 2
2022-11-15 20:40:50,666 [LocalJobRunner Map Task Executor #0] INFO  org.apache.hadoop.mapreduce.lib.output.FileOutputCommitter - FileOutputCommitter skip cleanup _temporary folders under output directory:false, ignore cleanup failures: false
2022-11-15 20:40:50,695 [LocalJobRunner Map Task Executor #0] INFO  org.apache.hadoop.mapred.Task -  Using ResourceCalculatorProcessTree : [ ]
2022-11-15 20:40:50,699 [LocalJobRunner Map Task Executor #0] INFO  org.apache.hadoop.mapred.MapTask - Processing split: Number of splits :1
Total Length = 252
Input split[0]:
   Length = 252
   ClassName: org.apache.hadoop.mapreduce.lib.input.FileSplit
   Locations:

-----------------------

2022-11-15 20:40:50,706 [LocalJobRunner Map Task Executor #0] INFO  org.apache.pig.builtin.PigStorage - Using PigTextInputFormat
2022-11-15 20:40:50,708 [LocalJobRunner Map Task Executor #0] INFO  org.apache.pig.backend.hadoop.executionengine.mapReduceLayer.PigRecordReader - Current split being processed file:/home/apingili/project6/small-netflix.csv:0+252
2022-11-15 20:40:50,723 [LocalJobRunner Map Task Executor #0] INFO  org.apache.hadoop.mapred.MapTask - (EQUATOR) 0 kvi 26214396(104857584)
2022-11-15 20:40:50,723 [LocalJobRunner Map Task Executor #0] INFO  org.apache.hadoop.mapred.MapTask - mapreduce.task.io.sort.mb: 100
2022-11-15 20:40:50,724 [LocalJobRunner Map Task Executor #0] INFO  org.apache.hadoop.mapred.MapTask - soft limit at 83886080
2022-11-15 20:40:50,724 [LocalJobRunner Map Task Executor #0] INFO  org.apache.hadoop.mapred.MapTask - bufstart = 0; bufvoid = 104857600
2022-11-15 20:40:50,724 [LocalJobRunner Map Task Executor #0] INFO  org.apache.hadoop.mapred.MapTask - kvstart = 26214396; length = 6553600
2022-11-15 20:40:50,727 [LocalJobRunner Map Task Executor #0] INFO  org.apache.hadoop.mapred.MapTask - Map output collector class = org.apache.hadoop.mapred.MapTask$MapOutputBuffer
2022-11-15 20:40:50,731 [LocalJobRunner Map Task Executor #0] INFO  org.apache.pig.impl.util.SpillableMemoryManager - Selected heap (G1 Old Gen) of size 1048576000 to monitor. collectionUsageThreshold = 734003200, usageThreshold = 734003200
2022-11-15 20:40:50,732 [LocalJobRunner Map Task Executor #0] INFO  org.apache.pig.data.SchemaTupleBackend - Key [pig.schematuple] was not set... will not generate code.
2022-11-15 20:40:50,738 [LocalJobRunner Map Task Executor #0] INFO  org.apache.pig.backend.hadoop.executionengine.mapReduceLayer.PigGenericMapReduce$Map - Aliases being processed per job phase (AliasName[line,offset]): M: A[1,4],A[-1,-1],N[2,4],Use_Rate[5,11],U[3,4] C: Use_Rate[5,11],U[3,4] R: Use_Rate[5,11]
2022-11-15 20:40:50,748 [LocalJobRunner Map Task Executor #0] INFO  org.apache.hadoop.mapred.LocalJobRunner - 
2022-11-15 20:40:50,748 [LocalJobRunner Map Task Executor #0] INFO  org.apache.hadoop.mapred.MapTask - Starting flush of map output
2022-11-15 20:40:50,748 [LocalJobRunner Map Task Executor #0] INFO  org.apache.hadoop.mapred.MapTask - Spilling map output
2022-11-15 20:40:50,748 [LocalJobRunner Map Task Executor #0] INFO  org.apache.hadoop.mapred.MapTask - bufstart = 0; bufend = 300; bufvoid = 104857600
2022-11-15 20:40:50,748 [LocalJobRunner Map Task Executor #0] INFO  org.apache.hadoop.mapred.MapTask - kvstart = 26214396(104857584); kvend = 26214340(104857360); length = 57/6553600
2022-11-15 20:40:50,762 [LocalJobRunner Map Task Executor #0] INFO  org.apache.pig.backend.hadoop.executionengine.mapReduceLayer.PigCombiner$Combine - Aliases being processed per job phase (AliasName[line,offset]): M: A[1,4],A[-1,-1],N[2,4],Use_Rate[5,11],U[3,4] C: Use_Rate[5,11],U[3,4] R: Use_Rate[5,11]
2022-11-15 20:40:50,767 [LocalJobRunner Map Task Executor #0] INFO  org.apache.hadoop.mapred.MapTask - Finished spill 0
2022-11-15 20:40:50,773 [LocalJobRunner Map Task Executor #0] INFO  org.apache.hadoop.mapred.Task - Task:attempt_local713553425_0001_m_000000_0 is done. And is in the process of committing
2022-11-15 20:40:50,774 [LocalJobRunner Map Task Executor #0] INFO  org.apache.hadoop.mapred.LocalJobRunner - map
2022-11-15 20:40:50,774 [LocalJobRunner Map Task Executor #0] INFO  org.apache.hadoop.mapred.Task - Task 'attempt_local713553425_0001_m_000000_0' done.
2022-11-15 20:40:50,778 [LocalJobRunner Map Task Executor #0] INFO  org.apache.hadoop.mapred.Task - Final Counters for attempt_local713553425_0001_m_000000_0: Counters: 20
	File System Counters
		FILE: Number of bytes read=680
		FILE: Number of bytes written=567153
		FILE: Number of read operations=0
		FILE: Number of large read operations=0
		FILE: Number of write operations=0
	Map-Reduce Framework
		Map input records=18
		Map output records=15
		Map output bytes=300
		Map output materialized bytes=165
		Input split bytes=373
		Combine input records=15
		Combine output records=7
		Spilled Records=7
		Failed Shuffles=0
		Merged Map outputs=0
		GC time elapsed (ms)=0
		Total committed heap usage (bytes)=1048576000
	File Input Format Counters 
		Bytes Read=0
	org.apache.pig.PigWarning
		ACCESSING_NON_EXISTENT_FIELD=3
		FIELD_DISCARDED_TYPE_CONVERSION_FAILED=3
2022-11-15 20:40:50,778 [LocalJobRunner Map Task Executor #0] INFO  org.apache.hadoop.mapred.LocalJobRunner - Finishing task: attempt_local713553425_0001_m_000000_0
2022-11-15 20:40:50,778 [Thread-5] INFO  org.apache.hadoop.mapred.LocalJobRunner - map task executor complete.
2022-11-15 20:40:50,780 [Thread-5] INFO  org.apache.hadoop.mapred.LocalJobRunner - Waiting for reduce tasks
2022-11-15 20:40:50,781 [pool-4-thread-1] INFO  org.apache.hadoop.mapred.LocalJobRunner - Starting task: attempt_local713553425_0001_r_000000_0
2022-11-15 20:40:50,790 [pool-4-thread-1] INFO  org.apache.hadoop.mapreduce.lib.output.FileOutputCommitter - File Output Committer Algorithm version is 2
2022-11-15 20:40:50,790 [pool-4-thread-1] INFO  org.apache.hadoop.mapreduce.lib.output.FileOutputCommitter - FileOutputCommitter skip cleanup _temporary folders under output directory:false, ignore cleanup failures: false
2022-11-15 20:40:50,792 [pool-4-thread-1] INFO  org.apache.hadoop.mapred.Task -  Using ResourceCalculatorProcessTree : [ ]
2022-11-15 20:40:50,794 [pool-4-thread-1] INFO  org.apache.hadoop.mapred.ReduceTask - Using ShuffleConsumerPlugin: org.apache.hadoop.mapreduce.task.reduce.Shuffle@c256a21
2022-11-15 20:40:50,794 [pool-4-thread-1] WARN  org.apache.hadoop.metrics2.impl.MetricsSystemImpl - JobTracker metrics system already initialized!
2022-11-15 20:40:50,805 [pool-4-thread-1] INFO  org.apache.hadoop.mapreduce.task.reduce.MergeManagerImpl - MergerManager: memoryLimit=734003200, maxSingleShuffleLimit=183500800, mergeThreshold=484442144, ioSortFactor=10, memToMemMergeOutputsThreshold=10
2022-11-15 20:40:50,806 [EventFetcher for fetching Map Completion Events] INFO  org.apache.hadoop.mapreduce.task.reduce.EventFetcher - attempt_local713553425_0001_r_000000_0 Thread started: EventFetcher for fetching Map Completion Events
2022-11-15 20:40:50,814 [main] INFO  org.apache.pig.backend.hadoop.executionengine.mapReduceLayer.MapReduceLauncher - HadoopJobId: job_local713553425_0001
2022-11-15 20:40:50,814 [main] INFO  org.apache.pig.backend.hadoop.executionengine.mapReduceLayer.MapReduceLauncher - Processing aliases A,N,U,Use_Rate
2022-11-15 20:40:50,814 [main] INFO  org.apache.pig.backend.hadoop.executionengine.mapReduceLayer.MapReduceLauncher - detailed locations: M: A[1,4],A[-1,-1],N[2,4],Use_Rate[5,11],U[3,4] C: Use_Rate[5,11],U[3,4] R: Use_Rate[5,11]
2022-11-15 20:40:50,816 [main] INFO  org.apache.pig.backend.hadoop.executionengine.mapReduceLayer.MapReduceLauncher - 25% complete
2022-11-15 20:40:50,816 [main] INFO  org.apache.pig.backend.hadoop.executionengine.mapReduceLayer.MapReduceLauncher - Running jobs are [job_local713553425_0001]
2022-11-15 20:40:50,825 [localfetcher#1] INFO  org.apache.hadoop.mapreduce.task.reduce.LocalFetcher - localfetcher#1 about to shuffle output of map attempt_local713553425_0001_m_000000_0 decomp: 161 len: 165 to MEMORY
2022-11-15 20:40:50,827 [localfetcher#1] INFO  org.apache.hadoop.mapreduce.task.reduce.InMemoryMapOutput - Read 161 bytes from map-output for attempt_local713553425_0001_m_000000_0
2022-11-15 20:40:50,828 [localfetcher#1] INFO  org.apache.hadoop.mapreduce.task.reduce.MergeManagerImpl - closeInMemoryFile -> map-output of size: 161, inMemoryMapOutputs.size() -> 1, commitMemory -> 0, usedMemory ->161
2022-11-15 20:40:50,830 [EventFetcher for fetching Map Completion Events] INFO  org.apache.hadoop.mapreduce.task.reduce.EventFetcher - EventFetcher is interrupted.. Returning
2022-11-15 20:40:50,830 [pool-4-thread-1] INFO  org.apache.hadoop.mapred.LocalJobRunner - 1 / 1 copied.
2022-11-15 20:40:50,830 [pool-4-thread-1] INFO  org.apache.hadoop.mapreduce.task.reduce.MergeManagerImpl - finalMerge called with 1 in-memory map-outputs and 0 on-disk map-outputs
2022-11-15 20:40:50,834 [pool-4-thread-1] INFO  org.apache.hadoop.mapred.Merger - Merging 1 sorted segments
2022-11-15 20:40:50,834 [pool-4-thread-1] INFO  org.apache.hadoop.mapred.Merger - Down to the last merge-pass, with 1 segments left of total size: 153 bytes
2022-11-15 20:40:50,834 [pool-4-thread-1] INFO  org.apache.hadoop.mapreduce.task.reduce.MergeManagerImpl - Merged 1 segments, 161 bytes to disk to satisfy reduce memory limit
2022-11-15 20:40:50,834 [pool-4-thread-1] INFO  org.apache.hadoop.mapreduce.task.reduce.MergeManagerImpl - Merging 1 files, 165 bytes from disk
2022-11-15 20:40:50,835 [pool-4-thread-1] INFO  org.apache.hadoop.mapreduce.task.reduce.MergeManagerImpl - Merging 0 segments, 0 bytes from memory into reduce
2022-11-15 20:40:50,835 [pool-4-thread-1] INFO  org.apache.hadoop.mapred.Merger - Merging 1 sorted segments
2022-11-15 20:40:50,835 [pool-4-thread-1] INFO  org.apache.hadoop.mapred.Merger - Down to the last merge-pass, with 1 segments left of total size: 153 bytes
2022-11-15 20:40:50,835 [pool-4-thread-1] INFO  org.apache.hadoop.mapred.LocalJobRunner - 1 / 1 copied.
2022-11-15 20:40:50,838 [pool-4-thread-1] INFO  org.apache.hadoop.mapreduce.lib.output.FileOutputCommitter - File Output Committer Algorithm version is 2
2022-11-15 20:40:50,838 [pool-4-thread-1] INFO  org.apache.hadoop.mapreduce.lib.output.FileOutputCommitter - FileOutputCommitter skip cleanup _temporary folders under output directory:false, ignore cleanup failures: false
2022-11-15 20:40:50,839 [pool-4-thread-1] INFO  org.apache.hadoop.conf.Configuration.deprecation - mapred.skip.on is deprecated. Instead, use mapreduce.job.skiprecords
2022-11-15 20:40:50,840 [pool-4-thread-1] INFO  org.apache.pig.impl.util.SpillableMemoryManager - Selected heap (G1 Old Gen) of size 1048576000 to monitor. collectionUsageThreshold = 734003200, usageThreshold = 734003200
2022-11-15 20:40:50,840 [pool-4-thread-1] WARN  org.apache.pig.data.SchemaTupleBackend - SchemaTupleBackend has already been initialized
2022-11-15 20:40:50,842 [pool-4-thread-1] INFO  org.apache.pig.backend.hadoop.executionengine.mapReduceLayer.PigMapReduce$Reduce - Aliases being processed per job phase (AliasName[line,offset]): M: A[1,4],A[-1,-1],N[2,4],Use_Rate[5,11],U[3,4] C: Use_Rate[5,11],U[3,4] R: Use_Rate[5,11]
2022-11-15 20:40:50,844 [pool-4-thread-1] INFO  org.apache.hadoop.mapred.Task - Task:attempt_local713553425_0001_r_000000_0 is done. And is in the process of committing
2022-11-15 20:40:50,846 [pool-4-thread-1] INFO  org.apache.hadoop.mapred.LocalJobRunner - 1 / 1 copied.
2022-11-15 20:40:50,846 [pool-4-thread-1] INFO  org.apache.hadoop.mapred.Task - Task attempt_local713553425_0001_r_000000_0 is allowed to commit now
2022-11-15 20:40:50,849 [pool-4-thread-1] INFO  org.apache.hadoop.mapreduce.lib.output.FileOutputCommitter - Saved output of task 'attempt_local713553425_0001_r_000000_0' to file:/tmp/temp78437589/tmp2027500542
2022-11-15 20:40:50,850 [pool-4-thread-1] INFO  org.apache.hadoop.mapred.LocalJobRunner - reduce > reduce
2022-11-15 20:40:50,850 [pool-4-thread-1] INFO  org.apache.hadoop.mapred.Task - Task 'attempt_local713553425_0001_r_000000_0' done.
2022-11-15 20:40:50,850 [pool-4-thread-1] INFO  org.apache.hadoop.mapred.Task - Final Counters for attempt_local713553425_0001_r_000000_0: Counters: 24
	File System Counters
		FILE: Number of bytes read=1042
		FILE: Number of bytes written=567435
		FILE: Number of read operations=0
		FILE: Number of large read operations=0
		FILE: Number of write operations=0
	Map-Reduce Framework
		Combine input records=0
		Combine output records=0
		Reduce input groups=7
		Reduce shuffle bytes=165
		Reduce input records=7
		Reduce output records=7
		Spilled Records=7
		Shuffled Maps =1
		Failed Shuffles=0
		Merged Map outputs=1
		GC time elapsed (ms)=0
		Total committed heap usage (bytes)=1048576000
	Shuffle Errors
		BAD_ID=0
		CONNECTION=0
		IO_ERROR=0
		WRONG_LENGTH=0
		WRONG_MAP=0
		WRONG_REDUCE=0
	File Output Format Counters 
		Bytes Written=0
2022-11-15 20:40:50,850 [pool-4-thread-1] INFO  org.apache.hadoop.mapred.LocalJobRunner - Finishing task: attempt_local713553425_0001_r_000000_0
2022-11-15 20:40:50,850 [Thread-5] INFO  org.apache.hadoop.mapred.LocalJobRunner - reduce task executor complete.
2022-11-15 20:40:51,003 [main] INFO  org.apache.pig.backend.hadoop.executionengine.mapReduceLayer.MapReduceLauncher - 50% complete
2022-11-15 20:40:51,004 [main] WARN  org.apache.hadoop.metrics2.impl.MetricsSystemImpl - JobTracker metrics system already initialized!
2022-11-15 20:40:51,023 [main] WARN  org.apache.hadoop.metrics2.impl.MetricsSystemImpl - JobTracker metrics system already initialized!
2022-11-15 20:40:51,023 [main] INFO  org.apache.hadoop.conf.Configuration.deprecation - mapred.map.tasks is deprecated. Instead, use mapreduce.job.maps
2022-11-15 20:40:51,024 [main] WARN  org.apache.hadoop.metrics2.impl.MetricsSystemImpl - JobTracker metrics system already initialized!
2022-11-15 20:40:51,051 [main] INFO  org.apache.pig.tools.pigstats.mapreduce.MRScriptState - Pig script settings are added to the job
2022-11-15 20:40:51,051 [main] INFO  org.apache.pig.backend.hadoop.executionengine.mapReduceLayer.JobControlCompiler - mapred.job.reduce.markreset.buffer.percent is not set, set to default 0.3
2022-11-15 20:40:51,052 [main] INFO  org.apache.pig.backend.hadoop.executionengine.mapReduceLayer.JobControlCompiler - Reduce phase detected, estimating # of required reducers.
2022-11-15 20:40:51,052 [main] INFO  org.apache.pig.backend.hadoop.executionengine.mapReduceLayer.JobControlCompiler - Using reducer estimator: org.apache.pig.backend.hadoop.executionengine.mapReduceLayer.InputSizeReducerEstimator
2022-11-15 20:40:51,053 [main] INFO  org.apache.pig.backend.hadoop.executionengine.mapReduceLayer.InputSizeReducerEstimator - BytesPerReducer=1000000000 maxReducers=999 totalInputFileSize=105
2022-11-15 20:40:51,053 [main] INFO  org.apache.pig.backend.hadoop.executionengine.mapReduceLayer.JobControlCompiler - Setting Parallelism to 1
2022-11-15 20:40:51,054 [main] INFO  org.apache.pig.backend.hadoop.executionengine.mapReduceLayer.JobControlCompiler - Setting up single store job
2022-11-15 20:40:51,072 [main] INFO  org.apache.pig.backend.hadoop.executionengine.mapReduceLayer.MapReduceLauncher - 1 map-reduce job(s) waiting for submission.
2022-11-15 20:40:51,074 [JobControl] WARN  org.apache.hadoop.metrics2.impl.MetricsSystemImpl - JobTracker metrics system already initialized!
2022-11-15 20:40:51,079 [JobControl] WARN  org.apache.hadoop.mapreduce.JobResourceUploader - No job jar file set.  User classes may not be found. See Job or Job#setJar(String).
2022-11-15 20:40:51,084 [JobControl] INFO  org.apache.hadoop.mapreduce.lib.input.FileInputFormat - Total input files to process : 1
2022-11-15 20:40:51,084 [JobControl] INFO  org.apache.pig.backend.hadoop.executionengine.util.MapRedUtil - Total input paths to process : 1
2022-11-15 20:40:51,084 [JobControl] INFO  org.apache.pig.backend.hadoop.executionengine.util.MapRedUtil - Total input paths (combined) to process : 1
2022-11-15 20:40:51,086 [JobControl] INFO  org.apache.hadoop.mapreduce.JobSubmitter - number of splits:1
2022-11-15 20:40:51,094 [JobControl] INFO  org.apache.hadoop.mapreduce.JobSubmitter - Submitting tokens for job: job_local2043291634_0002
2022-11-15 20:40:51,094 [JobControl] INFO  org.apache.hadoop.mapreduce.JobSubmitter - Executing with tokens: []
2022-11-15 20:40:51,108 [JobControl] WARN  org.apache.hadoop.conf.Configuration - file:/tmp/hadoop/mapred/staging/apingili2043291634/.staging/job_local2043291634_0002/job.xml:an attempt to override final parameter: yarn.resourcemanager.hostname;  Ignoring.
2022-11-15 20:40:51,147 [JobControl] INFO  org.apache.hadoop.mapreduce.Job - The url to track the job: http://localhost:8080/
2022-11-15 20:40:51,147 [Thread-14] INFO  org.apache.hadoop.mapred.LocalJobRunner - OutputCommitter set in config null
2022-11-15 20:40:51,151 [Thread-14] INFO  org.apache.hadoop.conf.Configuration.deprecation - mapred.textoutputformat.separator is deprecated. Instead, use mapreduce.output.textoutputformat.separator
2022-11-15 20:40:51,152 [Thread-14] INFO  org.apache.hadoop.conf.Configuration.deprecation - mapred.reduce.tasks is deprecated. Instead, use mapreduce.job.reduces
2022-11-15 20:40:51,152 [Thread-14] INFO  org.apache.hadoop.conf.Configuration.deprecation - mapred.job.tracker is deprecated. Instead, use mapreduce.jobtracker.address
2022-11-15 20:40:51,152 [Thread-14] INFO  org.apache.hadoop.conf.Configuration.deprecation - mapred.job.reduce.markreset.buffer.percent is deprecated. Instead, use mapreduce.reduce.markreset.buffer.percent
2022-11-15 20:40:51,152 [Thread-14] INFO  org.apache.hadoop.mapreduce.lib.output.FileOutputCommitter - File Output Committer Algorithm version is 2
2022-11-15 20:40:51,152 [Thread-14] INFO  org.apache.hadoop.mapreduce.lib.output.FileOutputCommitter - FileOutputCommitter skip cleanup _temporary folders under output directory:false, ignore cleanup failures: false
2022-11-15 20:40:51,153 [Thread-14] INFO  org.apache.hadoop.mapred.LocalJobRunner - OutputCommitter is org.apache.pig.backend.hadoop.executionengine.mapReduceLayer.PigOutputCommitter
2022-11-15 20:40:51,214 [Thread-14] INFO  org.apache.hadoop.mapred.LocalJobRunner - Waiting for map tasks
2022-11-15 20:40:51,214 [LocalJobRunner Map Task Executor #0] INFO  org.apache.hadoop.mapred.LocalJobRunner - Starting task: attempt_local2043291634_0002_m_000000_0
2022-11-15 20:40:51,220 [LocalJobRunner Map Task Executor #0] INFO  org.apache.hadoop.mapreduce.lib.output.FileOutputCommitter - File Output Committer Algorithm version is 2
2022-11-15 20:40:51,220 [LocalJobRunner Map Task Executor #0] INFO  org.apache.hadoop.mapreduce.lib.output.FileOutputCommitter - FileOutputCommitter skip cleanup _temporary folders under output directory:false, ignore cleanup failures: false
2022-11-15 20:40:51,220 [LocalJobRunner Map Task Executor #0] INFO  org.apache.hadoop.mapred.Task -  Using ResourceCalculatorProcessTree : [ ]
2022-11-15 20:40:51,221 [LocalJobRunner Map Task Executor #0] INFO  org.apache.hadoop.mapred.MapTask - Processing split: Number of splits :1
Total Length = 105
Input split[0]:
   Length = 105
   ClassName: org.apache.hadoop.mapreduce.lib.input.FileSplit
   Locations:

-----------------------

2022-11-15 20:40:51,223 [LocalJobRunner Map Task Executor #0] INFO  org.apache.pig.backend.hadoop.executionengine.mapReduceLayer.PigRecordReader - Current split being processed file:/tmp/temp78437589/tmp2027500542/part-r-00000:0+105
2022-11-15 20:40:51,230 [LocalJobRunner Map Task Executor #0] INFO  org.apache.hadoop.mapred.MapTask - (EQUATOR) 0 kvi 26214396(104857584)
2022-11-15 20:40:51,230 [LocalJobRunner Map Task Executor #0] INFO  org.apache.hadoop.mapred.MapTask - mapreduce.task.io.sort.mb: 100
2022-11-15 20:40:51,230 [LocalJobRunner Map Task Executor #0] INFO  org.apache.hadoop.mapred.MapTask - soft limit at 83886080
2022-11-15 20:40:51,230 [LocalJobRunner Map Task Executor #0] INFO  org.apache.hadoop.mapred.MapTask - bufstart = 0; bufvoid = 104857600
2022-11-15 20:40:51,230 [LocalJobRunner Map Task Executor #0] INFO  org.apache.hadoop.mapred.MapTask - kvstart = 26214396; length = 6553600
2022-11-15 20:40:51,231 [LocalJobRunner Map Task Executor #0] INFO  org.apache.hadoop.mapred.MapTask - Map output collector class = org.apache.hadoop.mapred.MapTask$MapOutputBuffer
2022-11-15 20:40:51,234 [LocalJobRunner Map Task Executor #0] INFO  org.apache.pig.impl.util.SpillableMemoryManager - Selected heap (G1 Old Gen) of size 1048576000 to monitor. collectionUsageThreshold = 734003200, usageThreshold = 734003200
2022-11-15 20:40:51,234 [LocalJobRunner Map Task Executor #0] WARN  org.apache.pig.data.SchemaTupleBackend - SchemaTupleBackend has already been initialized
2022-11-15 20:40:51,236 [LocalJobRunner Map Task Executor #0] INFO  org.apache.pig.backend.hadoop.executionengine.mapReduceLayer.PigGenericMapReduce$Map - Aliases being processed per job phase (AliasName[line,offset]): M: S[7,4],G[6,4] C: S[7,4],G[6,4] R: S[7,4]
2022-11-15 20:40:51,238 [LocalJobRunner Map Task Executor #0] INFO  org.apache.hadoop.mapred.LocalJobRunner - 
2022-11-15 20:40:51,238 [LocalJobRunner Map Task Executor #0] INFO  org.apache.hadoop.mapred.MapTask - Starting flush of map output
2022-11-15 20:40:51,238 [LocalJobRunner Map Task Executor #0] INFO  org.apache.hadoop.mapred.MapTask - Spilling map output
2022-11-15 20:40:51,238 [LocalJobRunner Map Task Executor #0] INFO  org.apache.hadoop.mapred.MapTask - bufstart = 0; bufend = 105; bufvoid = 104857600
2022-11-15 20:40:51,238 [LocalJobRunner Map Task Executor #0] INFO  org.apache.hadoop.mapred.MapTask - kvstart = 26214396(104857584); kvend = 26214372(104857488); length = 25/6553600
2022-11-15 20:40:51,244 [LocalJobRunner Map Task Executor #0] INFO  org.apache.hadoop.mapred.MapTask - Finished spill 0
2022-11-15 20:40:51,245 [LocalJobRunner Map Task Executor #0] INFO  org.apache.hadoop.mapred.Task - Task:attempt_local2043291634_0002_m_000000_0 is done. And is in the process of committing
2022-11-15 20:40:51,245 [LocalJobRunner Map Task Executor #0] INFO  org.apache.hadoop.mapred.LocalJobRunner - map
2022-11-15 20:40:51,245 [LocalJobRunner Map Task Executor #0] INFO  org.apache.hadoop.mapred.Task - Task 'attempt_local2043291634_0002_m_000000_0' done.
2022-11-15 20:40:51,246 [LocalJobRunner Map Task Executor #0] INFO  org.apache.hadoop.mapred.Task - Final Counters for attempt_local2043291634_0002_m_000000_0: Counters: 18
	File System Counters
		FILE: Number of bytes read=1593
		FILE: Number of bytes written=1136394
		FILE: Number of read operations=0
		FILE: Number of large read operations=0
		FILE: Number of write operations=0
	Map-Reduce Framework
		Map input records=7
		Map output records=7
		Map output bytes=105
		Map output materialized bytes=109
		Input split bytes=376
		Combine input records=7
		Combine output records=6
		Spilled Records=6
		Failed Shuffles=0
		Merged Map outputs=0
		GC time elapsed (ms)=0
		Total committed heap usage (bytes)=1048576000
	File Input Format Counters 
		Bytes Read=0
2022-11-15 20:40:51,246 [LocalJobRunner Map Task Executor #0] INFO  org.apache.hadoop.mapred.LocalJobRunner - Finishing task: attempt_local2043291634_0002_m_000000_0
2022-11-15 20:40:51,246 [Thread-14] INFO  org.apache.hadoop.mapred.LocalJobRunner - map task executor complete.
2022-11-15 20:40:51,246 [Thread-14] INFO  org.apache.hadoop.mapred.LocalJobRunner - Waiting for reduce tasks
2022-11-15 20:40:51,246 [pool-9-thread-1] INFO  org.apache.hadoop.mapred.LocalJobRunner - Starting task: attempt_local2043291634_0002_r_000000_0
2022-11-15 20:40:51,252 [pool-9-thread-1] INFO  org.apache.hadoop.mapreduce.lib.output.FileOutputCommitter - File Output Committer Algorithm version is 2
2022-11-15 20:40:51,252 [pool-9-thread-1] INFO  org.apache.hadoop.mapreduce.lib.output.FileOutputCommitter - FileOutputCommitter skip cleanup _temporary folders under output directory:false, ignore cleanup failures: false
2022-11-15 20:40:51,254 [pool-9-thread-1] INFO  org.apache.hadoop.mapred.Task -  Using ResourceCalculatorProcessTree : [ ]
2022-11-15 20:40:51,254 [pool-9-thread-1] INFO  org.apache.hadoop.mapred.ReduceTask - Using ShuffleConsumerPlugin: org.apache.hadoop.mapreduce.task.reduce.Shuffle@51a51403
2022-11-15 20:40:51,254 [pool-9-thread-1] WARN  org.apache.hadoop.metrics2.impl.MetricsSystemImpl - JobTracker metrics system already initialized!
2022-11-15 20:40:51,255 [pool-9-thread-1] INFO  org.apache.hadoop.mapreduce.task.reduce.MergeManagerImpl - MergerManager: memoryLimit=734003200, maxSingleShuffleLimit=183500800, mergeThreshold=484442144, ioSortFactor=10, memToMemMergeOutputsThreshold=10
2022-11-15 20:40:51,255 [EventFetcher for fetching Map Completion Events] INFO  org.apache.hadoop.mapreduce.task.reduce.EventFetcher - attempt_local2043291634_0002_r_000000_0 Thread started: EventFetcher for fetching Map Completion Events
2022-11-15 20:40:51,256 [localfetcher#2] INFO  org.apache.hadoop.mapreduce.task.reduce.LocalFetcher - localfetcher#2 about to shuffle output of map attempt_local2043291634_0002_m_000000_0 decomp: 105 len: 109 to MEMORY
2022-11-15 20:40:51,257 [localfetcher#2] INFO  org.apache.hadoop.mapreduce.task.reduce.InMemoryMapOutput - Read 105 bytes from map-output for attempt_local2043291634_0002_m_000000_0
2022-11-15 20:40:51,257 [localfetcher#2] INFO  org.apache.hadoop.mapreduce.task.reduce.MergeManagerImpl - closeInMemoryFile -> map-output of size: 105, inMemoryMapOutputs.size() -> 1, commitMemory -> 0, usedMemory ->105
2022-11-15 20:40:51,257 [EventFetcher for fetching Map Completion Events] INFO  org.apache.hadoop.mapreduce.task.reduce.EventFetcher - EventFetcher is interrupted.. Returning
2022-11-15 20:40:51,258 [pool-9-thread-1] INFO  org.apache.hadoop.mapred.LocalJobRunner - 1 / 1 copied.
2022-11-15 20:40:51,258 [pool-9-thread-1] INFO  org.apache.hadoop.mapreduce.task.reduce.MergeManagerImpl - finalMerge called with 1 in-memory map-outputs and 0 on-disk map-outputs
2022-11-15 20:40:51,258 [pool-9-thread-1] INFO  org.apache.hadoop.mapred.Merger - Merging 1 sorted segments
2022-11-15 20:40:51,258 [pool-9-thread-1] INFO  org.apache.hadoop.mapred.Merger - Down to the last merge-pass, with 1 segments left of total size: 93 bytes
2022-11-15 20:40:51,259 [pool-9-thread-1] INFO  org.apache.hadoop.mapreduce.task.reduce.MergeManagerImpl - Merged 1 segments, 105 bytes to disk to satisfy reduce memory limit
2022-11-15 20:40:51,259 [pool-9-thread-1] INFO  org.apache.hadoop.mapreduce.task.reduce.MergeManagerImpl - Merging 1 files, 109 bytes from disk
2022-11-15 20:40:51,259 [pool-9-thread-1] INFO  org.apache.hadoop.mapreduce.task.reduce.MergeManagerImpl - Merging 0 segments, 0 bytes from memory into reduce
2022-11-15 20:40:51,259 [pool-9-thread-1] INFO  org.apache.hadoop.mapred.Merger - Merging 1 sorted segments
2022-11-15 20:40:51,259 [pool-9-thread-1] INFO  org.apache.hadoop.mapred.Merger - Down to the last merge-pass, with 1 segments left of total size: 93 bytes
2022-11-15 20:40:51,259 [pool-9-thread-1] INFO  org.apache.hadoop.mapred.LocalJobRunner - 1 / 1 copied.
2022-11-15 20:40:51,261 [pool-9-thread-1] INFO  org.apache.hadoop.mapreduce.lib.output.FileOutputCommitter - File Output Committer Algorithm version is 2
2022-11-15 20:40:51,261 [pool-9-thread-1] INFO  org.apache.hadoop.mapreduce.lib.output.FileOutputCommitter - FileOutputCommitter skip cleanup _temporary folders under output directory:false, ignore cleanup failures: false
2022-11-15 20:40:51,309 [pool-9-thread-1] INFO  org.apache.pig.impl.util.SpillableMemoryManager - Selected heap (G1 Old Gen) of size 1048576000 to monitor. collectionUsageThreshold = 734003200, usageThreshold = 734003200
2022-11-15 20:40:51,309 [pool-9-thread-1] WARN  org.apache.pig.data.SchemaTupleBackend - SchemaTupleBackend has already been initialized
2022-11-15 20:40:51,311 [pool-9-thread-1] INFO  org.apache.pig.backend.hadoop.executionengine.mapReduceLayer.PigMapReduce$Reduce - Aliases being processed per job phase (AliasName[line,offset]): M: S[7,4],G[6,4] C: S[7,4],G[6,4] R: S[7,4]
2022-11-15 20:40:51,327 [pool-9-thread-1] INFO  org.apache.hadoop.mapred.Task - Task:attempt_local2043291634_0002_r_000000_0 is done. And is in the process of committing
2022-11-15 20:40:51,330 [pool-9-thread-1] INFO  org.apache.hadoop.mapred.LocalJobRunner - 1 / 1 copied.
2022-11-15 20:40:51,330 [pool-9-thread-1] INFO  org.apache.hadoop.mapred.Task - Task attempt_local2043291634_0002_r_000000_0 is allowed to commit now
2022-11-15 20:40:51,340 [pool-9-thread-1] INFO  org.apache.hadoop.mapreduce.lib.output.FileOutputCommitter - Saved output of task 'attempt_local2043291634_0002_r_000000_0' to file:/home/apingili/project6/output
2022-11-15 20:40:51,340 [pool-9-thread-1] INFO  org.apache.hadoop.mapred.LocalJobRunner - reduce > reduce
2022-11-15 20:40:51,340 [pool-9-thread-1] INFO  org.apache.hadoop.mapred.Task - Task 'attempt_local2043291634_0002_r_000000_0' done.
2022-11-15 20:40:51,340 [pool-9-thread-1] INFO  org.apache.hadoop.mapred.Task - Final Counters for attempt_local2043291634_0002_r_000000_0: Counters: 24
	File System Counters
		FILE: Number of bytes read=1843
		FILE: Number of bytes written=1136551
		FILE: Number of read operations=0
		FILE: Number of large read operations=0
		FILE: Number of write operations=0
	Map-Reduce Framework
		Combine input records=0
		Combine output records=0
		Reduce input groups=6
		Reduce shuffle bytes=109
		Reduce input records=6
		Reduce output records=6
		Spilled Records=6
		Shuffled Maps =1
		Failed Shuffles=0
		Merged Map outputs=1
		GC time elapsed (ms)=0
		Total committed heap usage (bytes)=1048576000
	Shuffle Errors
		BAD_ID=0
		CONNECTION=0
		IO_ERROR=0
		WRONG_LENGTH=0
		WRONG_MAP=0
		WRONG_REDUCE=0
	File Output Format Counters 
		Bytes Written=0
2022-11-15 20:40:51,340 [pool-9-thread-1] INFO  org.apache.hadoop.mapred.LocalJobRunner - Finishing task: attempt_local2043291634_0002_r_000000_0
2022-11-15 20:40:51,341 [Thread-14] INFO  org.apache.hadoop.mapred.LocalJobRunner - reduce task executor complete.
2022-11-15 20:40:51,548 [main] INFO  org.apache.pig.backend.hadoop.executionengine.mapReduceLayer.MapReduceLauncher - HadoopJobId: job_local2043291634_0002
2022-11-15 20:40:51,548 [main] INFO  org.apache.pig.backend.hadoop.executionengine.mapReduceLayer.MapReduceLauncher - Processing aliases G,S
2022-11-15 20:40:51,548 [main] INFO  org.apache.pig.backend.hadoop.executionengine.mapReduceLayer.MapReduceLauncher - detailed locations: M: S[7,4],G[6,4] C: S[7,4],G[6,4] R: S[7,4]
2022-11-15 20:40:51,550 [main] WARN  org.apache.hadoop.metrics2.impl.MetricsSystemImpl - JobTracker metrics system already initialized!
2022-11-15 20:40:51,551 [main] WARN  org.apache.hadoop.metrics2.impl.MetricsSystemImpl - JobTracker metrics system already initialized!
2022-11-15 20:40:51,552 [main] WARN  org.apache.hadoop.metrics2.impl.MetricsSystemImpl - JobTracker metrics system already initialized!
2022-11-15 20:40:51,556 [main] INFO  org.apache.pig.backend.hadoop.executionengine.mapReduceLayer.MapReduceLauncher - 100% complete
2022-11-15 20:40:51,559 [main] INFO  org.apache.pig.tools.pigstats.mapreduce.SimplePigStats - Script Statistics: 

HadoopVersion	PigVersion	UserId	StartedAt	FinishedAt	Features
3.2.2	0.17.0	apingili	2022-11-15 20:40:50	2022-11-15 20:40:51	GROUP_BY,FILTER

Success!

Job Stats (time in seconds):
JobId	Maps	Reduces	MaxMapTime	MinMapTime	AvgMapTime	MedianMapTime	MaxReduceTime	MinReduceTime	AvgReduceTime	MedianReducetime	Alias	Feature	Outputs
job_local2043291634_0002	1	1	n/a	n/a	n/a	n/a	n/a	n/a	n/a	n/a	G,S	GROUP_BY,COMBINER	file:///home/apingili/project6/output,
job_local713553425_0001	1	1	n/a	n/a	n/a	n/a	n/a	n/a	n/a	n/a	A,N,U,Use_Rate	GROUP_BY,COMBINER	

Input(s):
Successfully read 18 records from: "file:///home/apingili/project6/small-netflix.csv"

Output(s):
Successfully stored 6 records in: "file:///home/apingili/project6/output"

Counters:
Total records written : 6
Total bytes written : 0
Spillable Memory Manager spill count : 0
Total bags proactively spilled: 0
Total records proactively spilled: 0

Job DAG:
job_local713553425_0001	->	job_local2043291634_0002,
job_local2043291634_0002


2022-11-15 20:40:51,560 [main] WARN  org.apache.hadoop.metrics2.impl.MetricsSystemImpl - JobTracker metrics system already initialized!
2022-11-15 20:40:51,561 [main] WARN  org.apache.hadoop.metrics2.impl.MetricsSystemImpl - JobTracker metrics system already initialized!
2022-11-15 20:40:51,561 [main] WARN  org.apache.hadoop.metrics2.impl.MetricsSystemImpl - JobTracker metrics system already initialized!
2022-11-15 20:40:51,565 [main] WARN  org.apache.hadoop.metrics2.impl.MetricsSystemImpl - JobTracker metrics system already initialized!
2022-11-15 20:40:51,566 [main] WARN  org.apache.hadoop.metrics2.impl.MetricsSystemImpl - JobTracker metrics system already initialized!
2022-11-15 20:40:51,567 [main] WARN  org.apache.hadoop.metrics2.impl.MetricsSystemImpl - JobTracker metrics system already initialized!
2022-11-15 20:40:51,569 [main] WARN  org.apache.pig.backend.hadoop.executionengine.mapReduceLayer.MapReduceLauncher - Encountered Warning FIELD_DISCARDED_TYPE_CONVERSION_FAILED 3 time(s).
2022-11-15 20:40:51,569 [main] WARN  org.apache.pig.backend.hadoop.executionengine.mapReduceLayer.MapReduceLauncher - Encountered Warning ACCESSING_NON_EXISTENT_FIELD 3 time(s).
2022-11-15 20:40:51,569 [main] INFO  org.apache.pig.backend.hadoop.executionengine.mapReduceLayer.MapReduceLauncher - Success!
2022-11-15 20:40:51,581 [main] INFO  org.apache.pig.Main - Pig script completed in 2 seconds and 304 milliseconds (2304 ms)
