2022-09-27 16:44:35,683 INFO impl.MetricsConfig: Loaded properties from hadoop-metrics2.properties
2022-09-27 16:44:35,749 INFO impl.MetricsSystemImpl: Scheduled Metric snapshot period at 10 second(s).
2022-09-27 16:44:35,749 INFO impl.MetricsSystemImpl: JobTracker metrics system started
2022-09-27 16:44:35,806 WARN mapreduce.JobResourceUploader: Hadoop command-line option parsing not performed. Implement the Tool interface and execute your application with ToolRunner to remedy this.
2022-09-27 16:44:35,887 INFO input.FileInputFormat: Total input files to process : 1
2022-09-27 16:44:35,927 INFO mapreduce.JobSubmitter: number of splits:1
2022-09-27 16:44:36,046 INFO mapreduce.JobSubmitter: Submitting tokens for job: job_local1603653724_0001
2022-09-27 16:44:36,046 INFO mapreduce.JobSubmitter: Executing with tokens: []
2022-09-27 16:44:36,125 INFO mapreduce.Job: The url to track the job: http://localhost:8080/
2022-09-27 16:44:36,128 INFO mapreduce.Job: Running job: job_local1603653724_0001
2022-09-27 16:44:36,133 INFO mapred.LocalJobRunner: OutputCommitter set in config null
2022-09-27 16:44:36,139 INFO output.FileOutputCommitter: File Output Committer Algorithm version is 2
2022-09-27 16:44:36,139 INFO output.FileOutputCommitter: FileOutputCommitter skip cleanup _temporary folders under output directory:false, ignore cleanup failures: false
2022-09-27 16:44:36,140 INFO mapred.LocalJobRunner: OutputCommitter is org.apache.hadoop.mapreduce.lib.output.FileOutputCommitter
2022-09-27 16:44:36,223 INFO mapred.LocalJobRunner: Waiting for map tasks
2022-09-27 16:44:36,224 INFO mapred.LocalJobRunner: Starting task: attempt_local1603653724_0001_m_000000_0
2022-09-27 16:44:36,239 INFO output.FileOutputCommitter: File Output Committer Algorithm version is 2
2022-09-27 16:44:36,239 INFO output.FileOutputCommitter: FileOutputCommitter skip cleanup _temporary folders under output directory:false, ignore cleanup failures: false
2022-09-27 16:44:36,266 INFO mapred.Task:  Using ResourceCalculatorProcessTree : [ ]
2022-09-27 16:44:36,268 INFO mapred.MapTask: Processing split: file:/home/apingili/project1/small-netflix.csv:0+252
2022-09-27 16:44:36,286 INFO mapred.MapTask: (EQUATOR) 0 kvi 26214396(104857584)
2022-09-27 16:44:36,286 INFO mapred.MapTask: mapreduce.task.io.sort.mb: 100
2022-09-27 16:44:36,286 INFO mapred.MapTask: soft limit at 83886080
2022-09-27 16:44:36,286 INFO mapred.MapTask: bufstart = 0; bufvoid = 104857600
2022-09-27 16:44:36,286 INFO mapred.MapTask: kvstart = 26214396; length = 6553600
2022-09-27 16:44:36,289 INFO mapred.MapTask: Map output collector class = org.apache.hadoop.mapred.MapTask$MapOutputBuffer
2022-09-27 16:44:36,304 INFO mapred.LocalJobRunner: 
2022-09-27 16:44:36,304 INFO mapred.MapTask: Starting flush of map output
2022-09-27 16:44:36,304 INFO mapred.MapTask: Spilling map output
2022-09-27 16:44:36,304 INFO mapred.MapTask: bufstart = 0; bufend = 120; bufvoid = 104857600
2022-09-27 16:44:36,304 INFO mapred.MapTask: kvstart = 26214396(104857584); kvend = 26214340(104857360); length = 57/6553600
2022-09-27 16:44:36,307 INFO mapred.MapTask: Finished spill 0
2022-09-27 16:44:36,312 INFO mapred.Task: Task:attempt_local1603653724_0001_m_000000_0 is done. And is in the process of committing
2022-09-27 16:44:36,314 INFO mapred.LocalJobRunner: map
2022-09-27 16:44:36,314 INFO mapred.Task: Task 'attempt_local1603653724_0001_m_000000_0' done.
2022-09-27 16:44:36,318 INFO mapred.Task: Final Counters for attempt_local1603653724_0001_m_000000_0: Counters: 17
	File System Counters
		FILE: Number of bytes read=5195
		FILE: Number of bytes written=551488
		FILE: Number of read operations=0
		FILE: Number of large read operations=0
		FILE: Number of write operations=0
	Map-Reduce Framework
		Map input records=18
		Map output records=15
		Map output bytes=120
		Map output materialized bytes=156
		Input split bytes=111
		Combine input records=0
		Spilled Records=15
		Failed Shuffles=0
		Merged Map outputs=0
		GC time elapsed (ms)=0
		Total committed heap usage (bytes)=2147483648
	File Input Format Counters 
		Bytes Read=252
2022-09-27 16:44:36,318 INFO mapred.LocalJobRunner: Finishing task: attempt_local1603653724_0001_m_000000_0
2022-09-27 16:44:36,318 INFO mapred.LocalJobRunner: map task executor complete.
2022-09-27 16:44:36,320 INFO mapred.LocalJobRunner: Waiting for reduce tasks
2022-09-27 16:44:36,321 INFO mapred.LocalJobRunner: Starting task: attempt_local1603653724_0001_r_000000_0
2022-09-27 16:44:36,326 INFO output.FileOutputCommitter: File Output Committer Algorithm version is 2
2022-09-27 16:44:36,326 INFO output.FileOutputCommitter: FileOutputCommitter skip cleanup _temporary folders under output directory:false, ignore cleanup failures: false
2022-09-27 16:44:36,326 INFO mapred.Task:  Using ResourceCalculatorProcessTree : [ ]
2022-09-27 16:44:36,328 INFO mapred.ReduceTask: Using ShuffleConsumerPlugin: org.apache.hadoop.mapreduce.task.reduce.Shuffle@57bd1393
2022-09-27 16:44:36,329 WARN impl.MetricsSystemImpl: JobTracker metrics system already initialized!
2022-09-27 16:44:36,339 INFO reduce.MergeManagerImpl: The max number of bytes for a single in-memory shuffle cannot be larger than Integer.MAX_VALUE. Setting it to Integer.MAX_VALUE
2022-09-27 16:44:36,339 INFO reduce.MergeManagerImpl: MergerManager: memoryLimit=22525089792, maxSingleShuffleLimit=2147483647, mergeThreshold=14866560000, ioSortFactor=10, memToMemMergeOutputsThreshold=10
2022-09-27 16:44:36,341 INFO reduce.EventFetcher: attempt_local1603653724_0001_r_000000_0 Thread started: EventFetcher for fetching Map Completion Events
2022-09-27 16:44:36,359 INFO reduce.LocalFetcher: localfetcher#1 about to shuffle output of map attempt_local1603653724_0001_m_000000_0 decomp: 152 len: 156 to MEMORY
2022-09-27 16:44:36,361 INFO reduce.InMemoryMapOutput: Read 152 bytes from map-output for attempt_local1603653724_0001_m_000000_0
2022-09-27 16:44:36,362 INFO reduce.MergeManagerImpl: closeInMemoryFile -> map-output of size: 152, inMemoryMapOutputs.size() -> 1, commitMemory -> 0, usedMemory ->152
2022-09-27 16:44:36,364 INFO reduce.EventFetcher: EventFetcher is interrupted.. Returning
2022-09-27 16:44:36,365 INFO mapred.LocalJobRunner: 1 / 1 copied.
2022-09-27 16:44:36,365 INFO reduce.MergeManagerImpl: finalMerge called with 1 in-memory map-outputs and 0 on-disk map-outputs
2022-09-27 16:44:36,368 INFO mapred.Merger: Merging 1 sorted segments
2022-09-27 16:44:36,368 INFO mapred.Merger: Down to the last merge-pass, with 1 segments left of total size: 146 bytes
2022-09-27 16:44:36,369 INFO reduce.MergeManagerImpl: Merged 1 segments, 152 bytes to disk to satisfy reduce memory limit
2022-09-27 16:44:36,369 INFO reduce.MergeManagerImpl: Merging 1 files, 156 bytes from disk
2022-09-27 16:44:36,369 INFO reduce.MergeManagerImpl: Merging 0 segments, 0 bytes from memory into reduce
2022-09-27 16:44:36,369 INFO mapred.Merger: Merging 1 sorted segments
2022-09-27 16:44:36,369 INFO mapred.Merger: Down to the last merge-pass, with 1 segments left of total size: 146 bytes
2022-09-27 16:44:36,370 INFO mapred.LocalJobRunner: 1 / 1 copied.
2022-09-27 16:44:36,436 INFO Configuration.deprecation: mapred.skip.on is deprecated. Instead, use mapreduce.job.skiprecords
2022-09-27 16:44:36,448 INFO mapred.Task: Task:attempt_local1603653724_0001_r_000000_0 is done. And is in the process of committing
2022-09-27 16:44:36,449 INFO mapred.LocalJobRunner: 1 / 1 copied.
2022-09-27 16:44:36,449 INFO mapred.Task: Task attempt_local1603653724_0001_r_000000_0 is allowed to commit now
2022-09-27 16:44:36,458 INFO output.FileOutputCommitter: Saved output of task 'attempt_local1603653724_0001_r_000000_0' to file:/home/apingili/project1/temp
2022-09-27 16:44:36,458 INFO mapred.LocalJobRunner: reduce > reduce
2022-09-27 16:44:36,458 INFO mapred.Task: Task 'attempt_local1603653724_0001_r_000000_0' done.
2022-09-27 16:44:36,459 INFO mapred.Task: Final Counters for attempt_local1603653724_0001_r_000000_0: Counters: 24
	File System Counters
		FILE: Number of bytes read=5539
		FILE: Number of bytes written=551698
		FILE: Number of read operations=0
		FILE: Number of large read operations=0
		FILE: Number of write operations=0
	Map-Reduce Framework
		Combine input records=0
		Combine output records=0
		Reduce input groups=7
		Reduce shuffle bytes=156
		Reduce input records=15
		Reduce output records=7
		Spilled Records=15
		Shuffled Maps =1
		Failed Shuffles=0
		Merged Map outputs=1
		GC time elapsed (ms)=0
		Total committed heap usage (bytes)=2147483648
	Shuffle Errors
		BAD_ID=0
		CONNECTION=0
		IO_ERROR=0
		WRONG_LENGTH=0
		WRONG_MAP=0
		WRONG_REDUCE=0
	File Output Format Counters 
		Bytes Written=54
2022-09-27 16:44:36,459 INFO mapred.LocalJobRunner: Finishing task: attempt_local1603653724_0001_r_000000_0
2022-09-27 16:44:36,459 INFO mapred.LocalJobRunner: reduce task executor complete.
2022-09-27 16:44:37,136 INFO mapreduce.Job: Job job_local1603653724_0001 running in uber mode : false
2022-09-27 16:44:37,137 INFO mapreduce.Job:  map 100% reduce 100%
2022-09-27 16:44:37,138 INFO mapreduce.Job: Job job_local1603653724_0001 completed successfully
2022-09-27 16:44:37,144 INFO mapreduce.Job: Counters: 30
	File System Counters
		FILE: Number of bytes read=10734
		FILE: Number of bytes written=1103186
		FILE: Number of read operations=0
		FILE: Number of large read operations=0
		FILE: Number of write operations=0
	Map-Reduce Framework
		Map input records=18
		Map output records=15
		Map output bytes=120
		Map output materialized bytes=156
		Input split bytes=111
		Combine input records=0
		Combine output records=0
		Reduce input groups=7
		Reduce shuffle bytes=156
		Reduce input records=15
		Reduce output records=7
		Spilled Records=30
		Shuffled Maps =1
		Failed Shuffles=0
		Merged Map outputs=1
		GC time elapsed (ms)=0
		Total committed heap usage (bytes)=4294967296
	Shuffle Errors
		BAD_ID=0
		CONNECTION=0
		IO_ERROR=0
		WRONG_LENGTH=0
		WRONG_MAP=0
		WRONG_REDUCE=0
	File Input Format Counters 
		Bytes Read=252
	File Output Format Counters 
		Bytes Written=54
2022-09-27 16:44:37,157 WARN impl.MetricsSystemImpl: JobTracker metrics system already initialized!
2022-09-27 16:44:37,158 WARN mapreduce.JobResourceUploader: Hadoop command-line option parsing not performed. Implement the Tool interface and execute your application with ToolRunner to remedy this.
2022-09-27 16:44:37,164 INFO input.FileInputFormat: Total input files to process : 1
2022-09-27 16:44:37,166 INFO mapreduce.JobSubmitter: number of splits:1
2022-09-27 16:44:37,175 INFO mapreduce.JobSubmitter: Submitting tokens for job: job_local1814314585_0002
2022-09-27 16:44:37,175 INFO mapreduce.JobSubmitter: Executing with tokens: []
2022-09-27 16:44:37,254 INFO mapreduce.Job: The url to track the job: http://localhost:8080/
2022-09-27 16:44:37,255 INFO mapreduce.Job: Running job: job_local1814314585_0002
2022-09-27 16:44:37,255 INFO mapred.LocalJobRunner: OutputCommitter set in config null
2022-09-27 16:44:37,255 INFO output.FileOutputCommitter: File Output Committer Algorithm version is 2
2022-09-27 16:44:37,255 INFO output.FileOutputCommitter: FileOutputCommitter skip cleanup _temporary folders under output directory:false, ignore cleanup failures: false
2022-09-27 16:44:37,256 INFO mapred.LocalJobRunner: OutputCommitter is org.apache.hadoop.mapreduce.lib.output.FileOutputCommitter
2022-09-27 16:44:37,327 INFO mapred.LocalJobRunner: Waiting for map tasks
2022-09-27 16:44:37,327 INFO mapred.LocalJobRunner: Starting task: attempt_local1814314585_0002_m_000000_0
2022-09-27 16:44:37,329 INFO output.FileOutputCommitter: File Output Committer Algorithm version is 2
2022-09-27 16:44:37,329 INFO output.FileOutputCommitter: FileOutputCommitter skip cleanup _temporary folders under output directory:false, ignore cleanup failures: false
2022-09-27 16:44:37,329 INFO mapred.Task:  Using ResourceCalculatorProcessTree : [ ]
2022-09-27 16:44:37,330 INFO mapred.MapTask: Processing split: file:/home/apingili/project1/temp/part-r-00000:0+42
2022-09-27 16:44:37,344 INFO mapred.MapTask: (EQUATOR) 0 kvi 26214396(104857584)
2022-09-27 16:44:37,344 INFO mapred.MapTask: mapreduce.task.io.sort.mb: 100
2022-09-27 16:44:37,344 INFO mapred.MapTask: soft limit at 83886080
2022-09-27 16:44:37,344 INFO mapred.MapTask: bufstart = 0; bufvoid = 104857600
2022-09-27 16:44:37,344 INFO mapred.MapTask: kvstart = 26214396; length = 6553600
2022-09-27 16:44:37,345 INFO mapred.MapTask: Map output collector class = org.apache.hadoop.mapred.MapTask$MapOutputBuffer
2022-09-27 16:44:37,349 INFO mapred.LocalJobRunner: 
2022-09-27 16:44:37,350 INFO mapred.MapTask: Starting flush of map output
2022-09-27 16:44:37,350 INFO mapred.MapTask: Spilling map output
2022-09-27 16:44:37,350 INFO mapred.MapTask: bufstart = 0; bufend = 56; bufvoid = 104857600
2022-09-27 16:44:37,350 INFO mapred.MapTask: kvstart = 26214396(104857584); kvend = 26214372(104857488); length = 25/6553600
2022-09-27 16:44:37,350 INFO mapred.MapTask: Finished spill 0
2022-09-27 16:44:37,351 INFO mapred.Task: Task:attempt_local1814314585_0002_m_000000_0 is done. And is in the process of committing
2022-09-27 16:44:37,352 INFO mapred.LocalJobRunner: map
2022-09-27 16:44:37,352 INFO mapred.Task: Task 'attempt_local1814314585_0002_m_000000_0' done.
2022-09-27 16:44:37,353 INFO mapred.Task: Final Counters for attempt_local1814314585_0002_m_000000_0: Counters: 17
	File System Counters
		FILE: Number of bytes read=10539
		FILE: Number of bytes written=1103099
		FILE: Number of read operations=0
		FILE: Number of large read operations=0
		FILE: Number of write operations=0
	Map-Reduce Framework
		Map input records=7
		Map output records=7
		Map output bytes=56
		Map output materialized bytes=76
		Input split bytes=111
		Combine input records=0
		Spilled Records=7
		Failed Shuffles=0
		Merged Map outputs=0
		GC time elapsed (ms)=0
		Total committed heap usage (bytes)=2147483648
	File Input Format Counters 
		Bytes Read=58
2022-09-27 16:44:37,353 INFO mapred.LocalJobRunner: Finishing task: attempt_local1814314585_0002_m_000000_0
2022-09-27 16:44:37,353 INFO mapred.LocalJobRunner: map task executor complete.
2022-09-27 16:44:37,354 INFO mapred.LocalJobRunner: Waiting for reduce tasks
2022-09-27 16:44:37,354 INFO mapred.LocalJobRunner: Starting task: attempt_local1814314585_0002_r_000000_0
2022-09-27 16:44:37,355 INFO output.FileOutputCommitter: File Output Committer Algorithm version is 2
2022-09-27 16:44:37,355 INFO output.FileOutputCommitter: FileOutputCommitter skip cleanup _temporary folders under output directory:false, ignore cleanup failures: false
2022-09-27 16:44:37,356 INFO mapred.Task:  Using ResourceCalculatorProcessTree : [ ]
2022-09-27 16:44:37,356 INFO mapred.ReduceTask: Using ShuffleConsumerPlugin: org.apache.hadoop.mapreduce.task.reduce.Shuffle@42f2c1da
2022-09-27 16:44:37,356 WARN impl.MetricsSystemImpl: JobTracker metrics system already initialized!
2022-09-27 16:44:37,357 INFO reduce.MergeManagerImpl: The max number of bytes for a single in-memory shuffle cannot be larger than Integer.MAX_VALUE. Setting it to Integer.MAX_VALUE
2022-09-27 16:44:37,357 INFO reduce.MergeManagerImpl: MergerManager: memoryLimit=22525089792, maxSingleShuffleLimit=2147483647, mergeThreshold=14866560000, ioSortFactor=10, memToMemMergeOutputsThreshold=10
2022-09-27 16:44:37,357 INFO reduce.EventFetcher: attempt_local1814314585_0002_r_000000_0 Thread started: EventFetcher for fetching Map Completion Events
2022-09-27 16:44:37,359 INFO reduce.LocalFetcher: localfetcher#2 about to shuffle output of map attempt_local1814314585_0002_m_000000_0 decomp: 72 len: 76 to MEMORY
2022-09-27 16:44:37,359 INFO reduce.InMemoryMapOutput: Read 72 bytes from map-output for attempt_local1814314585_0002_m_000000_0
2022-09-27 16:44:37,359 INFO reduce.MergeManagerImpl: closeInMemoryFile -> map-output of size: 72, inMemoryMapOutputs.size() -> 1, commitMemory -> 0, usedMemory ->72
2022-09-27 16:44:37,360 INFO reduce.EventFetcher: EventFetcher is interrupted.. Returning
2022-09-27 16:44:37,360 INFO mapred.LocalJobRunner: 1 / 1 copied.
2022-09-27 16:44:37,360 INFO reduce.MergeManagerImpl: finalMerge called with 1 in-memory map-outputs and 0 on-disk map-outputs
2022-09-27 16:44:37,361 INFO mapred.Merger: Merging 1 sorted segments
2022-09-27 16:44:37,361 INFO mapred.Merger: Down to the last merge-pass, with 1 segments left of total size: 66 bytes
2022-09-27 16:44:37,362 INFO reduce.MergeManagerImpl: Merged 1 segments, 72 bytes to disk to satisfy reduce memory limit
2022-09-27 16:44:37,362 INFO reduce.MergeManagerImpl: Merging 1 files, 76 bytes from disk
2022-09-27 16:44:37,362 INFO reduce.MergeManagerImpl: Merging 0 segments, 0 bytes from memory into reduce
2022-09-27 16:44:37,362 INFO mapred.Merger: Merging 1 sorted segments
2022-09-27 16:44:37,363 INFO mapred.Merger: Down to the last merge-pass, with 1 segments left of total size: 66 bytes
2022-09-27 16:44:37,363 INFO mapred.LocalJobRunner: 1 / 1 copied.
2022-09-27 16:44:37,440 INFO mapred.Task: Task:attempt_local1814314585_0002_r_000000_0 is done. And is in the process of committing
2022-09-27 16:44:37,441 INFO mapred.LocalJobRunner: 1 / 1 copied.
2022-09-27 16:44:37,441 INFO mapred.Task: Task attempt_local1814314585_0002_r_000000_0 is allowed to commit now
2022-09-27 16:44:37,450 INFO output.FileOutputCommitter: Saved output of task 'attempt_local1814314585_0002_r_000000_0' to file:/home/apingili/project1/output
2022-09-27 16:44:37,450 INFO mapred.LocalJobRunner: reduce > reduce
2022-09-27 16:44:37,450 INFO mapred.Task: Task 'attempt_local1814314585_0002_r_000000_0' done.
2022-09-27 16:44:37,450 INFO mapred.Task: Final Counters for attempt_local1814314585_0002_r_000000_0: Counters: 24
	File System Counters
		FILE: Number of bytes read=10723
		FILE: Number of bytes written=1103211
		FILE: Number of read operations=0
		FILE: Number of large read operations=0
		FILE: Number of write operations=0
	Map-Reduce Framework
		Combine input records=0
		Combine output records=0
		Reduce input groups=4
		Reduce shuffle bytes=76
		Reduce input records=7
		Reduce output records=4
		Spilled Records=7
		Shuffled Maps =1
		Failed Shuffles=0
		Merged Map outputs=1
		GC time elapsed (ms)=0
		Total committed heap usage (bytes)=2147483648
	Shuffle Errors
		BAD_ID=0
		CONNECTION=0
		IO_ERROR=0
		WRONG_LENGTH=0
		WRONG_MAP=0
		WRONG_REDUCE=0
	File Output Format Counters 
		Bytes Written=36
2022-09-27 16:44:37,450 INFO mapred.LocalJobRunner: Finishing task: attempt_local1814314585_0002_r_000000_0
2022-09-27 16:44:37,451 INFO mapred.LocalJobRunner: reduce task executor complete.
2022-09-27 16:44:38,255 INFO mapreduce.Job: Job job_local1814314585_0002 running in uber mode : false
2022-09-27 16:44:38,255 INFO mapreduce.Job:  map 100% reduce 100%
2022-09-27 16:44:38,255 INFO mapreduce.Job: Job job_local1814314585_0002 completed successfully
2022-09-27 16:44:38,259 INFO mapreduce.Job: Counters: 30
	File System Counters
		FILE: Number of bytes read=21262
		FILE: Number of bytes written=2206310
		FILE: Number of read operations=0
		FILE: Number of large read operations=0
		FILE: Number of write operations=0
	Map-Reduce Framework
		Map input records=7
		Map output records=7
		Map output bytes=56
		Map output materialized bytes=76
		Input split bytes=111
		Combine input records=0
		Combine output records=0
		Reduce input groups=4
		Reduce shuffle bytes=76
		Reduce input records=7
		Reduce output records=4
		Spilled Records=14
		Shuffled Maps =1
		Failed Shuffles=0
		Merged Map outputs=1
		GC time elapsed (ms)=0
		Total committed heap usage (bytes)=4294967296
	Shuffle Errors
		BAD_ID=0
		CONNECTION=0
		IO_ERROR=0
		WRONG_LENGTH=0
		WRONG_MAP=0
		WRONG_REDUCE=0
	File Input Format Counters 
		Bytes Read=58
	File Output Format Counters 
		Bytes Written=36
