2022-12-06 00:06:23,322 INFO impl.MetricsConfig: Loaded properties from hadoop-metrics2.properties
2022-12-06 00:06:23,388 INFO impl.MetricsSystemImpl: Scheduled Metric snapshot period at 10 second(s).
2022-12-06 00:06:23,388 INFO impl.MetricsSystemImpl: JobTracker metrics system started
2022-12-06 00:06:23,441 WARN mapreduce.JobResourceUploader: Hadoop command-line option parsing not performed. Implement the Tool interface and execute your application with ToolRunner to remedy this.
2022-12-06 00:06:23,520 INFO input.FileInputFormat: Total input files to process : 1
2022-12-06 00:06:23,554 INFO input.FileInputFormat: Total input files to process : 1
2022-12-06 00:06:23,555 INFO input.FileInputFormat: Total input files to process : 1
2022-12-06 00:06:23,563 INFO mapreduce.JobSubmitter: number of splits:3
2022-12-06 00:06:23,680 INFO mapreduce.JobSubmitter: Submitting tokens for job: job_local1109964504_0001
2022-12-06 00:06:23,680 INFO mapreduce.JobSubmitter: Executing with tokens: []
2022-12-06 00:06:23,764 INFO mapreduce.Job: The url to track the job: http://localhost:8080/
2022-12-06 00:06:23,767 INFO mapreduce.Job: Running job: job_local1109964504_0001
2022-12-06 00:06:23,772 INFO mapred.LocalJobRunner: OutputCommitter set in config null
2022-12-06 00:06:23,780 INFO output.FileOutputCommitter: File Output Committer Algorithm version is 2
2022-12-06 00:06:23,780 INFO output.FileOutputCommitter: FileOutputCommitter skip cleanup _temporary folders under output directory:false, ignore cleanup failures: false
2022-12-06 00:06:23,780 INFO mapred.LocalJobRunner: OutputCommitter is org.apache.hadoop.mapreduce.lib.output.FileOutputCommitter
2022-12-06 00:06:23,874 INFO mapred.LocalJobRunner: Waiting for map tasks
2022-12-06 00:06:23,875 INFO mapred.LocalJobRunner: Starting task: attempt_local1109964504_0001_m_000000_0
2022-12-06 00:06:23,891 INFO output.FileOutputCommitter: File Output Committer Algorithm version is 2
2022-12-06 00:06:23,891 INFO output.FileOutputCommitter: FileOutputCommitter skip cleanup _temporary folders under output directory:false, ignore cleanup failures: false
2022-12-06 00:06:23,910 INFO mapred.Task:  Using ResourceCalculatorProcessTree : [ ]
2022-12-06 00:06:23,913 INFO mapred.MapTask: Processing split: file:/home/apingili/DB2/Project3/two/title.basics.tsv:0+778970108
2022-12-06 00:06:23,931 INFO mapred.MapTask: (EQUATOR) 0 kvi 26214396(104857584)
2022-12-06 00:06:23,931 INFO mapred.MapTask: mapreduce.task.io.sort.mb: 100
2022-12-06 00:06:23,931 INFO mapred.MapTask: soft limit at 83886080
2022-12-06 00:06:23,931 INFO mapred.MapTask: bufstart = 0; bufvoid = 104857600
2022-12-06 00:06:23,931 INFO mapred.MapTask: kvstart = 26214396; length = 6553600
2022-12-06 00:06:23,933 INFO mapred.MapTask: Map output collector class = org.apache.hadoop.mapred.MapTask$MapOutputBuffer
2022-12-06 00:06:24,776 INFO mapreduce.Job: Job job_local1109964504_0001 running in uber mode : false
2022-12-06 00:06:24,777 INFO mapreduce.Job:  map 0% reduce 0%
2022-12-06 00:06:29,719 INFO mapred.MapTask: Spilling map output
2022-12-06 00:06:29,720 INFO mapred.MapTask: bufstart = 0; bufend = 68683106; bufvoid = 104857600
2022-12-06 00:06:29,720 INFO mapred.MapTask: kvstart = 26214396(104857584); kvend = 22413640(89654560); length = 3800757/6553600
2022-12-06 00:06:29,720 INFO mapred.MapTask: (EQUATOR) 72496082 kvi 18124016(72496064)
2022-12-06 00:06:30,645 INFO mapred.MapTask: Finished spill 0
2022-12-06 00:06:30,646 INFO mapred.MapTask: (RESET) equator 72496082 kv 18124016(72496064) kvi 17628972(70515888)
2022-12-06 00:06:34,787 INFO mapred.MapTask: Spilling map output
2022-12-06 00:06:34,787 INFO mapred.MapTask: bufstart = 72496082; bufend = 36731251; bufvoid = 104857600
2022-12-06 00:06:34,787 INFO mapred.MapTask: kvstart = 18124016(72496064); kvend = 14425684(57702736); length = 3698333/6553600
2022-12-06 00:06:34,787 INFO mapred.MapTask: (EQUATOR) 40501395 kvi 10125344(40501376)
2022-12-06 00:06:35,857 INFO mapred.MapTask: Finished spill 1
2022-12-06 00:06:35,857 INFO mapred.MapTask: (RESET) equator 40501395 kv 10125344(40501376) kvi 9534008(38136032)
2022-12-06 00:06:35,903 INFO mapred.LocalJobRunner: map > map
2022-12-06 00:06:36,784 INFO mapreduce.Job:  map 5% reduce 0%
2022-12-06 00:06:39,860 INFO mapred.MapTask: Spilling map output
2022-12-06 00:06:39,860 INFO mapred.MapTask: bufstart = 40501395; bufend = 4814979; bufvoid = 104857600
2022-12-06 00:06:39,860 INFO mapred.MapTask: kvstart = 10125344(40501376); kvend = 6446600(25786400); length = 3678745/6553600
2022-12-06 00:06:39,860 INFO mapred.MapTask: (EQUATOR) 8543219 kvi 2135800(8543200)
2022-12-06 00:06:40,790 INFO mapred.MapTask: Finished spill 2
2022-12-06 00:06:40,790 INFO mapred.MapTask: (RESET) equator 8543219 kv 2135800(8543200) kvi 1616356(6465424)
2022-12-06 00:06:41,904 INFO mapred.LocalJobRunner: map > map
2022-12-06 00:06:42,786 INFO mapreduce.Job:  map 8% reduce 0%
2022-12-06 00:06:44,886 INFO mapred.MapTask: Spilling map output
2022-12-06 00:06:44,886 INFO mapred.MapTask: bufstart = 8543219; bufend = 77741836; bufvoid = 104857600
2022-12-06 00:06:44,886 INFO mapred.MapTask: kvstart = 2135800(8543200); kvend = 24678328(98713312); length = 3671873/6553600
2022-12-06 00:06:44,886 INFO mapred.MapTask: (EQUATOR) 81470092 kvi 20367516(81470064)
2022-12-06 00:06:45,883 INFO mapred.MapTask: Finished spill 3
2022-12-06 00:06:45,883 INFO mapred.MapTask: (RESET) equator 81470092 kv 20367516(81470064) kvi 19811408(79245632)
2022-12-06 00:06:47,905 INFO mapred.LocalJobRunner: map > map
2022-12-06 00:06:48,796 INFO mapreduce.Job:  map 10% reduce 0%
2022-12-06 00:06:49,928 INFO mapred.MapTask: Spilling map output
2022-12-06 00:06:49,928 INFO mapred.MapTask: bufstart = 81470092; bufend = 45763720; bufvoid = 104857600
2022-12-06 00:06:49,928 INFO mapred.MapTask: kvstart = 20367516(81470064); kvend = 16683800(66735200); length = 3683717/6553600
2022-12-06 00:06:49,928 INFO mapred.MapTask: (EQUATOR) 49491976 kvi 12372988(49491952)
2022-12-06 00:06:50,917 INFO mapred.MapTask: Finished spill 4
2022-12-06 00:06:50,917 INFO mapred.MapTask: (RESET) equator 49491976 kv 12372988(49491952) kvi 11822884(47291536)
2022-12-06 00:06:53,906 INFO mapred.LocalJobRunner: map > map
2022-12-06 00:06:54,798 INFO mapreduce.Job:  map 13% reduce 0%
2022-12-06 00:06:54,967 INFO mapred.MapTask: Spilling map output
2022-12-06 00:06:54,967 INFO mapred.MapTask: bufstart = 49491976; bufend = 13915504; bufvoid = 104857600
2022-12-06 00:06:54,967 INFO mapred.MapTask: kvstart = 12372988(49491952); kvend = 8721748(34886992); length = 3651241/6553600
2022-12-06 00:06:54,967 INFO mapred.MapTask: (EQUATOR) 17643760 kvi 4410936(17643744)
2022-12-06 00:06:55,818 INFO mapred.MapTask: Finished spill 5
2022-12-06 00:06:55,819 INFO mapred.MapTask: (RESET) equator 17643760 kv 4410936(17643744) kvi 3904684(15618736)
2022-12-06 00:06:59,907 INFO mapred.LocalJobRunner: map > map
2022-12-06 00:06:59,991 INFO mapred.MapTask: Spilling map output
2022-12-06 00:06:59,991 INFO mapred.MapTask: bufstart = 17643760; bufend = 86698919; bufvoid = 104857600
2022-12-06 00:06:59,991 INFO mapred.MapTask: kvstart = 4410936(17643744); kvend = 703188(2812752); length = 3707749/6553600
2022-12-06 00:06:59,991 INFO mapred.MapTask: (EQUATOR) 90427159 kvi 22606784(90427136)
2022-12-06 00:07:00,800 INFO mapreduce.Job:  map 16% reduce 0%
2022-12-06 00:07:00,851 INFO mapred.MapTask: Finished spill 6
2022-12-06 00:07:00,851 INFO mapred.MapTask: (RESET) equator 90427159 kv 22606784(90427136) kvi 22108456(88433824)
2022-12-06 00:07:05,193 INFO mapred.MapTask: Spilling map output
2022-12-06 00:07:05,193 INFO mapred.MapTask: bufstart = 90427159; bufend = 54600045; bufvoid = 104857600
2022-12-06 00:07:05,193 INFO mapred.MapTask: kvstart = 22606784(90427136); kvend = 18892880(75571520); length = 3713905/6553600
2022-12-06 00:07:05,193 INFO mapred.MapTask: (EQUATOR) 58328301 kvi 14582068(58328272)
2022-12-06 00:07:05,908 INFO mapred.LocalJobRunner: map > map
2022-12-06 00:07:06,177 INFO mapred.MapTask: Finished spill 7
2022-12-06 00:07:06,177 INFO mapred.MapTask: (RESET) equator 58328301 kv 14582068(58328272) kvi 14012496(56049984)
2022-12-06 00:07:06,802 INFO mapreduce.Job:  map 18% reduce 0%
2022-12-06 00:07:10,295 INFO mapred.MapTask: Spilling map output
2022-12-06 00:07:10,295 INFO mapred.MapTask: bufstart = 58328301; bufend = 22507405; bufvoid = 104857600
2022-12-06 00:07:10,295 INFO mapred.MapTask: kvstart = 14582068(58328272); kvend = 10869732(43478928); length = 3712337/6553600
2022-12-06 00:07:10,295 INFO mapred.MapTask: (EQUATOR) 26235661 kvi 6558908(26235632)
2022-12-06 00:07:11,206 INFO mapred.MapTask: Finished spill 8
2022-12-06 00:07:11,206 INFO mapred.MapTask: (RESET) equator 26235661 kv 6558908(26235632) kvi 6022220(24088880)
2022-12-06 00:07:11,909 INFO mapred.LocalJobRunner: map > map
2022-12-06 00:07:12,804 INFO mapreduce.Job:  map 21% reduce 0%
2022-12-06 00:07:14,526 INFO mapred.LocalJobRunner: map > map
2022-12-06 00:07:14,526 INFO mapred.MapTask: Starting flush of map output
2022-12-06 00:07:14,526 INFO mapred.MapTask: Spilling map output
2022-12-06 00:07:14,526 INFO mapred.MapTask: bufstart = 26235661; bufend = 82894230; bufvoid = 104857600
2022-12-06 00:07:14,526 INFO mapred.MapTask: kvstart = 6558908(26235632); kvend = 3480060(13920240); length = 3078849/6553600
2022-12-06 00:07:15,166 INFO mapred.MapTask: Finished spill 9
2022-12-06 00:07:15,174 INFO mapred.Merger: Merging 10 sorted segments
2022-12-06 00:07:15,180 INFO mapred.Merger: Down to the last merge-pass, with 10 segments left of total size: 348221483 bytes
2022-12-06 00:07:17,531 INFO mapred.Merger: Merging 10 sorted segments
2022-12-06 00:07:17,532 INFO mapred.Merger: Down to the last merge-pass, with 10 segments left of total size: 348379361 bytes
2022-12-06 00:07:17,910 INFO mapred.LocalJobRunner: map > sort > 
2022-12-06 00:07:18,806 INFO mapreduce.Job:  map 29% reduce 0%
2022-12-06 00:07:20,016 INFO mapred.Task: Task:attempt_local1109964504_0001_m_000000_0 is done. And is in the process of committing
2022-12-06 00:07:20,019 INFO mapred.LocalJobRunner: map > sort
2022-12-06 00:07:20,019 INFO mapred.Task: Task 'attempt_local1109964504_0001_m_000000_0' done.
2022-12-06 00:07:20,024 INFO mapred.Task: Final Counters for attempt_local1109964504_0001_m_000000_0: Counters: 17
	File System Counters
		FILE: Number of bytes read=1475602247
		FILE: Number of bytes written=1393759899
		FILE: Number of read operations=0
		FILE: Number of large read operations=0
		FILE: Number of write operations=0
	Map-Reduce Framework
		Map input records=9099385
		Map output records=9099384
		Map output bytes=678358950
		Map output materialized bytes=696600976
		Input split bytes=246
		Combine input records=0
		Spilled Records=18198768
		Failed Shuffles=0
		Merged Map outputs=0
		GC time elapsed (ms)=241
		Total committed heap usage (bytes)=2801795072
	File Input Format Counters 
		Bytes Read=0
2022-12-06 00:07:20,024 INFO mapred.LocalJobRunner: Finishing task: attempt_local1109964504_0001_m_000000_0
2022-12-06 00:07:20,025 INFO mapred.LocalJobRunner: Starting task: attempt_local1109964504_0001_m_000001_0
2022-12-06 00:07:20,027 INFO output.FileOutputCommitter: File Output Committer Algorithm version is 2
2022-12-06 00:07:20,027 INFO output.FileOutputCommitter: FileOutputCommitter skip cleanup _temporary folders under output directory:false, ignore cleanup failures: false
2022-12-06 00:07:20,027 INFO mapred.Task:  Using ResourceCalculatorProcessTree : [ ]
2022-12-06 00:07:20,028 INFO mapred.MapTask: Processing split: file:/home/apingili/DB2/Project3/two/imdb00-title-actors.csv:0+699254716
2022-12-06 00:07:20,039 INFO mapred.MapTask: (EQUATOR) 0 kvi 26214396(104857584)
2022-12-06 00:07:20,039 INFO mapred.MapTask: mapreduce.task.io.sort.mb: 100
2022-12-06 00:07:20,039 INFO mapred.MapTask: soft limit at 83886080
2022-12-06 00:07:20,039 INFO mapred.MapTask: bufstart = 0; bufvoid = 104857600
2022-12-06 00:07:20,039 INFO mapred.MapTask: kvstart = 26214396; length = 6553600
2022-12-06 00:07:20,040 INFO mapred.MapTask: Map output collector class = org.apache.hadoop.mapred.MapTask$MapOutputBuffer
2022-12-06 00:07:20,806 INFO mapreduce.Job:  map 100% reduce 0%
2022-12-06 00:07:23,959 INFO mapred.MapTask: Spilling map output
2022-12-06 00:07:23,959 INFO mapred.MapTask: bufstart = 0; bufend = 64050651; bufvoid = 104857600
2022-12-06 00:07:23,959 INFO mapred.MapTask: kvstart = 26214396(104857584); kvend = 21255532(85022128); length = 4958865/6553600
2022-12-06 00:07:23,959 INFO mapred.MapTask: (EQUATOR) 69058747 kvi 17264680(69058720)
2022-12-06 00:07:25,345 INFO mapred.MapTask: Finished spill 0
2022-12-06 00:07:25,346 INFO mapred.MapTask: (RESET) equator 69058747 kv 17264680(69058720) kvi 16164224(64656896)
2022-12-06 00:07:28,391 INFO mapred.MapTask: Spilling map output
2022-12-06 00:07:28,392 INFO mapred.MapTask: bufstart = 69058747; bufend = 28314604; bufvoid = 104857600
2022-12-06 00:07:28,392 INFO mapred.MapTask: kvstart = 17264680(69058720); kvend = 12321524(49286096); length = 4943157/6553600
2022-12-06 00:07:28,392 INFO mapred.MapTask: (EQUATOR) 33322716 kvi 8330672(33322688)
2022-12-06 00:07:29,858 INFO mapred.MapTask: Finished spill 1
2022-12-06 00:07:29,858 INFO mapred.MapTask: (RESET) equator 33322716 kv 8330672(33322688) kvi 7253360(29013440)
2022-12-06 00:07:32,029 INFO mapred.LocalJobRunner: map > map
2022-12-06 00:07:32,810 INFO mapreduce.Job:  map 37% reduce 0%
2022-12-06 00:07:32,913 INFO mapred.MapTask: Spilling map output
2022-12-06 00:07:32,913 INFO mapred.MapTask: bufstart = 33322716; bufend = 97463388; bufvoid = 104857600
2022-12-06 00:07:32,913 INFO mapred.MapTask: kvstart = 8330672(33322688); kvend = 3394324(13577296); length = 4936349/6553600
2022-12-06 00:07:32,913 INFO mapred.MapTask: (EQUATOR) 102471500 kvi 25617868(102471472)
2022-12-06 00:07:34,527 INFO mapred.MapTask: Finished spill 2
2022-12-06 00:07:34,527 INFO mapred.MapTask: (RESET) equator 102471500 kv 25617868(102471472) kvi 24543056(98172224)
2022-12-06 00:07:37,749 INFO mapred.MapTask: Spilling map output
2022-12-06 00:07:37,749 INFO mapred.MapTask: bufstart = 102471500; bufend = 61658595; bufvoid = 104857600
2022-12-06 00:07:37,749 INFO mapred.MapTask: kvstart = 25617868(102471472); kvend = 20657532(82630128); length = 4960337/6553600
2022-12-06 00:07:37,750 INFO mapred.MapTask: (EQUATOR) 66666707 kvi 16666672(66666688)
2022-12-06 00:07:38,030 INFO mapred.LocalJobRunner: map > map
2022-12-06 00:07:38,816 INFO mapreduce.Job:  map 39% reduce 0%
2022-12-06 00:07:39,361 INFO mapred.MapTask: Finished spill 3
2022-12-06 00:07:39,361 INFO mapred.MapTask: (RESET) equator 66666707 kv 16666672(66666688) kvi 15551908(62207632)
2022-12-06 00:07:42,458 INFO mapred.MapTask: Spilling map output
2022-12-06 00:07:42,458 INFO mapred.MapTask: bufstart = 66666707; bufend = 25865101; bufvoid = 104857600
2022-12-06 00:07:42,458 INFO mapred.MapTask: kvstart = 16666672(66666688); kvend = 11709144(46836576); length = 4957529/6553600
2022-12-06 00:07:42,458 INFO mapred.MapTask: (EQUATOR) 30873197 kvi 7718292(30873168)
2022-12-06 00:07:44,031 INFO mapred.LocalJobRunner: map > map
2022-12-06 00:07:44,053 INFO mapred.MapTask: Finished spill 4
2022-12-06 00:07:44,053 INFO mapred.MapTask: (RESET) equator 30873197 kv 7718292(30873168) kvi 6629924(26519696)
2022-12-06 00:07:44,820 INFO mapreduce.Job:  map 40% reduce 0%
2022-12-06 00:07:47,161 INFO mapred.MapTask: Spilling map output
2022-12-06 00:07:47,161 INFO mapred.MapTask: bufstart = 30873197; bufend = 94923864; bufvoid = 104857600
2022-12-06 00:07:47,161 INFO mapred.MapTask: kvstart = 7718292(30873168); kvend = 2759440(11037760); length = 4958853/6553600
2022-12-06 00:07:47,161 INFO mapred.MapTask: (EQUATOR) 99931976 kvi 24982988(99931952)
2022-12-06 00:07:48,777 INFO mapred.MapTask: Finished spill 5
2022-12-06 00:07:48,777 INFO mapred.MapTask: (RESET) equator 99931976 kv 24982988(99931952) kvi 23909380(95637520)
2022-12-06 00:07:50,031 INFO mapred.LocalJobRunner: map > map
2022-12-06 00:07:50,821 INFO mapreduce.Job:  map 42% reduce 0%
2022-12-06 00:07:51,889 INFO mapred.MapTask: Spilling map output
2022-12-06 00:07:51,889 INFO mapred.MapTask: bufstart = 99931976; bufend = 59297207; bufvoid = 104857600
2022-12-06 00:07:51,889 INFO mapred.MapTask: kvstart = 24982988(99931952); kvend = 20067180(80268720); length = 4915809/6553600
2022-12-06 00:07:51,889 INFO mapred.MapTask: (EQUATOR) 64305319 kvi 16076324(64305296)
2022-12-06 00:07:53,454 INFO mapred.MapTask: Finished spill 6
2022-12-06 00:07:53,455 INFO mapred.MapTask: (RESET) equator 64305319 kv 16076324(64305296) kvi 14999912(59999648)
2022-12-06 00:07:56,032 INFO mapred.LocalJobRunner: map > map
2022-12-06 00:07:56,521 INFO mapred.MapTask: Spilling map output
2022-12-06 00:07:56,521 INFO mapred.MapTask: bufstart = 64305319; bufend = 23941067; bufvoid = 104857600
2022-12-06 00:07:56,521 INFO mapred.MapTask: kvstart = 16076324(64305296); kvend = 11228136(44912544); length = 4848189/6553600
2022-12-06 00:07:56,521 INFO mapred.MapTask: (EQUATOR) 28949163 kvi 7237284(28949136)
2022-12-06 00:07:56,824 INFO mapreduce.Job:  map 44% reduce 0%
2022-12-06 00:07:58,035 INFO mapred.MapTask: Finished spill 7
2022-12-06 00:07:58,035 INFO mapred.MapTask: (RESET) equator 28949163 kv 7237284(28949136) kvi 6190880(24763520)
2022-12-06 00:08:01,128 INFO mapred.MapTask: Spilling map output
2022-12-06 00:08:01,128 INFO mapred.MapTask: bufstart = 28949163; bufend = 93426151; bufvoid = 104857600
2022-12-06 00:08:01,128 INFO mapred.MapTask: kvstart = 7237284(28949136); kvend = 2385020(9540080); length = 4852265/6553600
2022-12-06 00:08:01,128 INFO mapred.MapTask: (EQUATOR) 98360615 kvi 24590148(98360592)
2022-12-06 00:08:02,033 INFO mapred.LocalJobRunner: map > map
2022-12-06 00:08:02,654 INFO mapred.MapTask: Finished spill 8
2022-12-06 00:08:02,654 INFO mapred.MapTask: (RESET) equator 98360615 kv 24590148(98360592) kvi 23558384(94233536)
2022-12-06 00:08:02,825 INFO mapreduce.Job:  map 46% reduce 0%
2022-12-06 00:08:05,791 INFO mapred.MapTask: Spilling map output
2022-12-06 00:08:05,791 INFO mapred.MapTask: bufstart = 98360615; bufend = 57703358; bufvoid = 104857600
2022-12-06 00:08:05,791 INFO mapred.MapTask: kvstart = 24590148(98360592); kvend = 19668720(78674880); length = 4921429/6553600
2022-12-06 00:08:05,791 INFO mapred.MapTask: (EQUATOR) 62637822 kvi 15659448(62637792)
2022-12-06 00:08:07,375 INFO mapred.MapTask: Finished spill 9
2022-12-06 00:08:07,376 INFO mapred.MapTask: (RESET) equator 62637822 kv 15659448(62637792) kvi 14561204(58244816)
2022-12-06 00:08:08,033 INFO mapred.LocalJobRunner: map > map
2022-12-06 00:08:08,827 INFO mapreduce.Job:  map 47% reduce 0%
2022-12-06 00:08:10,472 INFO mapred.MapTask: Spilling map output
2022-12-06 00:08:10,472 INFO mapred.MapTask: bufstart = 62637822; bufend = 21881986; bufvoid = 104857592
2022-12-06 00:08:10,472 INFO mapred.MapTask: kvstart = 15659448(62637792); kvend = 10713376(42853504); length = 4946073/6553600
2022-12-06 00:08:10,472 INFO mapred.MapTask: (EQUATOR) 26816450 kvi 6704108(26816432)
2022-12-06 00:08:12,030 INFO mapred.MapTask: Finished spill 10
2022-12-06 00:08:12,030 INFO mapred.MapTask: (RESET) equator 26816450 kv 6704108(26816432) kvi 5584928(22339712)
2022-12-06 00:08:14,034 INFO mapred.LocalJobRunner: map > map
2022-12-06 00:08:14,829 INFO mapreduce.Job:  map 49% reduce 0%
2022-12-06 00:08:15,113 INFO mapred.MapTask: Spilling map output
2022-12-06 00:08:15,113 INFO mapred.MapTask: bufstart = 26816450; bufend = 90893399; bufvoid = 104857600
2022-12-06 00:08:15,113 INFO mapred.MapTask: kvstart = 6704108(26816432); kvend = 1751824(7007296); length = 4952285/6553600
2022-12-06 00:08:15,113 INFO mapred.MapTask: (EQUATOR) 95827863 kvi 23956960(95827840)
2022-12-06 00:08:16,710 INFO mapred.MapTask: Finished spill 11
2022-12-06 00:08:16,710 INFO mapred.MapTask: (RESET) equator 95827863 kv 23956960(95827840) kvi 22829944(91319776)
2022-12-06 00:08:19,815 INFO mapred.MapTask: Spilling map output
2022-12-06 00:08:19,815 INFO mapred.MapTask: bufstart = 95827863; bufend = 55125876; bufvoid = 104857600
2022-12-06 00:08:19,815 INFO mapred.MapTask: kvstart = 23956960(95827840); kvend = 19024348(76097392); length = 4932613/6553600
2022-12-06 00:08:19,815 INFO mapred.MapTask: (EQUATOR) 60060340 kvi 15015080(60060320)
2022-12-06 00:08:20,034 INFO mapred.LocalJobRunner: map > map
2022-12-06 00:08:20,831 INFO mapreduce.Job:  map 51% reduce 0%
2022-12-06 00:08:21,319 INFO mapred.MapTask: Finished spill 12
2022-12-06 00:08:21,319 INFO mapred.MapTask: (RESET) equator 60060340 kv 15015080(60060320) kvi 13901284(55605136)
2022-12-06 00:08:24,422 INFO mapred.MapTask: Spilling map output
2022-12-06 00:08:24,422 INFO mapred.MapTask: bufstart = 60060340; bufend = 19392615; bufvoid = 104857600
2022-12-06 00:08:24,422 INFO mapred.MapTask: kvstart = 15015080(60060320); kvend = 10091024(40364096); length = 4924057/6553600
2022-12-06 00:08:24,422 INFO mapred.MapTask: (EQUATOR) 24327063 kvi 6081760(24327040)
2022-12-06 00:08:25,959 INFO mapred.MapTask: Finished spill 13
2022-12-06 00:08:25,959 INFO mapred.MapTask: (RESET) equator 24327063 kv 6081760(24327040) kvi 4981784(19927136)
2022-12-06 00:08:26,035 INFO mapred.LocalJobRunner: map > map
2022-12-06 00:08:26,832 INFO mapreduce.Job:  map 53% reduce 0%
2022-12-06 00:08:29,046 INFO mapred.MapTask: Spilling map output
2022-12-06 00:08:29,046 INFO mapred.MapTask: bufstart = 24327063; bufend = 88478565; bufvoid = 104857600
2022-12-06 00:08:29,046 INFO mapred.MapTask: kvstart = 6081760(24327040); kvend = 1148116(4592464); length = 4933645/6553600
2022-12-06 00:08:29,046 INFO mapred.MapTask: (EQUATOR) 93413029 kvi 23353252(93413008)
2022-12-06 00:08:30,615 INFO mapred.MapTask: Finished spill 14
2022-12-06 00:08:30,616 INFO mapred.MapTask: (RESET) equator 93413029 kv 23353252(93413008) kvi 22243416(88973664)
2022-12-06 00:08:32,036 INFO mapred.LocalJobRunner: map > map
2022-12-06 00:08:32,834 INFO mapreduce.Job:  map 55% reduce 0%
2022-12-06 00:08:33,691 INFO mapred.MapTask: Spilling map output
2022-12-06 00:08:33,691 INFO mapred.MapTask: bufstart = 93413029; bufend = 52761994; bufvoid = 104857599
2022-12-06 00:08:33,691 INFO mapred.MapTask: kvstart = 23353252(93413008); kvend = 18433376(73733504); length = 4919877/6553600
2022-12-06 00:08:33,691 INFO mapred.MapTask: (EQUATOR) 57696458 kvi 14424108(57696432)
2022-12-06 00:08:35,272 INFO mapred.MapTask: Finished spill 15
2022-12-06 00:08:35,273 INFO mapred.MapTask: (RESET) equator 57696458 kv 14424108(57696432) kvi 13403028(53612112)
2022-12-06 00:08:35,736 INFO mapred.LocalJobRunner: map > map
2022-12-06 00:08:35,737 INFO mapred.MapTask: Starting flush of map output
2022-12-06 00:08:35,737 INFO mapred.MapTask: Spilling map output
2022-12-06 00:08:35,737 INFO mapred.MapTask: bufstart = 57696458; bufend = 78512986; bufvoid = 104857600
2022-12-06 00:08:35,737 INFO mapred.MapTask: kvstart = 14424108(57696432); kvend = 12827580(51310320); length = 1596529/6553600
2022-12-06 00:08:36,030 INFO mapred.MapTask: Finished spill 16
2022-12-06 00:08:36,033 INFO mapred.Merger: Merging 17 sorted segments
2022-12-06 00:08:36,034 INFO mapred.Merger: Merging 8 intermediate segments out of a total of 17
2022-12-06 00:08:38,037 INFO mapred.LocalJobRunner: map > sort > 
2022-12-06 00:08:38,411 INFO mapred.Merger: Down to the last merge-pass, with 10 segments left of total size: 543890267 bytes
2022-12-06 00:08:38,835 INFO mapreduce.Job:  map 57% reduce 0%
2022-12-06 00:08:43,934 INFO mapred.Merger: Merging 17 sorted segments
2022-12-06 00:08:43,935 INFO mapred.Merger: Merging 8 intermediate segments out of a total of 17
2022-12-06 00:08:44,038 INFO mapred.LocalJobRunner: map > sort > 
2022-12-06 00:08:44,836 INFO mapreduce.Job:  map 61% reduce 0%
2022-12-06 00:08:46,328 INFO mapred.Merger: Down to the last merge-pass, with 10 segments left of total size: 543887130 bytes
2022-12-06 00:08:50,038 INFO mapred.LocalJobRunner: map > sort > 
2022-12-06 00:08:50,836 INFO mapreduce.Job:  map 65% reduce 0%
2022-12-06 00:08:51,815 INFO mapred.Task: Task:attempt_local1109964504_0001_m_000001_0 is done. And is in the process of committing
2022-12-06 00:08:51,816 INFO mapred.LocalJobRunner: map > sort
2022-12-06 00:08:51,817 INFO mapred.Task: Task 'attempt_local1109964504_0001_m_000001_0' done.
2022-12-06 00:08:51,817 INFO mapred.Task: Final Counters for attempt_local1109964504_0001_m_000001_0: Counters: 17
	File System Counters
		FILE: Number of bytes read=3750040125
		FILE: Number of bytes written=4056673602
		FILE: Number of read operations=0
		FILE: Number of large read operations=0
		FILE: Number of write operations=0
	Map-Reduce Framework
		Map input records=20114478
		Map output records=20114478
		Map output bytes=1047548433
		Map output materialized bytes=1087777401
		Input split bytes=253
		Combine input records=0
		Spilled Records=49280924
		Failed Shuffles=0
		Merged Map outputs=0
		GC time elapsed (ms)=221
		Total committed heap usage (bytes)=2801795072
	File Input Format Counters 
		Bytes Read=0
2022-12-06 00:08:51,817 INFO mapred.LocalJobRunner: Finishing task: attempt_local1109964504_0001_m_000001_0
2022-12-06 00:08:51,817 INFO mapred.LocalJobRunner: Starting task: attempt_local1109964504_0001_m_000002_0
2022-12-06 00:08:51,819 INFO output.FileOutputCommitter: File Output Committer Algorithm version is 2
2022-12-06 00:08:51,819 INFO output.FileOutputCommitter: FileOutputCommitter skip cleanup _temporary folders under output directory:false, ignore cleanup failures: false
2022-12-06 00:08:51,819 INFO mapred.Task:  Using ResourceCalculatorProcessTree : [ ]
2022-12-06 00:08:51,820 INFO mapred.MapTask: Processing split: file:/home/apingili/DB2/Project3/two/title.crew.tsv:0+297342049
2022-12-06 00:08:51,830 INFO mapred.MapTask: (EQUATOR) 0 kvi 26214396(104857584)
2022-12-06 00:08:51,831 INFO mapred.MapTask: mapreduce.task.io.sort.mb: 100
2022-12-06 00:08:51,831 INFO mapred.MapTask: soft limit at 83886080
2022-12-06 00:08:51,831 INFO mapred.MapTask: bufstart = 0; bufvoid = 104857600
2022-12-06 00:08:51,831 INFO mapred.MapTask: kvstart = 26214396; length = 6553600
2022-12-06 00:08:51,831 INFO mapred.MapTask: Map output collector class = org.apache.hadoop.mapred.MapTask$MapOutputBuffer
2022-12-06 00:08:51,836 INFO mapreduce.Job:  map 100% reduce 0%
2022-12-06 00:08:56,333 INFO mapred.MapTask: Spilling map output
2022-12-06 00:08:56,333 INFO mapred.MapTask: bufstart = 0; bufend = 57587750; bufvoid = 104857600
2022-12-06 00:08:56,333 INFO mapred.MapTask: kvstart = 26214396(104857584); kvend = 19639816(78559264); length = 6574581/6553600
2022-12-06 00:08:56,333 INFO mapred.MapTask: (EQUATOR) 64167030 kvi 16041752(64167008)
2022-12-06 00:08:58,061 INFO mapred.MapTask: Finished spill 0
2022-12-06 00:08:58,061 INFO mapred.MapTask: (RESET) equator 64167030 kv 16041752(64167008) kvi 14412964(57651856)
2022-12-06 00:09:01,486 INFO mapred.MapTask: Spilling map output
2022-12-06 00:09:01,486 INFO mapred.MapTask: bufstart = 64167030; bufend = 16990389; bufvoid = 104857600
2022-12-06 00:09:01,486 INFO mapred.MapTask: kvstart = 16041752(64167008); kvend = 9490476(37961904); length = 6551277/6553600
2022-12-06 00:09:01,486 INFO mapred.MapTask: (EQUATOR) 23569669 kvi 5892412(23569648)
2022-12-06 00:09:02,904 INFO mapred.MapTask: Finished spill 1
2022-12-06 00:09:02,904 INFO mapred.MapTask: (RESET) equator 23569669 kv 5892412(23569648) kvi 4411164(17644656)
2022-12-06 00:09:03,822 INFO mapred.LocalJobRunner: map > map
2022-12-06 00:09:03,839 INFO mapreduce.Job:  map 75% reduce 0%
2022-12-06 00:09:06,549 INFO mapred.MapTask: Spilling map output
2022-12-06 00:09:06,550 INFO mapred.MapTask: bufstart = 23569669; bufend = 80968517; bufvoid = 104857600
2022-12-06 00:09:06,550 INFO mapred.MapTask: kvstart = 5892412(23569648); kvend = 25485000(101940000); length = 6621813/6553600
2022-12-06 00:09:06,550 INFO mapred.MapTask: (EQUATOR) 87679381 kvi 21919840(87679360)
2022-12-06 00:09:08,056 INFO mapred.MapTask: Finished spill 2
2022-12-06 00:09:08,056 INFO mapred.MapTask: (RESET) equator 87679381 kv 21919840(87679360) kvi 20408032(81632128)
2022-12-06 00:09:09,823 INFO mapred.LocalJobRunner: map > map
2022-12-06 00:09:09,840 INFO mapreduce.Job:  map 79% reduce 0%
2022-12-06 00:09:11,738 INFO mapred.MapTask: Spilling map output
2022-12-06 00:09:11,738 INFO mapred.MapTask: bufstart = 87679381; bufend = 39921939; bufvoid = 104857600
2022-12-06 00:09:11,738 INFO mapred.MapTask: kvstart = 21919840(87679360); kvend = 15223360(60893440); length = 6696481/6553600
2022-12-06 00:09:11,739 INFO mapred.MapTask: (EQUATOR) 46632803 kvi 11658196(46632784)
2022-12-06 00:09:13,304 INFO mapred.MapTask: Finished spill 3
2022-12-06 00:09:13,304 INFO mapred.MapTask: (RESET) equator 46632803 kv 11658196(46632784) kvi 10070400(40281600)
2022-12-06 00:09:15,824 INFO mapred.LocalJobRunner: map > map
2022-12-06 00:09:15,842 INFO mapreduce.Job:  map 83% reduce 0%
2022-12-06 00:09:16,986 INFO mapred.MapTask: Spilling map output
2022-12-06 00:09:16,986 INFO mapred.MapTask: bufstart = 46632803; bufend = 103165162; bufvoid = 104857600
2022-12-06 00:09:16,986 INFO mapred.MapTask: kvstart = 11658196(46632784); kvend = 4819772(19279088); length = 6838425/6553600
2022-12-06 00:09:16,986 INFO mapred.MapTask: (EQUATOR) 5018442 kvi 1254604(5018416)
2022-12-06 00:09:18,806 INFO mapred.MapTask: Finished spill 4
2022-12-06 00:09:18,807 INFO mapred.MapTask: (RESET) equator 5018442 kv 1254604(5018416) kvi 25791296(103165184)
2022-12-06 00:09:21,826 INFO mapred.LocalJobRunner: map > map
2022-12-06 00:09:21,844 INFO mapreduce.Job:  map 87% reduce 0%
2022-12-06 00:09:22,064 INFO mapred.MapTask: Spilling map output
2022-12-06 00:09:22,064 INFO mapred.MapTask: bufstart = 5018442; bufend = 61859911; bufvoid = 104857600
2022-12-06 00:09:22,064 INFO mapred.MapTask: kvstart = 1254604(5018416); kvend = 20707856(82831424); length = 6761149/6553600
2022-12-06 00:09:22,064 INFO mapred.MapTask: (EQUATOR) 68570775 kvi 17142688(68570752)
2022-12-06 00:09:23,407 INFO mapred.MapTask: Finished spill 5
2022-12-06 00:09:23,407 INFO mapred.MapTask: (RESET) equator 68570775 kv 17142688(68570752) kvi 15749444(62997776)
2022-12-06 00:09:24,377 INFO mapred.LocalJobRunner: map > map
2022-12-06 00:09:24,377 INFO mapred.MapTask: Starting flush of map output
2022-12-06 00:09:24,377 INFO mapred.MapTask: Spilling map output
2022-12-06 00:09:24,377 INFO mapred.MapTask: bufstart = 68570775; bufend = 93508072; bufvoid = 104857600
2022-12-06 00:09:24,377 INFO mapred.MapTask: kvstart = 17142688(68570752); kvend = 14217956(56871824); length = 2924733/6553600
2022-12-06 00:09:25,012 INFO mapred.MapTask: Finished spill 6
2022-12-06 00:09:25,013 INFO mapred.Merger: Merging 7 sorted segments
2022-12-06 00:09:25,014 INFO mapred.Merger: Down to the last merge-pass, with 7 segments left of total size: 194723275 bytes
2022-12-06 00:09:27,373 INFO mapred.Merger: Merging 7 sorted segments
2022-12-06 00:09:27,374 INFO mapred.Merger: Down to the last merge-pass, with 7 segments left of total size: 194839721 bytes
2022-12-06 00:09:27,827 INFO mapred.LocalJobRunner: map > sort > 
2022-12-06 00:09:27,846 INFO mapreduce.Job:  map 96% reduce 0%
2022-12-06 00:09:29,825 INFO mapred.Task: Task:attempt_local1109964504_0001_m_000002_0 is done. And is in the process of committing
2022-12-06 00:09:29,827 INFO mapred.LocalJobRunner: map > sort
2022-12-06 00:09:29,827 INFO mapred.Task: Task 'attempt_local1109964504_0001_m_000002_0' done.
2022-12-06 00:09:29,827 INFO mapred.Task: Final Counters for attempt_local1109964504_0001_m_000002_0: Counters: 17
	File System Counters
		FILE: Number of bytes read=4436954780
		FILE: Number of bytes written=4835799914
		FILE: Number of read operations=0
		FILE: Number of large read operations=0
		FILE: Number of write operations=0
	Map-Reduce Framework
		Map input records=9101808
		Map output records=10742120
		Map output bytes=368078840
		Map output materialized bytes=389563092
		Input split bytes=247
		Combine input records=0
		Spilled Records=21484240
		Failed Shuffles=0
		Merged Map outputs=0
		GC time elapsed (ms)=109
		Total committed heap usage (bytes)=2801795072
	File Input Format Counters 
		Bytes Read=0
2022-12-06 00:09:29,827 INFO mapred.LocalJobRunner: Finishing task: attempt_local1109964504_0001_m_000002_0
2022-12-06 00:09:29,827 INFO mapred.LocalJobRunner: map task executor complete.
2022-12-06 00:09:29,833 INFO mapred.LocalJobRunner: Waiting for reduce tasks
2022-12-06 00:09:29,833 INFO mapred.LocalJobRunner: Starting task: attempt_local1109964504_0001_r_000000_0
2022-12-06 00:09:29,840 INFO output.FileOutputCommitter: File Output Committer Algorithm version is 2
2022-12-06 00:09:29,840 INFO output.FileOutputCommitter: FileOutputCommitter skip cleanup _temporary folders under output directory:false, ignore cleanup failures: false
2022-12-06 00:09:29,840 INFO mapred.Task:  Using ResourceCalculatorProcessTree : [ ]
2022-12-06 00:09:29,841 INFO mapred.ReduceTask: Using ShuffleConsumerPlugin: org.apache.hadoop.mapreduce.task.reduce.Shuffle@825e7ea
2022-12-06 00:09:29,842 WARN impl.MetricsSystemImpl: JobTracker metrics system already initialized!
2022-12-06 00:09:29,846 INFO mapreduce.Job:  map 100% reduce 0%
2022-12-06 00:09:29,856 INFO reduce.MergeManagerImpl: The max number of bytes for a single in-memory shuffle cannot be larger than Integer.MAX_VALUE. Setting it to Integer.MAX_VALUE
2022-12-06 00:09:29,856 INFO reduce.MergeManagerImpl: MergerManager: memoryLimit=22525089792, maxSingleShuffleLimit=2147483647, mergeThreshold=14866560000, ioSortFactor=10, memToMemMergeOutputsThreshold=10
2022-12-06 00:09:29,857 INFO reduce.EventFetcher: attempt_local1109964504_0001_r_000000_0 Thread started: EventFetcher for fetching Map Completion Events
2022-12-06 00:09:29,896 INFO reduce.LocalFetcher: localfetcher#1 about to shuffle output of map attempt_local1109964504_0001_m_000002_0 decomp: 194723319 len: 194723323 to MEMORY
2022-12-06 00:09:29,964 INFO reduce.InMemoryMapOutput: Read 194723319 bytes from map-output for attempt_local1109964504_0001_m_000002_0
2022-12-06 00:09:29,965 INFO reduce.MergeManagerImpl: closeInMemoryFile -> map-output of size: 194723319, inMemoryMapOutputs.size() -> 1, commitMemory -> 0, usedMemory ->194723319
2022-12-06 00:09:30,021 INFO reduce.LocalFetcher: localfetcher#1 about to shuffle output of map attempt_local1109964504_0001_m_000001_0 decomp: 543890265 len: 543890269 to MEMORY
2022-12-06 00:09:30,195 INFO reduce.InMemoryMapOutput: Read 543890265 bytes from map-output for attempt_local1109964504_0001_m_000001_0
2022-12-06 00:09:30,195 INFO reduce.MergeManagerImpl: closeInMemoryFile -> map-output of size: 543890265, inMemoryMapOutputs.size() -> 2, commitMemory -> 194723319, usedMemory ->738613584
2022-12-06 00:09:30,231 INFO reduce.LocalFetcher: localfetcher#1 about to shuffle output of map attempt_local1109964504_0001_m_000000_0 decomp: 348221545 len: 348221549 to MEMORY
2022-12-06 00:09:30,346 INFO reduce.InMemoryMapOutput: Read 348221545 bytes from map-output for attempt_local1109964504_0001_m_000000_0
2022-12-06 00:09:30,346 INFO reduce.MergeManagerImpl: closeInMemoryFile -> map-output of size: 348221545, inMemoryMapOutputs.size() -> 3, commitMemory -> 738613584, usedMemory ->1086835129
2022-12-06 00:09:30,346 INFO reduce.EventFetcher: EventFetcher is interrupted.. Returning
2022-12-06 00:09:30,347 INFO mapred.LocalJobRunner: 3 / 3 copied.
2022-12-06 00:09:30,347 INFO reduce.MergeManagerImpl: finalMerge called with 3 in-memory map-outputs and 0 on-disk map-outputs
2022-12-06 00:09:30,349 INFO mapred.Merger: Merging 3 sorted segments
2022-12-06 00:09:30,349 INFO mapred.Merger: Down to the last merge-pass, with 3 segments left of total size: 1086835093 bytes
2022-12-06 00:09:37,552 INFO reduce.MergeManagerImpl: Merged 3 segments, 1086835129 bytes to disk to satisfy reduce memory limit
2022-12-06 00:09:37,552 INFO reduce.MergeManagerImpl: Merging 1 files, 1086835129 bytes from disk
2022-12-06 00:09:37,553 INFO reduce.MergeManagerImpl: Merging 0 segments, 0 bytes from memory into reduce
2022-12-06 00:09:37,553 INFO mapred.Merger: Merging 1 sorted segments
2022-12-06 00:09:37,553 INFO mapred.Merger: Down to the last merge-pass, with 1 segments left of total size: 1086835113 bytes
2022-12-06 00:09:37,554 INFO mapred.LocalJobRunner: 3 / 3 copied.
2022-12-06 00:09:37,630 INFO Configuration.deprecation: mapred.skip.on is deprecated. Instead, use mapreduce.job.skiprecords
2022-12-06 00:09:41,844 INFO mapred.LocalJobRunner: reduce > reduce
2022-12-06 00:09:41,849 INFO mapreduce.Job:  map 100% reduce 40%
2022-12-06 00:09:47,845 INFO mapred.LocalJobRunner: reduce > reduce
2022-12-06 00:09:47,851 INFO mapreduce.Job:  map 100% reduce 50%
2022-12-06 00:09:47,990 INFO mapred.Task: Task:attempt_local1109964504_0001_r_000000_0 is done. And is in the process of committing
2022-12-06 00:09:47,991 INFO mapred.LocalJobRunner: reduce > reduce
2022-12-06 00:09:47,991 INFO mapred.Task: Task attempt_local1109964504_0001_r_000000_0 is allowed to commit now
2022-12-06 00:09:48,015 INFO output.FileOutputCommitter: Saved output of task 'attempt_local1109964504_0001_r_000000_0' to file:/home/apingili/DB2/Project3/two/output-local
2022-12-06 00:09:48,015 INFO mapred.LocalJobRunner: reduce > reduce
2022-12-06 00:09:48,015 INFO mapred.Task: Task 'attempt_local1109964504_0001_r_000000_0' done.
2022-12-06 00:09:48,016 INFO mapred.Task: Final Counters for attempt_local1109964504_0001_r_000000_0: Counters: 24
	File System Counters
		FILE: Number of bytes read=6610637494
		FILE: Number of bytes written=5922777438
		FILE: Number of read operations=0
		FILE: Number of large read operations=0
		FILE: Number of write operations=0
	Map-Reduce Framework
		Combine input records=0
		Combine output records=0
		Reduce input groups=4550326
		Reduce shuffle bytes=1086835141
		Reduce input records=19975846
		Reduce output records=2763
		Spilled Records=19975846
		Shuffled Maps =3
		Failed Shuffles=0
		Merged Map outputs=3
		GC time elapsed (ms)=11
		Total committed heap usage (bytes)=2801795072
	Shuffle Errors
		BAD_ID=0
		CONNECTION=0
		IO_ERROR=0
		WRONG_LENGTH=0
		WRONG_MAP=0
		WRONG_REDUCE=0
	File Output Format Counters 
		Bytes Written=142395
2022-12-06 00:09:48,016 INFO mapred.LocalJobRunner: Finishing task: attempt_local1109964504_0001_r_000000_0
2022-12-06 00:09:48,016 INFO mapred.LocalJobRunner: Starting task: attempt_local1109964504_0001_r_000001_0
2022-12-06 00:09:48,018 INFO output.FileOutputCommitter: File Output Committer Algorithm version is 2
2022-12-06 00:09:48,018 INFO output.FileOutputCommitter: FileOutputCommitter skip cleanup _temporary folders under output directory:false, ignore cleanup failures: false
2022-12-06 00:09:48,019 INFO mapred.Task:  Using ResourceCalculatorProcessTree : [ ]
2022-12-06 00:09:48,019 INFO mapred.ReduceTask: Using ShuffleConsumerPlugin: org.apache.hadoop.mapreduce.task.reduce.Shuffle@6b5b330d
2022-12-06 00:09:48,019 WARN impl.MetricsSystemImpl: JobTracker metrics system already initialized!
2022-12-06 00:09:48,020 INFO reduce.MergeManagerImpl: The max number of bytes for a single in-memory shuffle cannot be larger than Integer.MAX_VALUE. Setting it to Integer.MAX_VALUE
2022-12-06 00:09:48,020 INFO reduce.MergeManagerImpl: MergerManager: memoryLimit=22525089792, maxSingleShuffleLimit=2147483647, mergeThreshold=14866560000, ioSortFactor=10, memToMemMergeOutputsThreshold=10
2022-12-06 00:09:48,021 INFO reduce.EventFetcher: attempt_local1109964504_0001_r_000001_0 Thread started: EventFetcher for fetching Map Completion Events
2022-12-06 00:09:48,036 INFO reduce.LocalFetcher: localfetcher#2 about to shuffle output of map attempt_local1109964504_0001_m_000002_0 decomp: 194839765 len: 194839769 to MEMORY
2022-12-06 00:09:48,101 INFO reduce.InMemoryMapOutput: Read 194839765 bytes from map-output for attempt_local1109964504_0001_m_000002_0
2022-12-06 00:09:48,102 INFO reduce.MergeManagerImpl: closeInMemoryFile -> map-output of size: 194839765, inMemoryMapOutputs.size() -> 1, commitMemory -> 0, usedMemory ->194839765
2022-12-06 00:09:48,139 INFO reduce.LocalFetcher: localfetcher#2 about to shuffle output of map attempt_local1109964504_0001_m_000001_0 decomp: 543887128 len: 543887132 to MEMORY
2022-12-06 00:09:48,311 INFO reduce.InMemoryMapOutput: Read 543887128 bytes from map-output for attempt_local1109964504_0001_m_000001_0
2022-12-06 00:09:48,311 INFO reduce.MergeManagerImpl: closeInMemoryFile -> map-output of size: 543887128, inMemoryMapOutputs.size() -> 2, commitMemory -> 194839765, usedMemory ->738726893
2022-12-06 00:09:48,335 INFO reduce.LocalFetcher: localfetcher#2 about to shuffle output of map attempt_local1109964504_0001_m_000000_0 decomp: 348379423 len: 348379427 to MEMORY
2022-12-06 00:09:48,445 INFO reduce.InMemoryMapOutput: Read 348379423 bytes from map-output for attempt_local1109964504_0001_m_000000_0
2022-12-06 00:09:48,445 INFO reduce.MergeManagerImpl: closeInMemoryFile -> map-output of size: 348379423, inMemoryMapOutputs.size() -> 3, commitMemory -> 738726893, usedMemory ->1087106316
2022-12-06 00:09:48,446 INFO reduce.EventFetcher: EventFetcher is interrupted.. Returning
2022-12-06 00:09:48,446 INFO mapred.LocalJobRunner: 3 / 3 copied.
2022-12-06 00:09:48,446 INFO reduce.MergeManagerImpl: finalMerge called with 3 in-memory map-outputs and 0 on-disk map-outputs
2022-12-06 00:09:48,447 INFO mapred.Merger: Merging 3 sorted segments
2022-12-06 00:09:48,447 INFO mapred.Merger: Down to the last merge-pass, with 3 segments left of total size: 1087106280 bytes
2022-12-06 00:09:55,846 INFO reduce.MergeManagerImpl: Merged 3 segments, 1087106316 bytes to disk to satisfy reduce memory limit
2022-12-06 00:09:55,847 INFO reduce.MergeManagerImpl: Merging 1 files, 1087106316 bytes from disk
2022-12-06 00:09:55,847 INFO reduce.MergeManagerImpl: Merging 0 segments, 0 bytes from memory into reduce
2022-12-06 00:09:55,847 INFO mapred.Merger: Merging 1 sorted segments
2022-12-06 00:09:55,847 INFO mapred.Merger: Down to the last merge-pass, with 1 segments left of total size: 1087106300 bytes
2022-12-06 00:09:55,847 INFO mapred.LocalJobRunner: 3 / 3 copied.
2022-12-06 00:10:00,022 INFO mapred.LocalJobRunner: reduce > reduce
2022-12-06 00:10:00,853 INFO mapreduce.Job:  map 100% reduce 90%
2022-12-06 00:10:06,023 INFO mapred.LocalJobRunner: reduce > reduce
2022-12-06 00:10:06,055 INFO mapred.Task: Task:attempt_local1109964504_0001_r_000001_0 is done. And is in the process of committing
2022-12-06 00:10:06,056 INFO mapred.LocalJobRunner: reduce > reduce
2022-12-06 00:10:06,056 INFO mapred.Task: Task attempt_local1109964504_0001_r_000001_0 is allowed to commit now
2022-12-06 00:10:06,103 INFO output.FileOutputCommitter: Saved output of task 'attempt_local1109964504_0001_r_000001_0' to file:/home/apingili/DB2/Project3/two/output-local
2022-12-06 00:10:06,104 INFO mapred.LocalJobRunner: reduce > reduce
2022-12-06 00:10:06,104 INFO mapred.Task: Task 'attempt_local1109964504_0001_r_000001_0' done.
2022-12-06 00:10:06,104 INFO mapred.Task: Final Counters for attempt_local1109964504_0001_r_000001_0: Counters: 24
	File System Counters
		FILE: Number of bytes read=8784850306
		FILE: Number of bytes written=7010021133
		FILE: Number of read operations=0
		FILE: Number of large read operations=0
		FILE: Number of write operations=0
	Map-Reduce Framework
		Combine input records=0
		Combine output records=0
		Reduce input groups=4551546
		Reduce shuffle bytes=1087106328
		Reduce input records=19980136
		Reduce output records=2677
		Spilled Records=19980136
		Shuffled Maps =3
		Failed Shuffles=0
		Merged Map outputs=3
		GC time elapsed (ms)=7
		Total committed heap usage (bytes)=2801795072
	Shuffle Errors
		BAD_ID=0
		CONNECTION=0
		IO_ERROR=0
		WRONG_LENGTH=0
		WRONG_MAP=0
		WRONG_REDUCE=0
	File Output Format Counters 
		Bytes Written=137379
2022-12-06 00:10:06,104 INFO mapred.LocalJobRunner: Finishing task: attempt_local1109964504_0001_r_000001_0
2022-12-06 00:10:06,105 INFO mapred.LocalJobRunner: reduce task executor complete.
2022-12-06 00:10:06,853 INFO mapreduce.Job:  map 100% reduce 100%
2022-12-06 00:10:06,854 INFO mapreduce.Job: Job job_local1109964504_0001 completed successfully
2022-12-06 00:10:06,862 INFO mapreduce.Job: Counters: 30
	File System Counters
		FILE: Number of bytes read=25058084952
		FILE: Number of bytes written=23219031986
		FILE: Number of read operations=0
		FILE: Number of large read operations=0
		FILE: Number of write operations=0
	Map-Reduce Framework
		Map input records=38315671
		Map output records=39955982
		Map output bytes=2093986223
		Map output materialized bytes=2173941469
		Input split bytes=746
		Combine input records=0
		Combine output records=0
		Reduce input groups=9101872
		Reduce shuffle bytes=2173941469
		Reduce input records=39955982
		Reduce output records=5440
		Spilled Records=128919914
		Shuffled Maps =6
		Failed Shuffles=0
		Merged Map outputs=6
		GC time elapsed (ms)=589
		Total committed heap usage (bytes)=14008975360
	Shuffle Errors
		BAD_ID=0
		CONNECTION=0
		IO_ERROR=0
		WRONG_LENGTH=0
		WRONG_MAP=0
		WRONG_REDUCE=0
	File Input Format Counters 
		Bytes Read=0
	File Output Format Counters 
		Bytes Written=279774
