2022-10-07 14:04:08,083 INFO impl.MetricsConfig: Loaded properties from hadoop-metrics2.properties
2022-10-07 14:04:08,141 INFO impl.MetricsSystemImpl: Scheduled Metric snapshot period at 10 second(s).
2022-10-07 14:04:08,141 INFO impl.MetricsSystemImpl: JobTracker metrics system started
2022-10-07 14:04:08,186 WARN mapreduce.JobResourceUploader: Hadoop command-line option parsing not performed. Implement the Tool interface and execute your application with ToolRunner to remedy this.
2022-10-07 14:04:08,217 INFO input.FileInputFormat: Total input files to process : 1
2022-10-07 14:04:08,234 INFO mapreduce.JobSubmitter: number of splits:1
2022-10-07 14:04:08,319 INFO mapreduce.JobSubmitter: Submitting tokens for job: job_local743040324_0001
2022-10-07 14:04:08,320 INFO mapreduce.JobSubmitter: Executing with tokens: []
2022-10-07 14:04:08,391 INFO mapreduce.Job: The url to track the job: http://localhost:8080/
2022-10-07 14:04:08,392 INFO mapreduce.Job: Running job: job_local743040324_0001
2022-10-07 14:04:08,393 INFO mapred.LocalJobRunner: OutputCommitter set in config null
2022-10-07 14:04:08,398 INFO output.FileOutputCommitter: File Output Committer Algorithm version is 2
2022-10-07 14:04:08,398 INFO output.FileOutputCommitter: FileOutputCommitter skip cleanup _temporary folders under output directory:false, ignore cleanup failures: false
2022-10-07 14:04:08,399 INFO mapred.LocalJobRunner: OutputCommitter is org.apache.hadoop.mapreduce.lib.output.FileOutputCommitter
2022-10-07 14:04:08,420 INFO mapred.LocalJobRunner: Waiting for map tasks
2022-10-07 14:04:08,421 INFO mapred.LocalJobRunner: Starting task: attempt_local743040324_0001_m_000000_0
2022-10-07 14:04:08,435 INFO output.FileOutputCommitter: File Output Committer Algorithm version is 2
2022-10-07 14:04:08,435 INFO output.FileOutputCommitter: FileOutputCommitter skip cleanup _temporary folders under output directory:false, ignore cleanup failures: false
2022-10-07 14:04:08,450 INFO mapred.Task:  Using ResourceCalculatorProcessTree : [ ]
2022-10-07 14:04:08,452 INFO mapred.MapTask: Processing split: file:/home/axp3623/project2/N-matrix-small.txt:0+129
2022-10-07 14:04:08,501 INFO mapred.MapTask: (EQUATOR) 0 kvi 26214396(104857584)
2022-10-07 14:04:08,501 INFO mapred.MapTask: mapreduce.task.io.sort.mb: 100
2022-10-07 14:04:08,501 INFO mapred.MapTask: soft limit at 83886080
2022-10-07 14:04:08,501 INFO mapred.MapTask: bufstart = 0; bufvoid = 104857600
2022-10-07 14:04:08,501 INFO mapred.MapTask: kvstart = 26214396; length = 6553600
2022-10-07 14:04:08,505 INFO mapred.MapTask: Map output collector class = org.apache.hadoop.mapred.MapTask$MapOutputBuffer
2022-10-07 14:04:08,531 INFO mapred.LocalJobRunner:
2022-10-07 14:04:08,531 INFO mapred.MapTask: Starting flush of map output
2022-10-07 14:04:08,531 INFO mapred.MapTask: Spilling map output
2022-10-07 14:04:08,531 INFO mapred.MapTask: bufstart = 0; bufend = 288; bufvoid = 104857600
2022-10-07 14:04:08,531 INFO mapred.MapTask: kvstart = 26214396(104857584); kvend = 26214352(104857408); length = 45/6553600
2022-10-07 14:04:08,537 INFO mapred.MapTask: Finished spill 0
2022-10-07 14:04:08,545 INFO mapred.Task: Task:attempt_local743040324_0001_m_000000_0 is done. And is in the process of committing
2022-10-07 14:04:08,547 INFO mapred.LocalJobRunner: map
2022-10-07 14:04:08,547 INFO mapred.Task: Task 'attempt_local743040324_0001_m_000000_0' done.
2022-10-07 14:04:08,552 INFO mapred.Task: Final Counters for attempt_local743040324_0001_m_000000_0: Counters: 17
        File System Counters
                FILE: Number of bytes read=10913
                FILE: Number of bytes written=552917
                FILE: Number of read operations=0
                FILE: Number of large read operations=0
                FILE: Number of write operations=0
        Map-Reduce Framework
                Map input records=12
                Map output records=12
                Map output bytes=288
                Map output materialized bytes=318
                Input split bytes=111
                Combine input records=0
                Spilled Records=12
                Failed Shuffles=0
                Merged Map outputs=0
                GC time elapsed (ms)=0
                Total committed heap usage (bytes)=212860928
        File Input Format Counters
                Bytes Read=129
2022-10-07 14:04:08,553 INFO mapred.LocalJobRunner: Finishing task: attempt_local743040324_0001_m_000000_0
2022-10-07 14:04:08,553 INFO mapred.LocalJobRunner: map task executor complete.
2022-10-07 14:04:08,557 INFO mapred.LocalJobRunner: Waiting for reduce tasks
2022-10-07 14:04:08,557 INFO mapred.LocalJobRunner: Starting task: attempt_local743040324_0001_r_000000_0
2022-10-07 14:04:08,563 INFO output.FileOutputCommitter: File Output Committer Algorithm version is 2
2022-10-07 14:04:08,563 INFO output.FileOutputCommitter: FileOutputCommitter skip cleanup _temporary folders under output directory:false, ignore cleanup failures: false
2022-10-07 14:04:08,563 INFO mapred.Task:  Using ResourceCalculatorProcessTree : [ ]
2022-10-07 14:04:08,566 INFO mapred.ReduceTask: Using ShuffleConsumerPlugin: org.apache.hadoop.mapreduce.task.reduce.Shuffle@465fbbaf
2022-10-07 14:04:08,567 WARN impl.MetricsSystemImpl: JobTracker metrics system already initialized!
2022-10-07 14:04:08,580 INFO reduce.MergeManagerImpl: MergerManager: memoryLimit=616195648, maxSingleShuffleLimit=154048912, mergeThreshold=406689152, ioSortFactor=10, memToMemMergeOutputsThreshold=10
2022-10-07 14:04:08,582 INFO reduce.EventFetcher: attempt_local743040324_0001_r_000000_0 Thread started: EventFetcher for fetching Map Completion Events
2022-10-07 14:04:08,606 INFO reduce.LocalFetcher: localfetcher#1 about to shuffle output of map attempt_local743040324_0001_m_000000_0 decomp: 314 len: 318 to MEMORY
2022-10-07 14:04:08,609 INFO reduce.InMemoryMapOutput: Read 314 bytes from map-output for attempt_local743040324_0001_m_000000_0
2022-10-07 14:04:08,610 INFO reduce.MergeManagerImpl: closeInMemoryFile -> map-output of size: 314, inMemoryMapOutputs.size() -> 1, commitMemory -> 0, usedMemory ->314
2022-10-07 14:04:08,611 INFO reduce.EventFetcher: EventFetcher is interrupted.. Returning
2022-10-07 14:04:08,612 INFO mapred.LocalJobRunner: 1 / 1 copied.
2022-10-07 14:04:08,612 INFO reduce.MergeManagerImpl: finalMerge called with 1 in-memory map-outputs and 0 on-disk map-outputs
2022-10-07 14:04:08,618 INFO mapred.Merger: Merging 1 sorted segments
2022-10-07 14:04:08,618 INFO mapred.Merger: Down to the last merge-pass, with 1 segments left of total size: 304 bytes
2022-10-07 14:04:08,619 INFO reduce.MergeManagerImpl: Merged 1 segments, 314 bytes to disk to satisfy reduce memory limit
2022-10-07 14:04:08,619 INFO reduce.MergeManagerImpl: Merging 1 files, 318 bytes from disk
2022-10-07 14:04:08,620 INFO reduce.MergeManagerImpl: Merging 0 segments, 0 bytes from memory into reduce
2022-10-07 14:04:08,620 INFO mapred.Merger: Merging 1 sorted segments
2022-10-07 14:04:08,621 INFO mapred.Merger: Down to the last merge-pass, with 1 segments left of total size: 304 bytes
2022-10-07 14:04:08,621 INFO mapred.LocalJobRunner: 1 / 1 copied.
2022-10-07 14:04:08,630 INFO Configuration.deprecation: mapred.skip.on is deprecated. Instead, use mapreduce.job.skiprecords
2022-10-07 14:04:08,634 INFO mapred.Task: Task:attempt_local743040324_0001_r_000000_0 is done. And is in the process of committing
2022-10-07 14:04:08,635 INFO mapred.LocalJobRunner: 1 / 1 copied.
2022-10-07 14:04:08,635 INFO mapred.Task: Task attempt_local743040324_0001_r_000000_0 is allowed to commit now
2022-10-07 14:04:08,636 INFO output.FileOutputCommitter: Saved output of task 'attempt_local743040324_0001_r_000000_0' to file:/home/axp3623/project2/left_tmp
2022-10-07 14:04:08,637 INFO mapred.LocalJobRunner: reduce > reduce
2022-10-07 14:04:08,637 INFO mapred.Task: Task 'attempt_local743040324_0001_r_000000_0' done.
2022-10-07 14:04:08,637 INFO mapred.Task: Final Counters for attempt_local743040324_0001_r_000000_0: Counters: 24
        File System Counters
                FILE: Number of bytes read=11581
                FILE: Number of bytes written=553308
                FILE: Number of read operations=0
                FILE: Number of large read operations=0
                FILE: Number of write operations=0
        Map-Reduce Framework
                Combine input records=0
                Combine output records=0
                Reduce input groups=1
                Reduce shuffle bytes=318
                Reduce input records=12
                Reduce output records=1
                Spilled Records=12
                Shuffled Maps =1
                Failed Shuffles=0
                Merged Map outputs=1
                GC time elapsed (ms)=9
                Total committed heap usage (bytes)=212860928
        Shuffle Errors
                BAD_ID=0
                CONNECTION=0
                IO_ERROR=0
                WRONG_LENGTH=0
                WRONG_MAP=0
                WRONG_REDUCE=0
        File Output Format Counters
                Bytes Written=73
2022-10-07 14:04:08,637 INFO mapred.LocalJobRunner: Finishing task: attempt_local743040324_0001_r_000000_0
2022-10-07 14:04:08,638 INFO mapred.LocalJobRunner: reduce task executor complete.
2022-10-07 14:04:09,396 INFO mapreduce.Job: Job job_local743040324_0001 running in uber mode : false
2022-10-07 14:04:09,397 INFO mapreduce.Job:  map 100% reduce 100%
2022-10-07 14:04:09,399 INFO mapreduce.Job: Job job_local743040324_0001 completed successfully
2022-10-07 14:04:09,408 INFO mapreduce.Job: Counters: 30
        File System Counters
                FILE: Number of bytes read=22494
                FILE: Number of bytes written=1106225
                FILE: Number of read operations=0
                FILE: Number of large read operations=0
                FILE: Number of write operations=0
        Map-Reduce Framework
                Map input records=12
                Map output records=12
                Map output bytes=288
                Map output materialized bytes=318
                Input split bytes=111
                Combine input records=0
                Combine output records=0
                Reduce input groups=1
                Reduce shuffle bytes=318
                Reduce input records=12
                Reduce output records=1
                Spilled Records=24
                Shuffled Maps =1
                Failed Shuffles=0
                Merged Map outputs=1
                GC time elapsed (ms)=9
                Total committed heap usage (bytes)=425721856
        Shuffle Errors
                BAD_ID=0
                CONNECTION=0
                IO_ERROR=0
                WRONG_LENGTH=0
                WRONG_MAP=0
                WRONG_REDUCE=0
        File Input Format Counters
                Bytes Read=129
        File Output Format Counters
                Bytes Written=73
2022-10-07 14:04:09,418 WARN impl.MetricsSystemImpl: JobTracker metrics system already initialized!
2022-10-07 14:04:09,419 WARN mapreduce.JobResourceUploader: Hadoop command-line option parsing not performed. Implement the Tool interface and execute your application with ToolRunner to remedy this.
2022-10-07 14:04:09,421 INFO input.FileInputFormat: Total input files to process : 1
2022-10-07 14:04:09,422 INFO mapreduce.JobSubmitter: number of splits:1
2022-10-07 14:04:09,431 INFO mapreduce.JobSubmitter: Submitting tokens for job: job_local708270830_0002
2022-10-07 14:04:09,431 INFO mapreduce.JobSubmitter: Executing with tokens: []
2022-10-07 14:04:09,464 INFO mapreduce.Job: The url to track the job: http://localhost:8080/
2022-10-07 14:04:09,464 INFO mapreduce.Job: Running job: job_local708270830_0002
2022-10-07 14:04:09,465 INFO mapred.LocalJobRunner: OutputCommitter set in config null
2022-10-07 14:04:09,465 INFO output.FileOutputCommitter: File Output Committer Algorithm version is 2
2022-10-07 14:04:09,465 INFO output.FileOutputCommitter: FileOutputCommitter skip cleanup _temporary folders under output directory:false, ignore cleanup failures: false
2022-10-07 14:04:09,465 INFO mapred.LocalJobRunner: OutputCommitter is org.apache.hadoop.mapreduce.lib.output.FileOutputCommitter
2022-10-07 14:04:09,468 INFO mapred.LocalJobRunner: Waiting for map tasks
2022-10-07 14:04:09,468 INFO mapred.LocalJobRunner: Starting task: attempt_local708270830_0002_m_000000_0
2022-10-07 14:04:09,469 INFO output.FileOutputCommitter: File Output Committer Algorithm version is 2
2022-10-07 14:04:09,469 INFO output.FileOutputCommitter: FileOutputCommitter skip cleanup _temporary folders under output directory:false, ignore cleanup failures: false
2022-10-07 14:04:09,470 INFO mapred.Task:  Using ResourceCalculatorProcessTree : [ ]
2022-10-07 14:04:09,470 INFO mapred.MapTask: Processing split: file:/home/axp3623/project2/M-matrix-small.txt:0+132
2022-10-07 14:04:09,507 INFO mapred.MapTask: (EQUATOR) 0 kvi 26214396(104857584)
2022-10-07 14:04:09,507 INFO mapred.MapTask: mapreduce.task.io.sort.mb: 100
2022-10-07 14:04:09,507 INFO mapred.MapTask: soft limit at 83886080
2022-10-07 14:04:09,507 INFO mapred.MapTask: bufstart = 0; bufvoid = 104857600
2022-10-07 14:04:09,507 INFO mapred.MapTask: kvstart = 26214396; length = 6553600
2022-10-07 14:04:09,508 INFO mapred.MapTask: Map output collector class = org.apache.hadoop.mapred.MapTask$MapOutputBuffer
2022-10-07 14:04:09,515 INFO mapred.LocalJobRunner:
2022-10-07 14:04:09,516 INFO mapred.MapTask: Starting flush of map output
2022-10-07 14:04:09,516 INFO mapred.MapTask: Spilling map output
2022-10-07 14:04:09,516 INFO mapred.MapTask: bufstart = 0; bufend = 288; bufvoid = 104857600
2022-10-07 14:04:09,516 INFO mapred.MapTask: kvstart = 26214396(104857584); kvend = 26214352(104857408); length = 45/6553600
2022-10-07 14:04:09,518 INFO mapred.MapTask: Finished spill 0
2022-10-07 14:04:09,519 INFO mapred.Task: Task:attempt_local708270830_0002_m_000000_0 is done. And is in the process of committing
2022-10-07 14:04:09,520 INFO mapred.LocalJobRunner: map
2022-10-07 14:04:09,520 INFO mapred.Task: Task 'attempt_local708270830_0002_m_000000_0' done.
2022-10-07 14:04:09,521 INFO mapred.Task: Final Counters for attempt_local708270830_0002_m_000000_0: Counters: 17
        File System Counters
                FILE: Number of bytes read=22497
                FILE: Number of bytes written=1106235
                FILE: Number of read operations=0
                FILE: Number of large read operations=0
                FILE: Number of write operations=0
        Map-Reduce Framework
                Map input records=12
                Map output records=12
                Map output bytes=288
                Map output materialized bytes=318
                Input split bytes=111
                Combine input records=0
                Spilled Records=12
                Failed Shuffles=0
                Merged Map outputs=0
                GC time elapsed (ms)=0
                Total committed heap usage (bytes)=318242816
        File Input Format Counters
                Bytes Read=132
2022-10-07 14:04:09,521 INFO mapred.LocalJobRunner: Finishing task: attempt_local708270830_0002_m_000000_0
2022-10-07 14:04:09,521 INFO mapred.LocalJobRunner: map task executor complete.
2022-10-07 14:04:09,522 INFO mapred.LocalJobRunner: Waiting for reduce tasks
2022-10-07 14:04:09,522 INFO mapred.LocalJobRunner: Starting task: attempt_local708270830_0002_r_000000_0
2022-10-07 14:04:09,523 INFO output.FileOutputCommitter: File Output Committer Algorithm version is 2
2022-10-07 14:04:09,523 INFO output.FileOutputCommitter: FileOutputCommitter skip cleanup _temporary folders under output directory:false, ignore cleanup failures: false
2022-10-07 14:04:09,523 INFO mapred.Task:  Using ResourceCalculatorProcessTree : [ ]
2022-10-07 14:04:09,523 INFO mapred.ReduceTask: Using ShuffleConsumerPlugin: org.apache.hadoop.mapreduce.task.reduce.Shuffle@5f37f344
2022-10-07 14:04:09,523 WARN impl.MetricsSystemImpl: JobTracker metrics system already initialized!
2022-10-07 14:04:09,524 INFO reduce.MergeManagerImpl: MergerManager: memoryLimit=616195648, maxSingleShuffleLimit=154048912, mergeThreshold=406689152, ioSortFactor=10, memToMemMergeOutputsThreshold=10
2022-10-07 14:04:09,525 INFO reduce.EventFetcher: attempt_local708270830_0002_r_000000_0 Thread started: EventFetcher for fetching Map Completion Events
2022-10-07 14:04:09,526 INFO reduce.LocalFetcher: localfetcher#2 about to shuffle output of map attempt_local708270830_0002_m_000000_0 decomp: 314 len: 318 to MEMORY
2022-10-07 14:04:09,527 INFO reduce.InMemoryMapOutput: Read 314 bytes from map-output for attempt_local708270830_0002_m_000000_0
2022-10-07 14:04:09,527 INFO reduce.MergeManagerImpl: closeInMemoryFile -> map-output of size: 314, inMemoryMapOutputs.size() -> 1, commitMemory -> 0, usedMemory ->314
2022-10-07 14:04:09,527 INFO reduce.EventFetcher: EventFetcher is interrupted.. Returning
2022-10-07 14:04:09,528 INFO mapred.LocalJobRunner: 1 / 1 copied.
2022-10-07 14:04:09,528 INFO reduce.MergeManagerImpl: finalMerge called with 1 in-memory map-outputs and 0 on-disk map-outputs
2022-10-07 14:04:09,529 INFO mapred.Merger: Merging 1 sorted segments
2022-10-07 14:04:09,529 INFO mapred.Merger: Down to the last merge-pass, with 1 segments left of total size: 304 bytes
2022-10-07 14:04:09,530 INFO reduce.MergeManagerImpl: Merged 1 segments, 314 bytes to disk to satisfy reduce memory limit
2022-10-07 14:04:09,530 INFO reduce.MergeManagerImpl: Merging 1 files, 318 bytes from disk
2022-10-07 14:04:09,530 INFO reduce.MergeManagerImpl: Merging 0 segments, 0 bytes from memory into reduce
2022-10-07 14:04:09,531 INFO mapred.Merger: Merging 1 sorted segments
2022-10-07 14:04:09,531 INFO mapred.Merger: Down to the last merge-pass, with 1 segments left of total size: 304 bytes
2022-10-07 14:04:09,531 INFO mapred.LocalJobRunner: 1 / 1 copied.
2022-10-07 14:04:09,534 INFO mapred.Task: Task:attempt_local708270830_0002_r_000000_0 is done. And is in the process of committing
2022-10-07 14:04:09,535 INFO mapred.LocalJobRunner: 1 / 1 copied.
2022-10-07 14:04:09,535 INFO mapred.Task: Task attempt_local708270830_0002_r_000000_0 is allowed to commit now
2022-10-07 14:04:09,536 INFO output.FileOutputCommitter: Saved output of task 'attempt_local708270830_0002_r_000000_0' to file:/home/axp3623/project2/right_tmp
2022-10-07 14:04:09,536 INFO mapred.LocalJobRunner: reduce > reduce
2022-10-07 14:04:09,536 INFO mapred.Task: Task 'attempt_local708270830_0002_r_000000_0' done.
2022-10-07 14:04:09,536 INFO mapred.Task: Final Counters for attempt_local708270830_0002_r_000000_0: Counters: 24
        File System Counters
                FILE: Number of bytes read=23165
                FILE: Number of bytes written=1106626
                FILE: Number of read operations=0
                FILE: Number of large read operations=0
                FILE: Number of write operations=0
        Map-Reduce Framework
                Combine input records=0
                Combine output records=0
                Reduce input groups=1
                Reduce shuffle bytes=318
                Reduce input records=12
                Reduce output records=1
                Spilled Records=12
                Shuffled Maps =1
                Failed Shuffles=0
                Merged Map outputs=1
                GC time elapsed (ms)=0
                Total committed heap usage (bytes)=318242816
        Shuffle Errors
                BAD_ID=0
                CONNECTION=0
                IO_ERROR=0
                WRONG_LENGTH=0
                WRONG_MAP=0
                WRONG_REDUCE=0
        File Output Format Counters
                Bytes Written=73
2022-10-07 14:04:09,536 INFO mapred.LocalJobRunner: Finishing task: attempt_local708270830_0002_r_000000_0
2022-10-07 14:04:09,536 INFO mapred.LocalJobRunner: reduce task executor complete.
2022-10-07 14:04:10,465 INFO mapreduce.Job: Job job_local708270830_0002 running in uber mode : false
2022-10-07 14:04:10,465 INFO mapreduce.Job:  map 100% reduce 100%
2022-10-07 14:04:10,466 INFO mapreduce.Job: Job job_local708270830_0002 completed successfully
2022-10-07 14:04:10,468 INFO mapreduce.Job: Counters: 30
        File System Counters
                FILE: Number of bytes read=45662
                FILE: Number of bytes written=2212861
                FILE: Number of read operations=0
                FILE: Number of large read operations=0
                FILE: Number of write operations=0
        Map-Reduce Framework
                Map input records=12
                Map output records=12
                Map output bytes=288
                Map output materialized bytes=318
                Input split bytes=111
                Combine input records=0
                Combine output records=0
                Reduce input groups=1
                Reduce shuffle bytes=318
                Reduce input records=12
                Reduce output records=1
                Spilled Records=24
                Shuffled Maps =1
                Failed Shuffles=0
                Merged Map outputs=1
                GC time elapsed (ms)=0
                Total committed heap usage (bytes)=636485632
        Shuffle Errors
                BAD_ID=0
                CONNECTION=0
                IO_ERROR=0
                WRONG_LENGTH=0
                WRONG_MAP=0
                WRONG_REDUCE=0
        File Input Format Counters
                Bytes Read=132
        File Output Format Counters
                Bytes Written=73
2022-10-07 14:04:10,480 WARN impl.MetricsSystemImpl: JobTracker metrics system already initialized!
2022-10-07 14:04:10,482 WARN mapreduce.JobResourceUploader: Hadoop command-line option parsing not performed. Implement the Tool interface and execute your application with ToolRunner to remedy this.
2022-10-07 14:04:10,486 INFO input.FileInputFormat: Total input files to process : 1
2022-10-07 14:04:10,487 INFO input.FileInputFormat: Total input files to process : 1
2022-10-07 14:04:10,489 INFO mapreduce.JobSubmitter: number of splits:2
2022-10-07 14:04:10,509 INFO mapreduce.JobSubmitter: Submitting tokens for job: job_local1689112108_0003
2022-10-07 14:04:10,509 INFO mapreduce.JobSubmitter: Executing with tokens: []
2022-10-07 14:04:10,542 INFO mapreduce.Job: The url to track the job: http://localhost:8080/
2022-10-07 14:04:10,542 INFO mapreduce.Job: Running job: job_local1689112108_0003
2022-10-07 14:04:10,542 INFO mapred.LocalJobRunner: OutputCommitter set in config null
2022-10-07 14:04:10,543 INFO output.FileOutputCommitter: File Output Committer Algorithm version is 2
2022-10-07 14:04:10,543 INFO output.FileOutputCommitter: FileOutputCommitter skip cleanup _temporary folders under output directory:false, ignore cleanup failures: false
2022-10-07 14:04:10,543 INFO mapred.LocalJobRunner: OutputCommitter is org.apache.hadoop.mapreduce.lib.output.FileOutputCommitter
2022-10-07 14:04:10,545 INFO mapred.LocalJobRunner: Waiting for map tasks
2022-10-07 14:04:10,545 INFO mapred.LocalJobRunner: Starting task: attempt_local1689112108_0003_m_000000_0
2022-10-07 14:04:10,546 INFO output.FileOutputCommitter: File Output Committer Algorithm version is 2
2022-10-07 14:04:10,546 INFO output.FileOutputCommitter: FileOutputCommitter skip cleanup _temporary folders under output directory:false, ignore cleanup failures: false
2022-10-07 14:04:10,546 INFO mapred.Task:  Using ResourceCalculatorProcessTree : [ ]
2022-10-07 14:04:10,547 INFO mapred.MapTask: Processing split: file:/home/axp3623/project2/left_tmp/part-r-00000:0+61
2022-10-07 14:04:10,600 INFO mapred.MapTask: (EQUATOR) 0 kvi 26214396(104857584)
2022-10-07 14:04:10,600 INFO mapred.MapTask: mapreduce.task.io.sort.mb: 100
2022-10-07 14:04:10,600 INFO mapred.MapTask: soft limit at 83886080
2022-10-07 14:04:10,600 INFO mapred.MapTask: bufstart = 0; bufvoid = 104857600
2022-10-07 14:04:10,600 INFO mapred.MapTask: kvstart = 26214396; length = 6553600
2022-10-07 14:04:10,603 INFO mapred.MapTask: Map output collector class = org.apache.hadoop.mapred.MapTask$MapOutputBuffer
2022-10-07 14:04:10,605 INFO mapred.MapTask: Starting flush of map output
2022-10-07 14:04:10,610 INFO mapred.LocalJobRunner: Starting task: attempt_local1689112108_0003_m_000001_0
2022-10-07 14:04:10,611 INFO output.FileOutputCommitter: File Output Committer Algorithm version is 2
2022-10-07 14:04:10,611 INFO output.FileOutputCommitter: FileOutputCommitter skip cleanup _temporary folders under output directory:false, ignore cleanup failures: false
2022-10-07 14:04:10,611 INFO mapred.Task:  Using ResourceCalculatorProcessTree : [ ]
2022-10-07 14:04:10,613 INFO mapred.MapTask: Processing split: file:/home/axp3623/project2/right_tmp/part-r-00000:0+61
2022-10-07 14:04:10,665 INFO mapred.MapTask: (EQUATOR) 0 kvi 26214396(104857584)
2022-10-07 14:04:10,665 INFO mapred.MapTask: mapreduce.task.io.sort.mb: 100
2022-10-07 14:04:10,665 INFO mapred.MapTask: soft limit at 83886080
2022-10-07 14:04:10,665 INFO mapred.MapTask: bufstart = 0; bufvoid = 104857600
2022-10-07 14:04:10,665 INFO mapred.MapTask: kvstart = 26214396; length = 6553600
2022-10-07 14:04:10,666 INFO mapred.MapTask: Map output collector class = org.apache.hadoop.mapred.MapTask$MapOutputBuffer
2022-10-07 14:04:10,667 INFO mapred.MapTask: Starting flush of map output
2022-10-07 14:04:10,669 INFO mapred.LocalJobRunner: map task executor complete.
2022-10-07 14:04:10,671 WARN mapred.LocalJobRunner: job_local1689112108_0003